=~=~=~=~=~=~=~=~=~=~=~= PuTTY log 2025.01.26 18:20:19 =~=~=~=~=~=~=~=~=~=~=~=
52.26   3.23

147.44   166.55
147.46   170.52
147.49   167.31   171.70
147.34   165.67
147.36   170.64
147.38   165.61
147.41   171.58
147.44   166.55
147.46   170.52
147.49   167.49
2.03   -2.45
2.06   1.28
2.08   -1.06
2.10   -2.81
2.13   4.01
2.15   -4.94
2.17   4.11
2.20   -0.94
2.22   -1.81
2.25   3.14
2.27   -4.81
2.29   3.21
2.32   -2.82
2.34   1.23
2.37   1.17
2.39   -1.77
2.42   3.17
2.44   -3.80
2.47   4.18
2.49   -3.81
2.51   4.20
2.54   -2.82
2.57   3.20
2.59   -3.81
2.61   2.24
2.64   -1.78
2.66   2.24
2.69   -0.80
2.71   0.23
2.74   -0.79
2.76   -0.75
2.79   1.22
2.81   -0.75
2.84   1.22
2.86   -2.75
2.89   3.23
2.91   -3.74
2.94   3.24
2.96   -3.75
2.98   4.23
3.01   -4.75
3.04   4.25
3.06   -4.73
3.09   4.27
3.11   -3.73
3.13   4.27
3.16   -4.73
3.18   4.28
3.21   -3.72
3.23   4.28
3.26   -3.72
3.28   3.28
3.31   -3.72
3.33   3.29
3.36   -2.72
3.38   2.29
3.41   -1.72
3.43   2.30
3.46   -1.71
3.48   1.31
3.51   -0.70
3.53   0.32
3.56   0.30
3.58   0.32
3.61   1.31
3.63   -0.68
3.66   1.31
3.68   -1.68
3.71   2.31
3.73   -2.67
3.76   2.32
3.78   -3.67
3.81   3.32
3.83   -3.67
3.86   3.32
3.88   -4.66
3.90   3.33
3.93   -4.65
3.95   4.34
3.98   -4.65
4.00   4.34
4.03   -4.65
4.05   4.34
4.08   -4.66
4.10   4.34
4.13   -4.65
4.15   4.35
4.18   -4.65
4.20   3.36
4.23   -3.64
4.25   3.36
4.28   -29.50
4.30   -130.44
4.33   -233.25
4.35   -313.13
4.38   -346.56
4.40   -358.87
4.43   -364.14
4.45   -367.41
4.48   -366.71
4.50   -365.06
4.53   -361.48
4.55   -356.97
4.58   -345.59
4.60   -187.84
4.63   14.24
4.65   39.93
4.68   38.55
4.70   43.18
4.73   38.80
4.75   42.45
4.78   39.08
4.80   40.74
4.83   38.38
4.85   39.05
4.88   38.71
4.90   38.39
4.93   38.05
4.95   36.74
4.97   37.42
5.00   35.12
5.02   37.82
5.05   34.53
5.07   37.23
5.10   33.95
5.12   37.66
5.15   32.39
5.17   37.11
5.20   31.85
5.22   37.58
5.25   30.32
5.27   37.06
5.30   29.81
5.32   36.56
5.35   29.32
5.37   37.07
5.40   27.84
5.42   36.60
5.45   27.37
5.47   36.14
5.50   26.92
5.52   35.70
5.55   26.48
5.57   35.26
5.60   26.05
5.62   34.84
5.65   25.63
5.67   34.43
5.70   25.23
5.72   33.03
5.75   24.83
5.77   33.64
5.80   25.45
5.82   32.26
5.84   25.07
5.87   31.89
5.90   24.71
5.92   30.54
5.95   25.36
5.97   30.19
5.99   26.01
6.02   28.85
6.04   25.67
6.07   28.51
6.09   25.34
6.12   27.19
6.14   26.02
6.17   26.87
6.19   25.71
6.22   25.56
6.24   26.40
6.27   25.26
6.29   26.11
6.32   23.97
6.34   26.82
6.37   22.68
6.39   26.53
6.42   22.40
6.44   27.25
6.47   22.12
6.49   26.98
6.52   20.85
6.54   27.71
6.57   20.59
6.59   27.45
6.62   19.33
6.64   27.20
6.67   19.08
6.69   26.95
6.72   18.83
6.74   27.71
6.76   18.59
6.79   27.47
6.82   18.35
6.84   27.24
6.86   18.12
6.89   27.01
6.92   17.90
6.94   26.79
6.97   17.68
6.99   26.57
7.01   17.46
7.04   25.36
7.06   17.25
7.09   25.15
7.11   18.04
7.14   23.94
7.16   17.84
7.19   23.74
7.21   18.64
7.24   23.54
7.26   18.44
7.29   22.35
7.31   18.25
7.34   22.16
7.36   19.06
7.39   21.97
7.41   18.88
7.44   20.79
7.46   19.69
7.49   20.61
7.51   19.52
7.54   19.43
7.56   19.34
7.59   19.26
7.61   21.17
7.64   18.09
7.66   21.00
7.69   17.92
7.71   20.83
7.74   16.76
7.76   21.67
7.78   15.60
7.81   21.51
7.84   15.44
7.86   21.35
7.88   15.28
7.91   22.20
7.93   15.13
7.96   22.05
7.99   13.98
8.01   21.90
8.03   13.83
8.06   22.75
8.08   13.68
8.11   22.61
8.13   13.53
8.16   22.46
8.18   13.39
8.21   22.32
8.23   13.25
8.26   22.18
8.28   13.11
8.31   22.05
8.33   12.98
8.36   20.91
8.38   12.85
8.41   21.78
8.43   12.71
8.46   20.65
8.48   13.59
8.51   20.52
8.53   13.46
8.56   19.40
8.58   13.33
8.61   19.27
8.63   14.21
8.66   18.15
8.68   14.09
8.71   18.03
8.73   14.97
8.76   16.92
8.78   14.85
8.81   16.80
8.83   15.74
8.85   15.69
8.88   16.63
8.90   15.57
8.93   16.51
8.95   14.46
8.98   17.40
9.01   14.35
9.03   17.29
9.05   13.24
9.08   18.19
9.10   12.14
9.13   18.08
9.15   12.03
9.18   17.98
9.20   10.93
9.23   18.88
9.25   10.83
9.28   18.77
9.30   10.73
9.33   18.67
9.35   10.63
9.38   18.58
9.40   9.53
9.43   19.48
9.45   9.43
9.48   19.38
9.50   10.34
9.53   19.29
9.55   10.24
9.58   18.20
9.60   10.15
9.63   18.10
9.65   10.06
9.68   18.01
9.70   9.97
9.73   17.92
9.75   10.88
9.77   16.84
9.80   11.79
9.82   16.75
9.85   11.70
9.88   15.66
9.90   12.62
9.92   14.58
9.95   12.53
9.97   14.50
10.00   13.45
10.02   13.41
10.05   13.37
10.07   13.33
10.10   13.29
10.12   13.25
10.15   14.21
10.17   12.17
10.20   14.13
10.22   12.09
10.25   14.05
10.27   12.01
10.30   14.97
10.32   11.93
10.35   14.89
10.37   10.86
10.40   14.82
10.42   10.78
10.45   15.74
10.47   10.71
10.50   15.67
10.52   9.63
10.55   15.59
10.57   9.56
10.60   15.52
10.62   9.49
10.65   15.45
10.67   9.42
10.70   16.38
10.72   9.35
10.75   16.31
10.77   8.28
10.80   16.24
10.82   8.21
10.85   16.17
10.87   8.14
10.90   16.10
10.92   8.07
10.94   17.04
10.97   8.00
11.00   16.97
11.02   6.94
11.05   16.90
11.07   7.87
11.10   16.84
11.12   7.81
11.15   16.77
11.17   7.74
11.19   15.71
11.22   7.68
11.24   15.65
11.27   7.62
11.29   15.59
11.32   7.55
11.34   15.52
11.37   7.49
11.39   15.46
11.42   8.43
11.44   15.40
11.47   8.37
11.49   15.34
11.52   8.31
11.54   14.29
11.57   8.26
11.59   14.23
11.62   9.20
11.64   13.17
11.67   9.14
11.69   13.12
11.72   10.09
11.74   13.06
11.77   10.03
11.79   12.01
11.82   10.98
11.84   11.95
11.87   10.92
11.89   10.90
11.92   10.87
11.94   10.85
11.97   10.82
11.99   10.80
12.02   11.77
12.04   9.75
12.07   11.72
12.09   9.69
12.11   12.67
12.14   8.64
12.17   12.62
12.19   8.59
12.22   13.57
12.24   7.54
12.27   13.52
12.29   7.49
12.31   13.47
12.34   6.45
12.36   14.42
12.39   6.40
12.41   14.37
12.44   6.35
12.46   14.32
12.49   5.30
12.51   14.28
12.54   6.25
12.56   14.23
12.59   6.21
12.61   14.18
12.64   5.16
12.66   14.14
12.69   5.11
12.71   14.09
12.74   5.07
12.76   14.05
12.79   6.02
12.81   14.00
12.84   5.98
12.86   13.96
12.89   5.93
12.91   12.91
12.94   5.89
12.96   12.87
12.99   6.85
13.01   12.83
13.04   6.80
13.06   12.78
13.09   7.76
13.11   11.74
13.14   7.72
13.16   11.70
13.19   8.68
13.21   10.66
13.24   8.64
13.26   9.62
13.28   9.60
13.31   8.58
13.34   10.56
13.36   8.54
13.38   11.52
13.41   8.50
13.43   11.48
13.46   7.46
13.48   11.44
13.51   7.42
13.53   12.40
13.56   6.38
13.58   12.36
13.61   6.35
13.63   12.33
13.66   5.31
13.68   13.29
13.71   5.27
13.73   13.25
13.76   5.23
13.78   13.21
13.81   4.20
13.83   13.18
13.86   4.16
13.88   14.14
13.91   4.12
13.93   14.10
13.96   4.09
13.98   14.07
14.01   5.05
14.03   13.03
14.06   5.01
14.08   14.00
14.11   3.98
14.13   12.96
14.16   4.94
14.18   12.93
14.21   4.91
14.23   12.89
14.26   5.87
14.28   11.86
14.31   5.84
14.33   11.82
14.35   5.80
14.38   10.79
14.40   6.77
14.43   10.75
14.45   6.74
14.48   10.72
14.50   7.70
14.53   9.69
14.55   8.67
14.58   8.66
14.60   8.64
14.63   8.62
14.65   9.61
14.68   7.59
14.70   9.57
14.73   6.56
14.75   10.54
14.78   5.53
14.80   11.51
14.83   5.50
14.85   11.48
14.88   4.47
14.90   11.45
14.93   4.44
14.95   12.42
14.98   4.40
15.00   12.39
15.03   4.37
15.05   12.36
15.08   4.34
15.10   12.33
15.13   3.31
15.15   12.30
15.18   3.28
15.20   12.27
15.23   3.25
15.25   12.24
15.28   4.22
15.30   12.21
15.32   3.19
15.35   12.18
15.38   3.17
15.40   12.15
15.43   4.14
15.45   12.12
15.47   4.11
15.50   11.10
15.52   4.08
15.55   11.07
15.57   5.05
15.60   11.04
15.62   5.02
15.65   10.01
15.67   5.00
15.70   9.98
15.72   5.97
15.75   8.96
15.77   6.94
15.80   7.93
15.82   7.92
15.85   7.90
15.87   7.89
15.90   6.88
15.92   8.86
15.95   5.85
15.97   9.84
16.00   4.83
16.02   9.81
16.05   4.80
16.07   10.79
16.10   4.77
16.12   11.76
16.15   3.75
16.17   10.73
16.19   3.72
16.22   11.71
16.25   3.70
16.27   11.68
16.29   3.67
16.32   11.66
16.34   2.65
16.37   11.63
16.39   2.62
16.42   11.61
16.44   2.60
16.47   11.58
16.49   2.57
16.52   11.56
16.54   2.55
16.57   11.54
16.59   2.52
16.62   11.51
16.64   2.50
16.67   11.49
16.69   3.48
16.72   11.46
16.74   3.45
16.77   10.44
16.79   3.43
16.82   10.42
16.84   4.41
16.87   10.39
16.89   4.38
16.92   9.37
16.94   5.36
16.97   8.35
16.99   6.34
17.02   8.33
17.04   6.31
17.07   7.30
17.09   7.29
17.12   6.28
17.14   8.27
17.17   5.26
17.19   8.25
17.21   5.24
17.24   9.22
17.26   5.22
17.29   9.20
17.31   4.19
17.34   10.18
17.36   3.17
17.39   10.16
17.42   3.15
17.44   10.14
17.46   3.13
17.49   11.12
17.51   3.11
17.54   11.10
17.56   3.09
17.59   11.08
17.61   2.07
17.64   11.05
17.66   2.04
17.69   11.03
17.71   2.02
17.74   11.01
17.76   2.00
17.79   10.99
17.81   1.98
17.84   10.97
17.86   1.96
17.89   10.95
17.91   1.94
17.94   10.93
17.96   2.92
17.99   9.91
18.01   2.90
18.04   9.89
18.06   3.88
18.09   8.87
18.11   3.86
18.14   8.86
18.16   4.84
18.19   7.84
18.21   4.83
18.23   7.82
18.26   5.81
18.28   6.80
18.31   7.79
18.33   2.78
18.36   10.77
18.38   2.76
18.41   8.75
18.43   -4.25
18.45   -100.16
18.48   -207.88
18.50   -300.46
18.53   -341.96
18.55   -360.42
18.57   -369.87
18.60   -376.31
18.62   -379.74
18.65   -380.18
18.67   -378.61
18.70   -370.06
18.72   -242.57
18.75   -4.53
18.77   2.46
18.80   14.45
18.82   10.43
18.84   11.42
18.87   15.40
18.89   7.38
18.92   16.36
18.94   9.34
18.96   12.33
18.99   14.31
19.01   8.29
19.04   17.27
19.06   8.26
19.08   14.24
19.11   13.22
19.13   9.21
19.16   16.19
19.18   7.17
19.20   15.16
19.23   11.14
19.25   10.12
19.28   16.11
19.30   7.09
19.32   16.07
19.35   10.06
19.37   12.04
19.40   15.02
19.42   8.01
19.44   15.99
19.47   7.97
19.49   12.96
19.52   12.94
19.54   7.92
19.57   16.91
19.59   7.89
19.61   13.88
19.64   11.86
19.66   8.84
19.69   15.83
19.71   6.81
19.73   14.80
19.76   10.78
19.78   10.77
19.81   14.75
19.83   6.73
19.85   15.72
19.88   8.70
19.90   11.69
19.93   13.67
19.95   7.66
19.98   15.64
20.00   7.62
20.02   12.61
20.05   12.59
20.07   8.58
20.10   15.56
20.12   7.55
20.14   13.53
20.17   11.52
20.19   8.50
20.22   15.49
20.24   6.47
20.26   15.46
20.29   9.44
20.31   10.43
20.34   14.41
20.36   6.40
20.38   15.38
20.41   8.37
20.43   11.36
20.46   13.34
20.48   7.33
20.50   15.31
20.53   7.30
20.55   13.28
20.58   12.27
20.60   8.25
20.62   15.24
20.65   7.22
20.67   14.21
20.70   10.20
20.72   9.18
20.75   15.17
20.77   7.15
20.79   15.14
20.82   9.13
20.84   11.11
20.87   13.10
20.89   7.08
20.92   15.07
20.94   6.06
20.96   14.04
20.99   8.03
21.01   11.01
21.04   12.00
21.06   7.99
21.08   14.97
21.11   5.96
21.13   14.94
21.16   7.93
21.18   11.92
21.21   11.90
21.23   7.89
21.25   14.88
21.28   5.86
21.30   14.85
21.33   6.84
21.35   12.82
21.38   10.81
21.40   8.80
21.42   13.78
21.45   6.77
21.47   14.76
21.50   6.74
21.52   13.73
21.55   9.72
21.57   9.70
21.59   13.69
21.62   5.68
21.64   14.67
21.67   6.65
21.69   13.64
21.72   9.63
21.74   9.61
21.76   12.60
21.79   5.59
21.81   14.58
21.84   5.56
21.86   14.55
21.89   7.54
21.91   10.53
21.93   12.51
21.96   6.50
21.98   14.49
22.01   5.48
22.03   14.46
22.06   7.45
22.08   11.44
22.10   11.43
22.13   7.41
22.15   14.40
22.18   5.39
22.20   14.38
22.23   7.36
22.25   11.35
22.27   10.34
22.30   7.33
22.32   13.32
22.35   5.30
22.37   14.29
22.40   6.28
22.42   12.27
22.44   9.26
22.47   8.25
22.49   13.23
22.52   5.22
22.54   14.21
22.57   6.20
22.59   13.19
22.62   8.17
22.64   9.16
22.66   12.15
22.69   5.14
22.71   14.13
22.74   5.12
22.76   13.11
22.79   8.09
22.81   10.08
22.83   12.07
22.86   6.06
22.88   14.05
22.91   5.04
22.93   13.03
22.96   7.01
22.98   10.00
23.00   10.99
23.03   5.98
23.05   13.97
23.08   4.96
23.10   13.95
23.13   5.94
23.15   10.93
23.17   9.91
23.20   6.90
23.22   12.89
23.25   4.88
23.27   13.87
23.30   5.86
23.32   11.85
23.34   9.84
23.37   6.83
23.39   12.82
23.42   4.81
23.44   13.80
23.46   5.78
23.49   11.77
23.51   8.76
23.54   7.75
23.56   12.74
23.59   4.73
23.61   13.72
23.63   4.71
23.66   12.70
23.68   7.69
23.71   8.68
23.73   11.67
23.76   5.66
23.78   13.65
23.80   4.64
23.83   12.63
23.85   6.62
23.88   9.61
23.90   11.60
23.93   5.59
23.95   13.57
23.97   4.56
24.00   13.55
24.02   6.54
24.05   10.53
24.07   10.52
24.10   6.51
24.12   13.50
24.14   4.49
24.17   13.48
24.19   5.47
24.22   11.46
24.24   9.45
24.27   6.44
24.29   12.43
24.31   4.42
24.34   13.41
24.36   5.40
24.39   11.39
24.41   8.38
24.44   7.38
24.46   12.36
24.48   4.36
24.51   13.35
24.53   4.34
24.56   12.33
24.58   7.32
24.61   8.31
24.63   11.30
24.65   5.29
24.68   13.28
24.70   4.27
24.73   13.26
24.75   6.25
24.78   9.24
24.80   10.23
24.82   5.22
24.85   13.21
24.87   4.20
24.90   13.19
24.92   5.18
24.95   10.17
24.97   9.16
25.00   6.16
25.02   12.15
25.04   4.14
25.07   13.13
25.09   5.12
25.12   11.11
25.14   8.10
25.17   7.09
25.19   12.08
25.21   4.07
25.24   13.06
25.26   5.05
25.29   11.04
25.31   8.03
25.33   7.03
25.36   12.02
25.38   4.01
25.41   13.00
25.43   3.99
25.46   11.98
25.48   6.97
25.50   7.96
25.53   10.95
25.55   4.95
25.58   12.94
25.60   3.93
25.63   11.92
25.65   5.91
25.67   8.90
25.70   9.89
25.72   4.89
25.75   12.88
25.77   3.87
25.80   11.86
25.82   5.85
25.85   8.84
25.87   9.83
25.89   4.82
25.92   11.82
25.94   3.81
25.97   12.80
25.99   4.79
26.02   9.78
26.04   8.77
26.06   5.77
26.09   11.76
26.11   2.75
26.14   12.74
26.16   4.73
26.19   10.72
26.21   7.71
26.23   6.71
26.26   11.70
26.28   3.69
26.31   12.68
26.33   3.67
26.36   10.67
26.38   6.66
26.40   7.65
26.43   10.64
26.45   3.63
26.48   12.62
26.50   3.62
26.53   11.61
26.55   5.60
26.57   8.59
26.60   9.58
26.62   4.58
26.65   12.57
26.67   3.56
26.70   12.55
26.72   5.54
26.74   9.54
26.77   9.53
26.79   4.52
26.82   12.51
26.84   3.51
26.87   11.50
26.89   4.49
26.91   9.48
26.94   8.47
26.96   5.47
26.99   11.46
27.01   3.45
27.04   12.44
27.06   4.44
27.08   10.43
27.11   7.42
27.13   5.41
27.16   11.40
27.18   3.40
27.21   12.39
27.23   3.38
27.25   11.38
27.28   6.37
27.30   7.36
27.33   10.35
27.35   4.35
27.38   12.34
27.40   3.33
27.42   11.32
27.45   5.31
27.47   8.31
27.50   10.30
27.52   4.29
27.55   12.28
27.57   3.28
27.59   11.27
27.62   4.26
27.64   8.26
27.67   9.25
27.69   4.24
27.72   12.23
27.74   3.23
27.76   12.22
27.79   4.21
27.81   9.20
27.84   8.20
27.86   5.19
27.89   11.18
27.91   3.18
27.93   12.17
27.96   3.16
27.98   10.15
28.01   7.15
28.03   6.14
28.06   11.13
28.08   3.13
28.10   12.12
28.13   3.11
28.15   11.10
28.18   6.10
28.20   7.09
28.23   10.08
28.25   4.08
28.27   11.07
28.30   3.06
28.32   11.05
28.35   5.05
28.37   7.04
28.40   9.03
28.42   4.03
28.44   12.02
28.47   3.01
28.49   11.01
28.52   5.00
28.54   8.99
28.57   8.99
28.59   3.98
28.61   10.97
28.64   2.97
28.66   11.96
28.69   3.95
28.71   9.95
28.74   6.94
28.76   4.93
28.78   10.92
28.81   2.92
28.83   11.91
28.86   2.90
28.88   9.90
28.91   5.89
28.93   5.89
28.95   9.88
28.98   2.87
29.00   11.87
29.03   2.86
29.05   10.85
29.08   4.85
29.10   6.84
29.12   8.83
29.15   2.83
29.17   11.82
29.20   2.81
29.22   10.81
29.25   4.80
29.27   7.79
29.29   7.79
29.32   3.78
29.34   10.78
29.37   2.77
29.39   10.76
29.42   3.76
29.44   9.75
29.47   6.74
29.49   4.74
29.51   10.73
29.54   2.72
29.56   11.72
29.59   2.71
29.61   9.71
29.64   6.70
29.66   5.69
29.68   9.69
29.71   2.68
29.73   11.67
29.76   2.67
29.78   10.66
29.81   4.66
29.83   6.65
29.85   8.64
29.88   3.64
29.90   11.63
29.93   1.62
29.95   10.62
29.98   3.61
30.00   7.61
30.02   7.60
30.05   3.59
30.07   11.59
30.10   2.58
30.12   10.58
30.15   3.57
30.17   8.56
30.19   7.56
30.22   4.55
30.24   10.55
30.27   1.54
30.29   11.53
30.32   2.53
30.34   9.52
30.36   6.51
30.39   5.51
30.41   10.50
30.44   2.50
30.46   11.49
30.49   2.49
30.51   10.48
30.53   5.47
30.56   6.47
30.58   9.46
30.61   3.46
30.63   11.45
30.66   2.44
30.68   10.44
30.70   4.43
30.73   7.43
30.75   8.42
30.78   3.42
30.80   11.41
30.83   1.40
30.85   11.40
30.87   3.39
30.90   8.39
30.92   7.38
30.95   4.37
30.97   10.37
31.00   2.36
31.02   11.36
31.04   3.35
31.07   8.35
31.09   6.34
31.12   4.34
31.14   9.33
31.17   2.32
31.19   11.32
31.21   2.31
31.24   10.31
31.26   5.30
31.29   5.30
31.31   9.29
31.34   3.28
31.36   11.28
31.38   2.27
31.41   10.27
31.43   4.26
31.46   7.26
31.48   8.25
31.51   3.25
31.53   11.24
31.55   1.24
31.58   10.23
31.60   4.22
31.63   8.22
31.65   7.21
31.68   4.21
31.70   10.20
31.72   1.20
31.75   11.19
31.77   2.19
31.80   9.18
31.82   6.18
31.85   5.17
31.87   9.17
31.90   2.16
31.92   11.15
31.94   1.15
31.97   10.14
31.99   4.14
32.02   6.13
32.04   8.13
32.07   3.12
32.09   10.12
32.11   1.11
32.14   10.11
32.16   4.10
32.19   7.10
32.21   8.09
32.24   3.09
32.26   10.08
32.28   2.08
32.31   10.07
32.33   3.07
32.36   8.06
32.38   6.06
32.41   4.05
32.43   10.05
32.46   2.04
32.48   11.04
32.50   2.03
32.53   9.03
32.55   4.02
32.58   -23.97
32.60   -134.89
32.63   -241.72
32.65   -314.48
32.67   -349.21
32.70   -362.92
32.72   -372.62
32.75   -377.32
32.77   -380.02
32.80   -379.71
32.82   -377.41
32.85   -361.12
32.87   -126.93
32.90   -0.92
32.92   7.08
32.95   8.07
32.97   12.06
32.99   5.05
33.02   14.05
33.04   5.04
33.07   13.03
33.09   8.02
33.12   9.02
33.14   12.01
33.16   6.00
33.19   13.99
33.21   4.99
33.24   12.98
33.26   6.97
33.29   9.96
33.31   11.96
33.33   5.95
33.36   13.94
33.38   4.94
33.41   12.93
33.43   5.92
33.46   9.91
33.48   10.91
33.51   6.90
33.53   12.89
33.55   4.88
33.58   13.88
33.60   5.87
33.63   11.86
33.65   8.85
33.68   6.85
33.70   12.84
33.72   4.83
33.75   13.83
33.77   5.82
33.80   11.81
33.82   8.81
33.85   7.80
33.87   12.79
33.89   4.78
33.92   13.78
33.94   4.77
33.97   12.76
33.99   6.76
34.02   8.75
34.04   10.74
34.06   5.74
34.09   12.73
34.11   4.72
34.14   12.71
34.16   6.71
34.19   9.70
34.21   9.69
34.23   8.69
34.26   9.68
34.28   6.67
34.31   10.67
34.33   6.66
34.36   11.65
34.38   6.65
34.41   11.64
34.43   5.63
34.46   11.62
3