=~=~=~=~=~=~=~=~=~=~=~= PuTTY log 2025.01.26 17:55:41 =~=~=~=~=~=~=~=~=~=~=~=
47.97   -381.79
73   330.75
226.75   335.71
226.78   330.67
226.80   335.63
226.83   329.60
226.85   336.56
226.88   329.52
2.02   -1.88
2.05   0.98
2.07   0.68
2.10   -4.04
2.12   3.88
2.15   -4.09
2.17   2.02
2.19   0.92
2.22   -2.98
2.24   3.96
2.27   -4.03
2.29   3.01
2.31   -1.05
2.34   0.03
2.36   1.97
2.39   -2.97
2.41   4.00
2.44   -4.97
2.46   4.03
2.49   -3.98
2.51   3.04
2.53   -2.99
2.56   2.05
2.58   -0.98
2.61   1.06
2.63   0.03
2.66   0.06
2.68   1.03
2.71   -0.93
2.73   2.04
2.76   -1.93
2.78   2.05
2.81   -2.92
2.83   3.06
2.86   -3.91
2.88   4.08
2.91   -4.91
2.93   4.08
2.96   -4.90
2.98   4.09
3.01   -4.90
3.03   4.11
3.05   -3.89
3.08   4.12
3.10   -3.88
3.13   3.13
3.15   -2.87
3.18   2.14
3.20   -2.86
3.23   2.16
3.25   -1.85
3.28   1.17
3.30   -0.84
3.33   1.18
3.35   -0.84
3.38   0.18
3.40   0.17
3.43   -0.81
3.45   1.18
3.48   -1.80
3.50   2.19
3.53   -2.79
3.55   2.20
3.58   -2.79
3.60   3.21
3.63   -3.78
3.65   3.22
3.68   -3.77
3.70   3.23
3.73   -4.76
3.75   4.24
3.77   -4.76
3.80   4.24
3.82   -4.75
3.85   4.25
3.87   -4.75
3.90   4.25
3.92   -4.74
3.95   4.26
3.97   -4.74
4.00   3.27
4.02   -4.73
4.05   3.27
4.07   -3.73
4.10   2.28
4.12   -3.73
4.15   2.28
4.17   -2.72
4.20   1.29
4.22   -1.72
4.25   1.30
4.27   -1.71
4.30   0.30
4.32   -0.71
4.34   -0.69
4.37   0.30
4.40   -1.69
4.42   1.31
4.45   -2.68
4.47   1.31
4.50   -2.67
4.52   2.32
4.54   -3.67
4.57   3.33
4.59   -3.66
4.62   3.33
4.64   -4.66
4.67   4.34
4.69   -4.65
4.72   4.35
4.74   -4.65
4.77   4.35
4.79   -4.64
4.82   4.36
4.84   -4.64
4.87   3.37
4.89   -4.63
4.92   3.37
4.94   -3.63
4.97   3.38
4.99   -3.63
5.02   2.38
5.04   -3.62
5.07   2.39
5.09   -2.62
5.11   1.39
5.14   -1.61
5.17   1.40
5.19   -1.61
5.22   0.40
5.24   -0.60
5.26   -0.59
5.29   0.41
5.31   -1.58
5.34   1.41
5.36   -2.58
5.39   1.42
5.41   -2.57
5.44   2.43
5.46   -3.57
5.49   2.43
5.51   -3.56
5.54   2.44
5.56   -4.55
5.59   3.44
5.61   -4.55
5.64   3.45
5.66   -4.54
5.69   3.46
5.71   -5.54
5.74   3.46
5.76   -4.53
5.79   4.47
5.81   -4.53
5.84   3.47
5.86   -4.52
5.89   3.48
5.91   -3.52
5.94   3.49
5.96   -3.51
5.99   2.49
6.01   -2.51
6.03   1.50
6.06   -2.50
6.08   1.50
6.11   -1.50
6.13   0.51
6.16   -0.49
6.18   -0.49
6.21   0.51
6.23   -1.48
6.26   0.51
6.28   -1.48
6.31   1.52
6.33   -2.47
6.36   2.52
6.38   -2.47
6.41   2.53
6.43   -3.47
6.46   2.53
6.48   -4.46
6.51   3.53
6.53   -4.46
6.56   3.54
6.58   -4.46
6.61   4.54
6.63   -4.46
6.66   4.54
6.68   -4.45
6.71   4.55
6.73   -4.45
6.76   3.56
6.78   -4.44
6.80   3.56
6.83   -4.44
6.85   3.57
6.88   -4.43
6.90   3.57
6.93   -3.43
6.95   2.57
6.98   -2.43
7.00   1.58
7.03   -1.42
7.05   0.59
7.08   -0.42
7.10   0.59
7.13   -0.41
7.15   -0.41
7.18   0.59
7.20   -1.40
7.23   1.60
7.25   -2.40
7.28   1.60
7.30   -2.39
7.33   2.61
7.35   -3.39
7.38   3.61
7.40   -3.38
7.43   3.62
7.45   -24.34
7.48   -151.89
7.50   -302.67
7.53   -348.14
7.55   -367.52
7.57   -375.85
7.60   -379.17
7.63   -379.49
7.65   -378.83
7.67   -370.19
7.70   -347.63
7.73   -45.05
7.75   4.93
7.78   18.87
7.80   10.81
7.82   19.75
7.85   10.68
7.87   19.62
7.90   10.56
7.92   19.49
7.95   10.43
7.97   19.37
8.00   10.31
8.02   18.25
8.05   11.19
8.07   18.13
8.10   11.07
8.12   18.02
8.15   10.95
8.17   16.90
8.20   11.84
8.22   16.79
8.25   11.73
8.27   15.68
8.30   11.62
8.32   15.57
8.35   12.51
8.37   14.46
8.40   13.41
8.42   14.36
8.44   13.30
8.47   13.26
8.50   14.20
8.52   13.15
8.55   14.10
8.57   12.05
8.60   15.00
8.62   10.96
8.65   14.90
8.67   10.86
8.69   15.81
8.72   10.76
8.74   15.71
8.77   9.67
8.80   15.62
8.82   9.58
8.84   16.53
8.87   8.49
8.89   16.44
8.92   8.40
8.94   16.35
8.97   8.31
8.99   16.27
9.02   7.23
9.04   17.18
9.07   8.14
9.09   16.10
9.12   8.06
9.14   16.02
9.17   7.98
9.19   15.94
9.22   7.90
9.24   14.86
9.27   8.82
9.29   14.78
9.32   8.74
9.34   13.70
9.37   9.66
9.39   13.62
9.42   10.58
9.44   13.55
9.47   10.51
9.49   12.48
9.52   10.44
9.54   11.40
9.56   11.36
9.59   11.33
9.61   11.29
9.64   10.26
9.66   12.22
9.69   10.19
9.71   12.15
9.74   9.12
9.76   13.08
9.79   9.05
9.81   14.01
9.84   7.98
9.86   13.95
9.89   7.91
9.91   13.88
9.94   6.85
9.96   14.81
9.99   6.78
10.01   14.75
10.04   6.72
10.06   14.69
10.09   5.65
10.11   14.62
10.14   6.59
10.16   14.56
10.19   5.53
10.21   14.50
10.24   6.47
10.26   14.44
10.29   5.41
10.31   14.38
10.34   6.35
10.36   14.32
10.39   6.29
10.41   14.26
10.44   6.23
10.46   14.20
10.48   6.17
10.51   14.14
10.53   6.12
10.56   13.09
10.59   6.06
10.61   13.03
10.64   7.00
10.66   12.98
10.69   6.95
10.71   11.92
10.73   7.90
10.76   11.87
10.78   7.84
10.81   11.82
10.83   7.79
10.86   10.77
10.88   8.74
10.91   10.71
10.93   8.69
10.96   9.66
10.98   9.64
11.01   8.61
11.03   10.59
11.06   8.56
11.08   10.54
11.11   8.51
11.13   10.49
11.16   7.46
11.18   10.44
11.21   7.42
11.23   11.39
11.26   7.37
11.28   11.34
11.31   6.32
11.33   12.30
11.36   6.27
11.38   12.25
11.41   6.23
11.43   12.20
11.46   6.18
11.48   12.16
11.51   5.14
11.53   12.11
11.56   5.09
11.58   13.07
11.61   5.05
11.63   13.02
11.66   4.00
11.68   12.98
11.71   3.96
11.73   12.94
11.76   3.92
11.78   12.89
11.81   3.87
11.83   12.85
11.85   3.83
11.88   12.81
11.90   3.79
11.93   12.77
11.95   4.75
11.98   12.73
12.00   4.71
12.03   11.69
12.05   4.67
12.08   11.65
12.10   5.63
12.13   11.61
12.15   5.59
12.18   10.57
12.20   6.55
12.23   10.53
12.25   6.51
12.28   9.49
12.30   7.47
12.33   8.45
12.35   7.43
12.38   8.42
12.40   8.39
12.43   7.38
12.45   9.36
12.48   6.34
12.50   9.32
12.53   6.30
12.55   10.28
12.58   6.27
12.60   10.25
12.63   5.23
12.65   11.21
12.68   5.20
12.70   11.18
12.73   4.16
12.75   11.14
12.77   3.13
12.80   12.11
12.82   4.09
12.85   12.07
12.87   3.06
12.90   12.04
12.92   3.02
12.95   12.00
12.97   2.99
13.00   11.97
13.02   2.95
13.05   11.94
13.07   2.92
13.10   11.90
13.12   2.89
13.15   11.87
13.17   3.85
13.20   11.84
13.22   2.82
13.25   10.81
13.27   2.79
13.30   9.78
13.32   3.76
13.35   9.75
13.37   4.73
13.40   9.72
13.42   5.70
13.45   8.69
13.47   5.67
13.50   8.66
13.52   6.64
13.55   7.63
13.57   6.61
13.60   6.60
13.62   8.58
13.65   6.57
13.67   8.55
13.69   5.54
13.72   9.52
13.75   4.51
13.77   9.49
13.80   4.48
13.82   10.46
13.84   4.45
13.87   10.44
13.89   3.42
13.92   10.41
13.94   2.39
13.97   11.38
13.99   3.37
14.02   11.35
14.04   2.34
14.07   11.32
14.09   3.31
14.12   11.29
14.14   2.28
14.17   11.27
14.19   2.25
14.22   11.24
14.24   2.23
14.27   11.21
14.29   3.20
14.32   11.19
14.34   2.17
14.37   11.16
14.39   2.15
14.42   10.13
14.44   3.12
14.47   10.11
14.49   3.09
14.52   10.08
14.54   4.07
14.57   9.06
14.59   4.04
14.61   9.03
14.64   5.02
14.67   8.01
14.69   4.99
14.71   6.98
14.74   5.97
14.77   6.96
14.79   6.94
14.81   5.93
14.84   6.92
14.86   4.91
14.89   6.90
14.91   3.89
14.94   8.87
14.96   3.86
14.99   8.85
15.01   2.84
15.04   9.83
15.06   2.82
15.09   9.80
15.11   1.79
15.14   9.78
15.16   1.77
15.19   10.76
15.21   1.75
15.24   10.74
15.26   1.72
15.29   10.71
15.31   1.70
15.34   10.69
15.36   1.68
15.39   10.67
15.41   1.66
15.44   10.65
15.46   1.63
15.48   10.62
15.51   1.61
15.54   9.60
15.56   2.59
15.59   9.58
15.61   3.57
15.64   9.56
15.66   3.55
15.68   8.54
15.71   3.52
15.73   8.52
15.76   4.50
15.78   7.49
15.81   5.48
15.83   7.47
15.86   5.46
15.88   6.45
15.91   6.44
15.93   5.43
15.96   7.42
15.98   4.41
16.01   8.40
16.03   3.39
16.06   8.38
16.08   3.37
16.11   9.36
16.13   2.35
16.16   9.34
16.18   2.33
16.21   9.32
16.23   1.31
16.26   10.30
16.28   2.29
16.31   10.28
16.33   1.27
16.36   10.26
16.38   1.25
16.40   10.24
16.43   1.23
16.45   10.22
16.48   1.21
16.50   10.20
16.53   1.19
16.55   10.18
16.58   1.17
16.60   10.16
16.63   1.15
16.65   10.14
16.68   2.13
16.70   9.13
16.73   2.12
16.75   9.11
16.78   2.10
16.80   8.09
16.83   3.08
16.85   8.07
16.88   3.06
16.90   8.05
16.93   4.04
16.95   7.04
16.98   5.03
17.00   6.02
17.03   5.01
17.05   5.00
17.08   5.99
17.10   4.98
17.13   6.97
17.15   3.97
17.18   6.96
17.20   2.95
17.23   7.94
17.25   2.93
17.27   8.92
17.30   1.92
17.33   8.91
17.35   0.90
17.37   8.89
17.40   0.88
17.42   8.88
17.45   0.87
17.47   8.86
17.50   0.85
17.52   9.84
17.55   0.84
17.57   9.83
17.60   -0.18
17.62   9.81
17.65   0.80
17.67   8.80
17.70   0.79
17.72   8.78
17.75   0.77
17.77   8.77
17.80   1.76
17.82   7.75
17.85   1.74
17.87   6.74
17.90   2.73
17.92   6.72
17.95   3.71
17.97   5.71
18.00   4.70
18.02   5.69
18.04   4.68
18.07   4.68
18.10   5.67
18.12   3.66
18.14   6.65
18.17   2.65
18.19   6.64
18.22   2.63
18.25   7.62
18.27   1.62
18.29   8.61
18.32   -0.40
18.34   8.60
18.37   3.59
18.39   3.58
18.41   7.57
18.44   0.57
18.46   8.56
18.49   2.55
18.51   4.55
18.53   7.54
18.56   0.53
18.58   9.52
18.61   1.52
18.63   5.51
18.65   6.50
18.68   1.50
18.70   9.49
18.73   1.48
18.75   6.47
18.77   5.47
18.80   1.46
18.82   -11.53
18.85   -155.39
18.87   -294.00
18.89   -342.51
18.92   -363.98
18.94   -373.44
18.97   -378.88
18.99   -380.33
19.02   -380.77
19.04   -374.22
19.07   -358.69
19.09   -89.41
19.12   -1.40
19.14   10.59
19.16   10.57
19.19   6.56
19.21   14.54
19.24   6.53
19.26   13.51
19.28   9.50
19.31   7.48
19.33   14.47
19.36   5.46
19.38   13.44
19.40   8.43
19.43   8.41
19.45   13.40
19.48   5.39
19.50   14.37
19.52   7.36
19.55   10.34
19.57   12.33
19.60   6.32
19.62   14.30
19.64   6.29
19.67   11.28
19.69   10.26
19.72   6.25
19.74   14.23
19.77   5.22
19.79   12.21
19.81   9.19
19.84   8.18
19.86   13.17
19.89   5.16
19.91   13.14
19.93   7.13
19.96   9.12
19.98   12.10
20.01   5.09
20.03   14.08
20.05   6.07
20.08   10.05
20.10   11.04
20.13   6.03
20.15   13.01
20.17   5.00
20.20   10.99
20.22   9.98
20.25   5.97
20.27   13.95
20.29   4.94
20.32   11.93
20.34   8.92
20.37   7.90
20.39   12.89
20.42   4.88
20.44   12.87
20.46   6.85
20.49   8.84
20.51   11.83
20.54   4.82
20.56   13.81
20.58   5.79
20.61   9.78
20.63   10.77
20.66   4.76
20.68   13.75
20.70   4.74
20.73   10.73
20.75   9.71
20.78   5.70
20.80   12.69
20.82   4.68
20.85   12.67
20.87   5.65
20.90   10.64
20.92   9.63
20.95   6.62
20.97   12.61
21.00   4.60
21.02   13.58
21.04   5.57
21.07   11.56
21.09   8.55
21.12   7.54
21.14   11.53
21.17   4.52
21.19   13.50
21.21   4.49
21.24   12.48
21.26   7.47
21.29   7.46
21.31   11.45
21.34   5.44
21.36   13.43
21.38   4.41
21.41   12.40
21.43   6.39
21.46   9.38
21.48   9.37
21.51   6.36
21.53   12.35
21.55   4.34
21.58   13.32
21.60   5.31
21.63   11.30
21.65   8.29
21.68   6.28
21.70   11.27
21.72   4.26
21.75   12.25
21.77   4.24
21.80   12.23
21.82   7.22
21.85   9.21
21.87   11.19
21.89   5.18
21.92   12.17
21.94   4.16
21.97   13.15
21.99   5.14
22.02   10.13
22.04   9.12
22.06   6.11
22.09   12.10
22.11   3.09
22.14   12.08
22.16   4.07
22.19   11.06
22.21   7.05
22.24   8.04
22.26   11.03
22.28   5.02
22.31   13.01
22.33   4.00
22.36   11.99
22.38   5.98
22.41   8.97
22.43   8.96
22.45   4.95
22.48   11.94
22.50   3.93
22.53   11.92
22.55   3.91
22.58   10.90
22.60   6.89
22.62   7.88
22.65   9.87
22.67   4.86
22.70   12.85
22.72   3.84
22.75   11.83
22.77   5.82
22.79   7.81
22.82   8.80
22.84   4.79
22.87   11.78
22.89   2.77
22.92   11.76
22.94   3.76
22.97   10.75
22.99   5.74
23.01   7.73
23.04   8.72
23.06   4.71
23.09   12.70
23.11   3.69
23.14   12.68
23.16   3.67
23.18   9.66
23.21   7.65
23.23   5.65
23.26   9.64
23.28   3.63
23.31   11.62
23.33   2.61
23.36   11.60
23.38   4.59
23.40   9.58
23.43   7.57
23.45   5.57
23.48   10.56
23.50   3.55
23.53   12.54
23.55   3.53
23.57   11.52
23.60   5.51
23.62   7.50
23.65   7.49
23.67   4.49
23.70   10.48
23.72   2.47
23.75   12.46
23.77   3.45
23.79   10.44
23.82   5.43
23.84   7.43
23.87   9.42
23.89   3.41
23.92   12.40
23.94   2.39
23.96   11.38
23.99   4.37
24.01   9.37
24.04   7.36
24.06   5.35
24.09   10.34
24.11   3.33
24.14   11.33
24.16   3.32
24.18   11.31
24.21   5.30
24.23   8.29
24.26   8.28
24.28   4.28
24.31   11.27
24.33   2.26
24.35   11.25
24.38   4.24
24.40   10.24
24.43   6.23
24.45   6.22
24.48   10.21
24.50   3.20
24.52   12.19
24.55   2.19
24.57   11.18
24.60   5.17
24.62   8.16
24.65   8.15
24.67   5.15
24.69   11.14
24.72   3.13
24.74   11.12
24.77   3.11
24.79   9.11
24.82   6.10
24.84   6.09
24.87   9.08
24.89   3.07
24.92   12.07
24.94   3.06
24.96   11.05
24.99   4.04
25.01   8.04
25.04   8.03
25.06   4.02
25.08   11.01
25.11   3.00
25.13   11.00
25.16   2.99
25.18   8.98
25.21   5.97
25.23   5.97
25.25   8.96
25.28   2.95
25.30   10.94
25.33   2.94
25.35   10.93
25.38   3.92
25.40   7.91
25.43   6.91
25.45   4.90
25.48   9.89
25.50   2.88
25.52   10.88
25.55   2.87
25.57   9.86
25.60   4.85
25.62   6.85
25.65   8.84
25.67   2.83
25.69   10.83
25.72   1.82
25.74   10.81
25.77   3.80
25.79   8.80
25.82   6.79
25.84   4.78
25.86   9.78
25.89   2.77
25.91   11.76
25.94   2.75
25.96   10.75
25.99   4.74
26.01   6.73
26.04   7.73
26.06   3.72
26.08   10.71
26.11   1.71
26.13   10.70
26.16   2.69
26.18   9.68
26.21   5.68
26.23   5.67
26.25   9.66
26.28   2.66
26.30   11.65
26.33   1.64
26.35   10.64
26.38   3.63
26.40   7.62
26.42   6.61
26.45   4.61
26.47   10.60
26.50   1.59
26.52   10.59
26.55   2.58
26.57   9.57
26.60   4.57
26.62   6.56
26.64   7.55
26.67   3.55
26.69   10.54
26.72   1.53
26.74   10.53
26.77   2.52
26.79   9.51
26.81   4.51
26.84   6.50
26.86   8.49
26.89   2.49
26.91   10.48
26.94   1.48
26.96   10.47
26.99   2.46
27.01   8.46
27.03   5.45
27.06   5.44
27.08   9.44
27.11   2.43
27.13   10.42
27.16   1.42
27.18   10.41
27.20   3.40
27.23   7.40
27.25   6.39
27.28   4.39
27.30   9.38
27.33   2.37
27.35   10.37
27.38   1.36
27.40   9.35
27.42   4.35
27.45   6.34
27.47   7.34
27.50   3.33
27.52   10.32
27.55   1.32
27.57   10.31
27.59   2.31
27.62   9.30
27.64   4.29
27.67   6.29
27.69   7.28
27.72   3.28
27.74   10.27
27.77   1.26
27.79   10.26
27.81   2.25
27.84   9.24
27.86   5.24
27.89   5.23
27.91   8.23
27.94   2.22
27.96   10.21
27.98   1.21
28.01   10.20
28.03   3.20
28.06   7.19
28.08   7.18
28.11   4.18
28.13   10.17
28.16   2.17
28.18   11.16
28.20   2.15
28.23   9.15
28.25   5.14
28.28   5.14
28.30   8.13
28.33   2.13
28.35   10.12
28.38   1.11
28.40   10.11
28.42   2.10
28.45   8.10
28.47   6.09
28.50   5.08
28.52   9.08
28.55   2.07
28.57   10.07
28.59   2.06
28.62   10.06
28.64   4.05
28.67   7.04
28.69   7.04
28.72   3.03
28.74   10.03
28.76   1.02
28.79   10.02
28.81   -1.99
28.84   -99.94
28.86   -279.72
28.89   -340.42
28.91   -363.09
28.94   -372.75
28.96   -377.41
28.99   -378.06
29.01   -368.72
29.03   -196.46
29.06   -0.43
29.08   2.56
29.11   12.55
29.13   4.55
29.16   11.54
29.18   7.53
29.21   7.52
29.23   10.51
29.25   4.51
29.28   12.50
29.30   3.49
29.33   12.48
29.35   5.47
29.38   10.47
29.40   8.46
29.43   6.45
29.45   11.44
29.47   4.44
29.50   12.43
29.52   3.42
29.55   12.41
29.57   5.41
29.60   9.40
29.62   8.39
29.64   5.38
29.67   11.38
29.69   4.37
29.72   13.36
29.74   3.35
29.77   11.35
29.79   6.34
29.82   9.33
29.84   9.32
29.86   6.32
29.89   11.31
29.91   3.30
29.94   13.29
29.96   4.29
29.99   11.28
30.01   6.27
30.03   8.27
30.06   9.26
30.08   5.25
30.11   12.24
30.13   3.24
30.16   12.23
30.18   4.22
30.21   11.22
30.23   6.21
30.26   8.20
30.28   9.19
30.30   5.19
30.33   12.18
30.35   3.17
30.38   12.16
30.40   4.16
30.43   11.15
30.45   6.14
30.47   8.14
30.50   10.13
30.52   5.12
30.55   12.11
30.57   3.11
30.60   12.10
30.62   4.09
30.65   10.09
30.67   7.08
30.69   7.07
30.72   10.07
30.74   4.06
30.77   12.05
30.79   3.04
30.82   12.04
30.84   5.03
30.86   10.02
30.89   8.02
30.91   6.01
30.94   11.00
30.96   4.00
30.99   11.99
31.01   3.98
31.04   10.98
31.06   5.97
31.08   8.96
31.11   8.95
31.13   4.95
31.16   11.94
31.18   2.93
31.21   11.93
31.23   3.92
31.25   10.91
31.28   5.91
31.30   7.90
31.33   9.89
31.35   3.89
31.38   11.88
31.40   2.87
31.42   11.87
31.45   4.86
31.47   9.85
31.50   7.85
31.52   5.84
31.55   10.83
31.57   3.83
31.60   11.82
31.62   3.81
31.64   11.81
31.67   4.80
31.69   8.79
31.72   8.79
31.74   5.78
31.77   10.77
31.79   2.77
31.81   11.76
31.84   3.76
31.86   10.75
31.89   5.74
31.91   7.74
31.94   8.73
31.96   4.72
31.99   11.72
32.01   2.71
32.04   11.70
32.06   2.70
32.08   10.69
32.11   5.68
32.13   7.68
32.16   8.67
32.18   4.67
32.21   10.66
32.23   2.65
32.25   11.65
32.28   2.64
32.30   10.64
32.33   4.63
32.35   7.62
32.38   7.62
32.40   4.61
32.43   10.60
32.45   2.60
32.47   11.59
32.50   2.59
32.52   10.58
32.55   4.57
32.57   8.57
32.60   7.56
32.62   5.56
32.65   10.55
32.67   2.54
32.70   11.54
32.72   2.53
32.74   11.53
32.77   3.52
32.79   9.52
32.82   6.51
32.84   6.50
32.87   9.50
32.89   3.49
32.91   11.48
32.94   2.48
32.96   11.47
32.99   3.47
33.01   10.46
33.04   5.46
33.06   6.45
33.09   9.44
33.11   3.44
33.13   11.43
33.16   2.43
33.18   11.42
33.21   3.41
33.23   9.41
33.26   5.40
33.28   6.40
33.31   9.39
33.33   3.39
33.35   11.38
33.38   2.37
33.40   11.37
33.43   2.36
33.45   10.36
33.48   5.35
33.50   7.35
33.53   8.34
33.55   4.33
33.57   10.33
33.60   2.32
33.62   11.32
33.65   2.31
33.67   10.31
33.70   5.30
33.72   7.29
33.74   7.29
33.77   4.28
33.79   10.28
33.82   2.27
33.84   11.27
33.87   2.26
33.89   10.26
33.92   3.25
33.94   8.24
33.97   7.24
33.99   5.23
34.01   9.23
34.04   3.22
34.06   11.22
34.09   2.21
34.11   10.21
34.14   3.20
34.16   9.20
34.19   5.19
34.21   7.18
34.23   7.18
34.26   5.17
34.28   8.17
34.31   4.16
34.33   9.16
34.36   4.15
34.38   10.15
34.41   3.14
34.43   10.14
34.46   3.13
34.48   10.13
34.51   3.12
34.53   10.11
34.56   2.11
34.58   10.10
34.61   2.10
34.63   11.09
34.66   2.09
34.68   11.08
34.71   2.08
34.73   11.07
34.76   1.07
34.78   11.06
34.81   2.06
34.83   11.05
34.86   2.05
34.88   10.04
34.91   2.04
34.93   10.03
34.96   3.03
34.98   10.02
35.01   3.01
35.03   9.01
35.05   4.00
35.08   9.00
35.10   4.99
35.13   7.99
35.15   4.98
35.18   6.98
35.20   5.97
35.23   5.97
35.25   6.96
35.28   5.96
35.30   6.95
35.33   4.95
35.35   7.94
35.38   3.94
35.40   8.93
35.43   3.93
35.45   9.92
35.48   2.92
35.50   9.91
35.53   2.91
35.55   9.90
35.58   1.90
35.60   10.89
35.63   1.89
35.65   10.88
35.68   1.88
35.70   10.87
35.72   1.87
35.75   10.86
35.78   1.86
35.80   10.85
35.82   1.85
35.85   10.84
35.87   1.84
35.90   9.83
35.92   1.83
35.95   9.82
35.97   2.82
36.00   9.81
36.02   3.81
36.05   8.80
36.07   4.80
36.10   7.79
36.12   4.79
36.15   6.78
36.17   5.78
36.20   6.78
36.22   6.77
36.25   4.77
36.27   7.76
36.30   4.76
36.32   7.75
36.35   4.75
36.37   8.74
36.40   3.74
36.42   8.73
36.45   2.73
36.47   9.72
36.50   2.72
36.52   9.71
36.54   1.71
36.57   10.70
36.59   1.70
36.62   10.69
36.64   1.69
36.67   10.68
36.69   1.68
36.72   10.68
36.74   1.67
36.77   10.67
36.79   1.66
36.82   10.66
36.84   1.65
36.87   10.65
36.89   1.64
36.92   9.64
36.94   2.63
36.97   9.63
36.99   3.62
37.02   8.62
37.04   3.62
37.07   8.61
37.09   4.61
37.12   6.60
37.14   5.60
37.17   6.59
37.19   5.59
37.22   5.58
37.24   6.58
37.27   4.58
37.29   7.57
37.31   4.57
37.34   8.56
37.36   3.56
37.39   8.55
37.41   2.55
37.44   9.54
37.46   1.54
37.49   9.53
37.51   1.53
37.54   9.53
37.56   1.52
37.59   10.52
37.61   1.51
37.64   10.51
37.66   1.50
37.69   10.50
37.71   1.50
37.74   10.49
37.76   1.49
37.79   9.48
37.81   1.48
37.84   9.47
37.86   2.47
37.88   9.47
37.91   2.46
37.94   9.46
37.96   2.45
37.99   8.45
38.01   3.44
38.04   7.44
38.06   4.43
38.08   -42.55
38.11   -229.44
38.13   -328.22
38.16   -357.98
38.18   -370.73
38.21   -376.48
38.24   -378.22
38.26   -372.97
38.28   -290.73
38.31   -16.69
38.33   6.30
38.36   7.30
38.38   7.29
38.41   8.29
38.43   7.28
38.46   9.28
38.48   6.27
38.51   10.27
38.53   6.26
38.56   10.25
38.58   5.25
38.61   11.24
38.63   4.24
38.66   11.23
38.68   4.23
38.71   12.22
38.73   3.22
38.76   12.21
38.78   3.21
38.81   12.20
38.83   3.19
38.86   12.19
38.88   2.18
38.90   12.18
38.93   3.17
38.96   12.17
38.98   3.16
39.01   12.16
39.03   3.15
39.06   12.15
39.08   3.14
39.10   11.14
39.13   4.13
39.15   11.12
39.18   4.12
39.20   11.11
39.23   4.11
39.25   10.10
39.28   5.10
39.30   10.09
39.33   5.09
39.35   9.08
39.38   6.08
39.40   9.07
39.43   7.06
39.45   7.06
39.48   8.05
39.50   7.05
39.53   9.04
39.55   6.04
39.58   9.03
39.60   5.03
39.63   10.02
39.65   5.01
39.68   11.01
39.70   4.00
39.73   11.00
39.75   3.99
39.78   10.98
39.80   2.98
39.83   11.97
39.85   2.97
39.88   11.96
39.90   1.96
39.92   11.95
39.95   2.94
39.97   11.94
40.00   2.93
40.02   11.93
40.05   2.92
40.07   11.91
40.10   2.91
40.12   11.90
40.15   3.90
40.17   10.89
40.20   3.88
40.22   10.88
40.25   3.87
40.27   9.87
40.30   4.86
40.32   8.85
40.35   5.85
40.37   7.84
40.40   5.84
40.42   7.83
40.45   7.83
40.47   6.82
40.50   7.82
40.52   6.81
40.55   8.81
40.57   5.80
40.60   9.79
40.62   4.79
40.65   9.78
40.67   3.78
40.69   10.77
40.72   3.77
40.74   10.76
40.77   2.76
40.79   10.75
40.82   2.74
40.84   11.74
40.87   2.73
40.89   11.73
40.92   2.72
40.94   11.72
40.97   2.71
40.99   11.70
41.02   2.70
41.04   11.69
41.07   2.68
41.09   11.68
41.12   3.67
41.14   10.67
41.17   2.66
41.19   10.66
41.22   3.65
41.24   9.65
41.27   3.64
41.29   9.64
41.32   4.63
41.34   9.62
41.37   5.62
41.39   8.61
41.42   6.61
41.44   8.60
41.47   6.60
41.49   6.59
41.52   7.58
41.54   5.58
41.56   8.57
41.59   4.57
41.61   8.56
41.64   4.56
41.66   9.55
41.69   3.55
41.71   10.54
41.74   3.54
41.76   10.53
41.79   3.53
4