=~=~=~=~=~=~=~=~=~=~=~= PuTTY log 2025.01.26 17:19:24 =~=~=~=~=~=~=~=~=~=~=~=
3.25   -3.73
5
34.71   -53.41
34.73   -53.37
34.76   -53.33
34.78   -53.29
34.61   -53.57
34.63   -53.53
34.66   -54.49
34.68   -53.45
34.71   -53.41
34.73   -53.37
34.76   -53.33
34.78   -53.29
34.61   -53.57
34.63   -53.53
34.66   -54.49
34.68   -53.45
34.71   -53.41
34.73   -53.37
34.76   -53.33
34.78   -53.29
2.02   -4.61
2.05   0.41
2.07   -6.81
2.10   -7.56
2.12   -8.49
2.14   -21.59
2.17   -21.92
2.19   -28.43
2.22   -23.48
2.24   -16.34
2.26   -14.01
2.29   0.46
2.31   -7.28
2.34   0.95
2.36   -9.75
2.39   -7.99
2.41   12.44
2.44   12.69
2.46   21.67
2.48   14.72
2.51   21.83
2.53   10.10
2.56   15.57
2.58   4.16
2.61   9.90
2.63   -2.20
2.66   0.88
2.68   -12.90
2.71   -17.29
2.73   -21.62
2.76   -8.17
2.78   -8.94
2.81   -3.72
2.83   -7.57
2.86   -16.19
2.88   -2.94
2.91   8.89
2.93   11.59
2.96   13.26
2.98   15.86
3.00   12.51
3.03   13.19
3.05   7.96
3.08   10.73
3.10   3.59
3.13   7.45
3.15   -2.59
3.18   -2.53
3.20   -24.19
3.23   -14.75
3.25   -15.48
3.28   -4.33
3.30   -13.16
3.33   -9.94
3.35   -21.58
3.38   7.43
3.40   3.32
3.43   14.15
3.45   6.97
3.48   14.78
3.50   6.60
3.53   14.44
3.55   5.28
3.58   12.15
3.60   3.04
3.63   8.96
3.65   -0.10
3.68   -4.04
3.70   -23.79
3.73   -15.48
3.75   -15.29
3.78   -10.12
3.80   -17.93
3.82   -16.66
3.85   -5.55
3.87   6.42
3.90   5.32
3.92   9.22
3.95   9.09
3.97   9.98
4.00   9.85
4.02   7.76
4.05   9.64
4.07   5.56
4.10   8.46
4.12   2.41
4.15   4.37
4.17   -13.55
4.20   -17.34
4.22   -23.11
4.25   -12.93
4.27   -22.73
4.30   -15.52
4.32   -13.38
4.35   5.63
4.37   1.58
4.40   10.51
4.42   3.44
4.45   12.36
4.47   4.27
4.50   13.19
4.52   3.11
4.55   12.03
4.57   2.96
4.59   10.90
4.62   -0.15
4.64   1.85
4.67   -18.05
4.70   -15.87
4.72   -23.69
4.74   -16.50
4.77   -22.33
4.79   -6.21
4.82   -4.18
4.84   5.80
4.87   2.76
4.89   8.71
4.92   5.64
4.94   9.59
4.97   6.52
4.99   8.46
5.02   7.39
5.04   7.33
5.07   7.27
5.09   4.23
5.12   2.20
5.14   -7.76
5.17   -12.67
5.19   -20.52
5.22   -15.39
5.24   -17.26
5.27   -6.19
5.29   -5.15
5.32   3.84
5.34   -0.18
5.36   7.78
5.39   1.75
5.41   10.70
5.44   2.65
5.47   10.60
5.49   2.55
5.51   11.50
5.54   2.45
5.56   9.41
5.59   -1.61
5.61   2.39
5.64   -12.57
5.66   -6.50
5.69   -15.42
5.71   -4.35
5.74   -10.31
5.76   1.71
5.79   -3.29
5.81   5.71
5.84   -0.31
5.86   7.66
5.89   2.63
5.91   8.59
5.94   3.55
5.96   8.51
5.99   4.47
6.01   7.44
6.04   3.40
6.06   3.38
6.09   -0.63
6.11   -3.61
6.14   -4.59
6.16   -6.55
6.19   -3.52
6.21   -4.49
6.24   0.51
6.26   -1.48
6.28   3.51
6.31   -0.49
6.33   5.49
6.36   0.47
6.38   8.44
6.41   1.41
6.43   9.38
6.46   1.35
6.48   9.32
6.51   0.30
6.53   7.27
6.56   -3.73
6.58   3.27
6.61   -6.72
6.63   2.30
6.66   -6.69
6.68   3.32
6.71   -4.68
6.73   4.32
6.76   -3.68
6.78   5.31
6.81   -1.70
6.83   6.29
6.86   0.27
6.88   7.25
6.91   2.22
6.93   6.20
6.96   2.18
6.98   5.16
7.01   1.15
7.03   1.15
7.05   -0.86
7.08   -1.85
7.10   0.15
7.13   -0.84
7.15   2.16
7.18   -0.84
7.20   2.15
7.23   -0.85
7.25   3.14
7.28   -0.87
7.30   5.12
7.33   0.11
7.35   7.09
7.38   0.07
7.40   7.05
7.43   -0.96
7.45   6.03
7.48   -2.98
7.50   5.02
7.53   -3.98
7.55   5.02
7.58   -3.98
7.60   5.01
7.63   -2.99
7.65   5.00
7.68   -3.00
7.70   4.99
7.73   -2.02
7.75   5.97
7.78   -1.04
7.80   5.95
7.82   -0.06
7.85   4.93
7.87   0.91
7.90   3.91
7.92   0.89
7.95   1.89
7.97   -0.11
8.00   0.89
8.02   0.89
8.05   0.89
8.07   1.87
8.10   -0.13
8.12   2.86
8.15   -0.14
8.17   3.85
8.20   -1.15
8.22   4.83
8.25   -1.17
8.27   5.81
8.30   -1.19
8.32   5.80
8.35   -2.21
8.37   4.78
8.40   -3.22
8.42   4.78
8.44   -4.22
8.47   4.78
8.50   -3.23
8.52   5.77
8.55   -3.24
8.57   5.75
8.59   -2.25
8.62   5.74
8.64   -2.27
8.67   4.73
8.69   -1.28
8.72   4.72
8.74   -1.29
8.77   4.70
8.79   -1.30
8.82   2.70
8.84   -1.31
8.87   1.69
8.89   -0.31
8.92   1.69
8.94   0.68
8.97   1.68
8.99   1.67
9.02   0.67
9.04   1.66
9.07   -0.35
9.09   2.65
9.12   -0.36
9.14   3.64
9.17   -1.37
9.19   4.63
9.22   -2.37
9.24   4.62
9.27   -3.38
9.29   3.62
9.31   -3.38
9.34   4.62
9.36   -3.39
9.39   5.61
9.41   -3.40
9.44   5.60
9.46   -3.41
9.49   5.59
9.51   -3.42
9.54   5.58
9.56   -3.42
9.59   4.57
9.61   -2.43
9.64   4.57
9.66   -2.44
9.69   3.56
9.71   -2.44
9.74   3.56
9.76   -1.45
9.79   2.55
9.81   -0.45
9.84   2.54
9.86   0.54
9.89   1.54
9.91   0.53
9.94   1.53
9.96   1.52
9.99   0.52
10.01   1.52
10.03   -0.48
10.06   2.51
10.09   -1.49
10.11   2.51
10.13   -1.49
10.16   3.50
10.18   -1.50
10.21   3.50
10.23   -2.50
10.26   4.49
10.28   -2.51
10.31   4.48
10.33   -2.52
10.36   5.48
10.38   -3.52
10.41   4.47
10.43   -3.53
10.46   4.47
10.48   -3.53
10.51   4.47
10.53   -3.54
10.56   5.46
10.58   -3.54
10.61   5.46
10.63   -15.53
10.66   -134.28
10.68   -286.56
10.71   -347.61
10.73   -368.57
10.76   -376.51
10.78   -380.43
10.81   -381.36
10.83   -382.28
10.86   -382.21
10.88   -382.14
10.91   -379.08
10.93   -365.05
10.96   -50.58
10.98   4.41
11.01   16.38
11.03   8.34
11.06   17.31
11.08   8.27
11.11   17.24
11.13   8.20
11.16   17.17
11.18   8.13
11.21   17.10
11.23   8.07
11.26   17.03
11.28   8.00
11.31   15.97
11.33   7.93
11.36   15.90
11.38   8.87
11.40   15.84
11.43   8.80
11.46   15.77
11.48   8.74
11.51   14.71
11.53   8.67
11.55   14.64
11.58   9.61
11.60   14.58
11.63   9.55
11.65   13.52
11.68   10.49
11.70   13.46
11.73   10.43
11.75   13.41
11.78   10.38
11.80   13.35
11.83   11.32
11.85   12.29
11.88   11.26
11.90   12.23
11.93   11.20
11.95   12.18
11.98   11.15
12.00   11.12
12.03   11.09
12.05   11.07
12.08   12.04
12.10   11.01
12.13   11.98
12.15   9.96
12.18   12.93
12.20   9.91
12.23   12.88
12.25   9.86
12.28   12.83
12.30   8.80
12.33   12.78
12.35   7.75
12.38   13.72
12.40   7.70
12.43   13.67
12.45   7.65
12.48   14.63
12.50   7.60
12.53   14.58
12.55   6.55
12.57   14.53
12.60   6.51
12.63   14.48
12.65   6.46
12.68   14.43
12.70   6.41
12.73   15.38
12.75   6.36
12.77   15.34
12.80   6.31
12.82   15.29
12.85   5.27
12.87   14.25
12.90   6.22
12.92   14.20
12.95   6.18
12.97   14.15
13.00   6.13
13.02   14.11
13.05   6.09
13.07   14.07
13.10   7.04
13.12   13.02
13.15   7.00
13.17   12.98
13.20   6.95
13.22   12.93
13.25   7.91
13.27   11.89
13.30   7.87
13.32   11.85
13.35   8.83
13.37   10.81
13.40   8.79
13.42   10.77
13.45   9.75
13.47   10.73
13.50   9.70
13.52   9.69
13.55   10.66
13.57   8.65
13.60   10.62
13.62   8.61
13.65   10.59
13.67   7.57
13.70   11.55
13.72   7.53
13.75   11.51
13.77   7.49
13.80   11.47
13.82   6.45
13.85   12.43
13.87   6.42
13.89   12.40
13.92   6.38
13.94   12.36
13.97   5.34
14.00   13.32
14.02   5.31
14.04   13.29
14.07   5.27
14.09   13.25
14.12   4.23
14.14   13.22
14.17   5.20
14.19   14.18
14.22   4.16
14.24   13.15
14.27   4.13
14.29   13.11
14.32   5.09
14.34   13.08
14.37   5.06
14.39   13.04
14.42   5.02
14.44   13.01
14.47   4.99
14.49   11.97
14.52   5.96
14.54   11.94
14.57   4.92
14.59   12.91
14.62   5.89
14.64   11.87
14.67   5.85
14.69   11.84
14.72   6.82
14.74   10.80
14.77   6.79
14.79   10.77
14.82   7.75
14.84   10.74
14.86   7.72
14.89   9.71
14.92   8.69
14.94   9.67
14.96   8.66
14.99   8.64
15.01   9.63
15.04   7.61
15.06   9.59
15.09   7.58
15.11   10.56
15.14   6.55
15.16   10.53
15.19   6.51
15.21   11.50
15.24   5.48
15.26   11.47
15.29   5.45
15.31   12.44
15.34   4.42
15.36   12.41
15.39   4.39
15.41   12.38
15.44   4.36
15.46   12.35
15.49   4.33
15.51   12.32
15.54   4.30
15.56   12.29
15.59   4.27
15.61   13.26
15.64   4.24
15.66   12.23
15.69   3.21
15.71   13.20
15.74   3.18
15.76   12.17
15.78   3.16
15.81   12.14
15.84   4.13
15.86   12.12
15.89   4.10
15.91   12.09
15.94   4.07
15.96   12.06
15.98   5.05
16.01   12.03
16.03   5.02
16.06   11.01
16.08   4.99
16.11   9.98
16.13   4.97
16.16   9.95
16.18   5.94
16.21   9.93
16.23   6.92
16.26   8.90
16.28   7.89
16.31   8.88
16.33   7.86
16.36   7.85
16.38   7.84
16.41   6.82
16.43   8.81
16.46   6.80
16.48   9.79
16.51   5.78
16.53   9.76
16.56   4.75
16.58   9.74
16.61   4.73
16.63   10.72
16.66   4.70
16.68   10.69
16.71   3.68
16.73   11.67
16.76   3.65
16.78   11.64
16.80   3.63
16.83   11.62
16.86   3.61
16.88   11.59
16.90   2.58
16.93   11.57
16.95   2.56
16.98   12.55
17.00   3.54
17.03   11.52
17.05   3.51
17.08   12.50
17.10   3.49
17.13   11.48
17.15   3.46
17.18   11.45
17.20   3.44
17.23   11.43
17.25   3.42
17.28   10.41
17.30   3.40
17.33   10.39
17.35   4.38
17.38   10.37
17.40   4.35
17.43   9.34
17.45   5.33
17.48   9.32
17.50   6.31
17.53   8.30
17.55   6.29
17.58   8.28
17.60   7.27
17.63   7.26
17.65   8.24
17.68   6.24
17.70   7.22
17.73   6.22
17.75   8.20
17.78   5.19
17.80   9.18
17.82   5.17
17.85   10.16
17.87   4.15
17.90   10.14
17.92   4.13
17.95   10.12
17.97   3.11
18.00   11.10
18.02   4.09
18.05   11.08
18.07   3.07
18.10   11.06
18.12   3.05
18.15   11.04
18.17   3.03
18.20   11.02
18.22   3.01
18.25   12.00
18.27   2.99
18.30   10.98
18.32   3.97
18.35   7.96
18.37   8.95
18.39   2.94
18.42   10.93
18.44   2.92
18.47   8.91
18.49   7.90
18.51   3.90
18.54   10.89
18.56   1.88
18.59   9.87
18.61   5.86
18.63   4.85
18.66   9.84
18.68   1.83
18.71   10.82
18.73   4.81
18.75   5.80
18.78   9.79
18.80   1.79
18.83   10.78
18.85   3.77
18.87   6.76
18.90   8.75
18.92   2.74
18.95   10.73
18.97   2.73
19.00   7.72
19.02   7.71
19.04   2.70
19.07   11.69
19.09   2.68
19.12   8.67
19.14   7.66
19.16   3.66
19.19   10.65
19.21   1.64
19.24   9.63
19.26   5.62
19.28   4.62
19.31   10.61
19.33   1.60
19.36   9.59
19.38   4.58
19.40   5.57
19.43   9.57
19.45   1.56
19.48   10.55
19.50   3.54
19.52   6.53
19.55   8.53
19.57   2.52
19.60   10.51
19.62   2.50
19.64   7.49
19.67   7.49
19.69   3.48
19.72   10.47
19.74   2.46
19.76   8.46
19.79   6.45
19.81   3.44
19.84   10.43
19.86   1.42
19.89   9.42
19.91   4.41
19.93   4.40
19.96   9.39
19.98   1.39
20.00   10.38
20.03   4.37
20.05   5.36
20.08   8.35
20.10   1.35
20.13   10.34
20.15   3.33
20.17   6.33
20.20   7.32
20.22   2.31
20.25   10.30
20.27   2.29
20.29   8.29
20.32   7.28
20.34   3.27
20.37   10.26
20.39   2.26
20.42   9.25
20.44   6.24
20.46   4.24
20.49   10.23
20.51   1.22
20.53   9.21
20.56   4.21
20.58   4.20
20.61   9.19
20.63   1.19
20.65   10.18
20.68   4.17
20.70   6.16
20.73   8.16
20.75   2.15
20.78   11.14
20.80   1.13
20.82   10.13
20.85   3.12
20.87   7.11
20.90   4.11
20.92   -84.84
20.95   -233.58
20.97   -326.18
21.00   -356.72
21.02   -369.25
21.04   -374.76
21.07   -378.27
21.09   -379.78
21.12   -381.29
21.14   -381.80
21.17   -380.31
21.19   -369.82
21.22   -199.45
21.24   4.57
21.27   9.56
21.29   9.55
21.32   14.53
21.34   7.52
21.36   15.50
21.39   7.49
21.41   14.48
21.44   10.46
21.46   11.45
21.49   13.43
21.51   7.42
21.53   16.41
21.56   7.39
21.58   15.38
21.61   9.37
21.63   11.35
21.66   12.34
21.68   8.33
21.70   15.31
21.73   7.30
21.75   15.29
21.78   8.27
21.80   12.26
21.83   12.25
21.85   9.23
21.87   15.22
21.90   6.21
21.92   16.19
21.95   7.18
21.97   13.17
22.00   10.15
22.02   10.14
22.04   14.13
22.07   7.12
22.09   15.10
22.12   7.09
22.14   14.08
22.17   9.06
22.19   10.05
22.22   13.04
22.24   7.03
22.26   15.01
22.29   7.00
22.31   14.99
22.34   8.98
22.36   10.96
22.39   12.95
22.41   7.94
22.43   14.93
22.46   5.92
22.48   14.90
22.51   7.89
22.53   11.88
22.56   11.87
22.58   7.85
22.60   14.84
22.63   5.83
22.65   14.82
22.68   7.81
22.70   12.79
22.73   10.78
22.75   8.77
22.77   13.76
22.80   6.75
22.82   14.73
22.85   5.72
22.87   12.71
22.90   9.70
22.92   8.69
22.94   13.68
22.97   5.66
22.99   14.65
23.02   6.64
23.04   12.63
23.07   9.62
23.09   9.61
23.11   13.59
23.14   6.58
23.16   14.57
23.19   5.56
23.21   13.55
23.24   8.54
23.26   9.53
23.28   12.52
23.31   6.50
23.33   14.49
23.36   5.48
23.38   13.47
23.41   7.46
23.43   10.45
23.45   11.44
23.48   7.43
23.50   14.41
23.53   5.40
23.55   14.39
23.58   7.38
23.60   11.37
23.62   11.36
23.65   7.35
23.67   14.34
23.70   5.33
23.72   14.32
23.75   6.30
23.77   11.29
23.79   10.28
23.82   8.27
23.84   14.26
23.87   5.25
23.89   14.24
23.92   6.23
23.94   12.22
23.96   10.21
23.99   8.20
24.01   13.19
24.04   5.18
24.06   14.17
24.09   6.16
24.11   13.15
24.13   8.14
24.16   9.13
24.18   12.12
24.21   6.11
24.23   14.09
24.26   6.08
24.28   13.07
24.30   8.06
24.33   10.05
24.35   11.04
24.38   7.03
24.40   14.02
24.43   5.01
24.45   13.00
24.47   7.99
24.50   9.98
24.52   10.97
24.55   5.96
24.57   12.95
24.60   4.94
24.62   13.93
24.64   6.92
24.67   10.91
24.69   9.90
24.72   5.89
24.74   13.88
24.77   4.87
24.79   13.86
24.81   5.85
24.84   10.85
24.86   10.83
24.89   6.83
24.91   12.82
24.94   4.81
24.96   13.80
24.98   5.79
25.01   10.78
25.03   9.77
25.06   7.76
25.08   12.75
25.11   4.74
25.13   13.73
25.15   5.72
25.18   11.71
25.20   7.70
25.23   7.69
25.25   12.68
25.28   5.68
25.30   13.67
25.32   5.66
25.35   12.65
25.37   7.64
25.40   8.63
25.42   10.62
25.45   4.61
25.47   13.60
25.50   4.59
25.52   12.58
25.54   7.57
25.57   9.56
25.59   10.55
25.62   5.55
25.64   13.54
25.67   4.53
25.69   13.52
25.71   6.51
25.74   9.50
25.76   10.49
25.79   5.48
25.81   13.47
25.83   4.47
25.86   12.46
25.88   5.45
25.91   10.44
25.93   9.43
25.96   6.42
25.98   13.41
26.00   4.40
26.03   13.39
26.05   5.39
26.08   10.38
26.10   9.37
26.13   6.36
26.15   12.35
26.17   4.34
26.20   13.33
26.22   5.32
26.25   11.32
26.27   8.31
26.30   7.30
26.32   12.29
26.35   4.28
26.37   13.27
26.39   5.26
26.42   12.26
26.44   7.25
26.47   8.24
26.49   11.23
26.52   5.22
26.54   13.21
26.56   4.21
26.59   12.20
26.61   7.19
26.64   9.18
26.66   11.17
26.69   5.16
26.71   13.15
26.73   4.15
26.76   13.14
26.78   6.13
26.81   10.12
26.83   9.11
26.86   6.11
26.88   13.10
26.90   4.09
26.93   13.08
26.95   6.07
26.98   10.06
27.00   9.06
27.03   6.05
27.05   13.04
27.07   4.03
27.10   13.02
27.12   5.01
27.15   11.01
27.17   8.00
27.20   6.99
27.22   11.98
27.24   4.98
27.27   12.97
27.29   3.96
27.32   10.95
27.34   7.94
27.37   6.94
27.39   11.93
27.41   3.92
27.44   12.91
27.46   3.91
27.49   11.90
27.51   6.89
27.54   8.88
27.56   10.87
27.58   4.87
27.61   12.86
27.63   3.85
27.66   11.84
27.68   6.84
27.71   8.83
27.73   10.82
27.75   4.81
27.78   12.81
27.80   3.80
27.83   11.79
27.85   5.78
27.88   8.78
27.90   9.77
27.92   4.76
27.95   12.75
27.97   3.75
28.00   12.74
28.02   5.73
28.05   8.72
28.07   9.72
28.09   4.71
28.12   11.70
28.14   3.69
28.17   12.69
28.19   4.68
28.22   9.67
28.24   8.66
28.26   5.66
28.29   12.65
28.31   3.64
28.34   12.64
28.36   4.63
28.39   10.62
28.41   8.61
28.43   6.61
28.46   11.60
28.48   3.59
28.51   12.59
28.53   4.58
28.56   10.57
28.58   7.56
28.60   6.56
28.63   11.55
28.65   3.54
28.68   12.54
28.70   4.53
28.73   11.52
28.75   6.51
28.77   7.51
28.80   10.50
28.82   4.49
28.85   12.49
28.87   3.48
28.90   11.47
28.92   6.47
28.94   7.46
28.97   9.45
28.99   4.45
29.02   12.44
29.04   3.43
29.07   11.43
29.09   5.42
29.11   8.41
29.14   9.40
29.16   4.40
29.19   11.39
29.21   3.39
29.24   12.38
29.26   5.37
29.28   9.37
29.31   9.36
29.33   4.35
29.36   12.34
29.38   3.34
29.41   11.33
29.43   4.32
29.45   9.32
29.48   8.31
29.50   4.31
29.53   11.30
29.55   3.29
29.58   12.29
29.60   4.28
29.62   9.27
29.65   8.27
29.67   5.26
29.70   12.25
29.72   3.25
29.75   12.24
29.77   3.23
29.79   10.23
29.82   7.22
29.84   5.22
29.87   11.21
29.89   3.20
29.92   12.20
29.94   3.19
29.96   10.18
29.99   7.18
30.01   7.17
30.04   10.16
30.06   4.16
30.09   12.15
30.11   4.14
30.13   11.14
30.16   6.13
30.18   7.13
30.21   9.12
30.23   4.11
30.26   12.11
30.28   3.10
30.30   11.09
30.33   5.09
30.35   8.08
30.38   10.08
30.40   4.07
30.43   12.06
30.45   3.06
30.47   11.05
30.50   4.04
30.52   8.04
30.55   9.03
30.57   4.03
30.60   12.02
30.62   3.01
30.64   11.01
30.67   4.00
30.69   9.00
30.72   7.99
30.74   3.98
30.77   10.98
30.79   1.97
30.81   11.97
30.84   4.96
30.86   8.95
30.89   7.95
30.91   5.94
30.94   10.94
30.96   2.93
30.98   11.92
31.01   3.92
31.03   9.91
31.06   6.91
31.08   4.90
31.11   10.89
31.13   2.89
31.15   10.88
31.18   2.88
31.20   9.87
31.23   6.87
31.25   5.86
31.28   10.85
31.30   3.85
31.32   12.84
31.35   3.84
31.37   10.83
31.40   5.82
31.42   5.82
31.45   9.81
31.47   2.81
31.50   11.80
31.52   1.80
31.54   10.79
31.57   5.78
31.59   6.78
31.62   8.77
31.64   3.77
31.67   11.76
31.69   2.76
31.71   11.75
31.74   4.74
31.76   7.74
31.78   8.73
31.81   3.73
31.83   10.72
31.86   1.72
31.88   10.71
31.91   3.71
31.93   8.70
31.95   7.69
31.98   3.69
32.01   10.68
32.03   1.68
32.05   11.67
32.08   3.67
32.10   8.66
32.13   7.66
32.15   4.65
32.18   10.65
32.20   2.64
32.22   10.64
32.25   2.63
32.27   8.63
32.30   6.62
32.32   4.61
32.35   9.61
32.37   2.60
32.39   11.60
32.42   3.59
32.44   9.59
32.47   6.58
32.49   5.58
32.52   10.57
32.54   2.57
32.56   11.56
32.59   2.56
32.61   9.55
32.64   5.54
32.66   6.54
32.69   8.53
32.71   3.53
32.73   11.52
32.76   2.52
32.78   10.51
32.81   4.51
32.83   6.50
32.86   9.50
32.88   1.49
32.90   -14.50
32.93   -87.45
32.95   -222.31
32.98   -317.07
33.00   -348.80
33.03   -361.51
33.05   -370.22
33.08   -375.93
33.10   -378.63
33.13   -380.33
33.15   -382.03
33.18   -382.73
33.20   -383.43
33.22   -383.12
33.25   -383.82
33.28   -383.51
33.30   -381.21
33.33   -375.92
33.35   -256.65
33.37   -7.62
33.40   5.37
33.42   15.36
33.45   7.36
33.47   16.35
33.50   8.34
33.52   13.33
33.54   12.32
33.57   9.31
33.59   15.30
33.62   7.29
33.64   16.28
33.67   8.27
33.69   15.27
33.72   11.26
33.74   11.25
33.76   15.24
33.79   7.23
33.81   16.22
33.84   7.21
33.86   15.20
33.88   9.20
33.91   11.19
33.93   13.18
33.96   8.17
33.98   16.16
34.01   7.15
34.03   15.14
34.06   9.13
34.08   12.13
34.10   13.12
34.13   8.11
34.15   16.10
34.18   7.09
34.20   15.08
34.23   7.08
34.25   15.07
34.28   7.06
34.30   15.05
34.33   8.04
34.35   15.03
34.37   8.02
34.40   14.02
34.42   9.01
34.45   14.00
34.47   9.99
34.50   12.98
34.52   9.97
34.55   12.97
34.57   10.96
34.60   10.95
34.62   11.94
34.65   10.93
34.67   11.92
34.70   10.92
34.72   11.91
34.75   9.90
34.77   12.89
34.80   9.89
34.82   13.88
34.85   8.87
34.87   13.86
34.90   7.85
34.92   14.84
34.95   7.84
34.97   14.83
35.00   7.82
35.02   14.81
35.05   6.80
35.07   15.80
35.10   6.79
35.12   15.78
35.15   6.77
35.17   14.76
35.19   5.76
35.22   15.75
35.25   6.74
35.27   15.73
35.29   6.72
35.32   14.72
35.34   6.71
35.37   14.70
35.39   6.69
35.42   14.68
35.44   7.68
35.47   14.67
35.49   7.66
35.52   13.65
35.54   8.64
35.57   13.64
35.59   8.63
35.62   12.62
35.64   9.61
35.67   11.61
35.69   9.60
35.72   11.59
35.74   10.58
35.77   11.58
35.79   11.57
35.82   10.56
35.84   11.55
35.87   9.55
35.89   11.54
35.92   9.53
35.94   12.52
35.97   8.52
35.99   12.51
36.02   8.50
36.04   13.49
36.06   7.49
36.09   14.48
36.12   7.47
36.14   14.46
36.16   6.46
36.19   15.45
36.21   6.44
36.24   15.43
36.26   6.43
36.29   14.42
36.31   5.41
36.34   14.40
36.36   5.40
36.39   15.39
36.41   6.38
36.44   15.37
36.46   6.37
36.49   15.36
36.51   6.35
36.54   14.34
36.56   7.34
36.59   14.33
36.61   7.32
36.64   13.31
36.66   7.31
36.69   13.30
36.71   8.29
36.74   12.29
36.76   8.28
36.79   12.27
36.81   9.26
36.84   11.26
36.86   9.25
36.88   10.24
36.91   10.24
36.94   10.23
36.96   11.22
36.99   10.21
37.01   11.21
37.04   8.20
37.06   11.19
37.09   8.19
37.11   12.18
37.13   8.17
37.16   13.17
37.18   8.16
37.21   13.15
37.23   7.15
37.26   14.14
37.28   6.13
37.31   14.12
37.33   6.12
37.36   14.11
37.38   6.10
37.41   14.10
37.43   6.09
37.46   15.08
37.48   6.08
37.51   15.07
37.53   5.06
37.56   15.05
37.58   6.05
37.61   15.04
37.63   6.03
37.66   14.03
37.68   6.02
37.71   14.01
37.73   6.01
37.76   13.00
37.78   6.99
37.81   13.99
37.83   6.98
37.86   12.97
37.88   7.96
37.90   11.96
37.93   8.95
37.95   10.95
37.98   8.94
38.00   10.93
38.03   9.92
38.05   10.92
38.08   10.91
38.10   8.91
38.13   10.90
38.15   8.89
38.18   11.89
38.20   7.88
38.23   11.87
38.25   7.87
38.28   12.86
38.30   6.85
38.33   12.85
38.35   6.84
38.38   13.83
38.40   6.83
38.43   13.82
38.45   5.81
38.48   13.81
38.50   5.80
38.53   13.79
38.55   5.79
38.58   14.78
38.60   4.77
38.63   13.77
38.65   5.76
38.68   14.75
38.70   5.75
38.72   14.74
38.75   5.73
38.77   13.73
38.80   5.72
38.82   13.72
38.85   5.71
38.87   13.70
38.90   6.70
38.92   12.69
38.95   7.68
38.97   11.68
39.00   7.67
39.02   11.66
39.05   7.66
39.07   10.65
39.10   8.65
39.12   10.64
39.15   9.63
39.17   9.63
39.20   10.62
39.22   9.61
39.25   10.61
39.27   8.60
39.30   11.60
39.32   7.59
39.35   11.58
39.37   7.58
39.40   12.57
39.42   6.56
39.45   12.55
39.47   6.54
39.50   13.54
39.52   5.53
39.54   13.52
39.57   5.51
39.60   13.50
39.62   5.50
39.65   13.49
39.67   5.48
39.69   13.47
39.72   4.46
39.74   14.45
39.77   5.45
39.79   14.44
39.82   5.43
39.84   13.42
39.87   5.41
39.89   13.41
39.92   5.40
39.94   13.39
39.97   6.38
39.99   13.37
40.02   6.37
40.04   12.36
40.07   7.35
40.09   11.34
40.12   7.33
40.14   11.33
40.17   8.32
40.19   10.31
40.22   8.30
40.24   10.29
40.27   9.29
40.29   9.28
40.31   10.27
40.34   8.26
40.37   10.25
40.39   8.25
40.42   11.24
40.44   8.23
40.47   11.22
40.49   7.22
40.51   12.21
40.54   6.20
40.56   12.19
40.59   6.18
40.61   13.18
40.64   5.17
40.66   13.16
40.69   5.15
40.71   13.15
40.74   5.14
40.76   14.13
40.79   4.12
40.81   13.11
40.84   5.11
40.86   14.10
40.89   5.09
40.91   14.08
40.94   5.08
40.96   14.07
40.99   5.06
41.01   13.05
41.04   5.05
41.06   13.04
41.09   6.03
41.11   13.02
41.14   6.02
41.16   12.01
41.19   6.00
41.21   11.99
41.24   6.99
41.26   10.98
41.29   6.97
41.31   9.96
41.33   7.96
41.36   9.95
41.38   8.94
41.41   8.93
41.43   8.93
41.46   7.92
41.48   9.91
41.51   7.90
41.53   10.90
41.56   6.89
41.58   11.88
41.61   6.87
41.63   11.87
41.66   5.86
41.68   12.85
41.71   5.84
41.73   12.84
41.76   4.83
41.78   12.82
41.81   4.82
41.83   12.81
41.86   4.80
41.88   12.79
41.91   3.79
41.93   13.78
41.96   4.77
41.98   13.76
42.01   4.76
42.03   13.75
42.06   4.74
42.08   12.74
42.11   4.73
42.13   12.72
42.15   4.71
42.18   12.71
42.21   4.70
42.23   11.69
42.26   5.69
42.28   11.68
42.30   5.67
42.33   11.66
42.35   6.66
42.38   10.65
42.40   7.64
42.43   10.64
42.45   7.63
42.48   9.62
42.50   8.61
42.53   8.61
42.55   9.60
42.58   7.59
42.60   9.59
42.63   7.58
42.65   10.57
42.68   6.56
42.70   11.56
42.73   5.55
42.75   11.54
42.78   5.54
42.80   12.53
42.83   5.52
42.85   12.52
42.88   4.51
42.90   12.50
42.93   4.50
42.95   12.49
42.97   3.48
43.00   13.47
43.03   4.47
43.05   12.46
43.07   3.45
43.10   13.45
43.12   4.44
43.15   12.43
43.17   4.43
43.20   13.42
43.22   4.41
43.25   12.41
43.27   4.40
43.30   12.39
43.32   4.39
43.35   11.38
43.37   5.37
43.40   11.37
43.42   5.36
43.45   10.35
43.47   6.35
43.50   10.34
43.52   7.33
43.55   9.33
43.57   7.32
43.60   9.31
43.62   8.30
43.65   7.30
43.67   9.29
43.70   6.28
43.72   9.28
43.75   5.27
43.77   10.26
43.79   6.26
43.82   11.25
43.85   4.24
43.87   11.24
43.89   4.23
43.92   11.23
43.94   4.22
43.97   12.21
43.99   4.21
44.02   12.20
44.04   4.19
44.07   12.19
44.09   3.18
44.12   12.17
44.14   3.17
44.17   12.16
44.19   3.15
44.22   12.15
44.24   4.14
44.27   12.13
44.29   3.13
44.32   12.12
44.34   4.11
44.37   12.11
44.39   4.10
44.42   12.09
44.44   5.09
44.47   11.08
44.49   5.08
44.52   10.07
44.54   6.06
44.57   10.06
44.59   6.05
44.62   9.04
44.64   7.04
44.67   8.03
44.69   8.02
44.72   7.02
44.74   8.01
44.77   6.01
44.79   9.00
44.81   5.99
44.84   9.99
44.86   4.98
44.89   9.97
44.91   4.97
44.94   10.96
44.96   3.95
44.99   11.95
45.01   3.94
45.04   11.94
45.06   3.93
45.09   11.92
45.11   3.92
45.14   11.91
45.16   2.90
45.19   11.90
45.21   3.89
45.24   11.89
45.26   2.88
45.29   11.87
45.31   2.87
45.34   11.86
45.36   3.86
45.38   11.85
45.41   3.84
45.44   11.84
45.46   4.83
45.49   10.82
45.51   4.82
45.54   10.81
45.56   4.81
45.59   9.80
45.61   5.79
45.63   9.79
45.66   6.78
45.68   8.78
45.71   6.77
45.73   7.76
45.76   7.76
45.78   6.75
45.81   8.75
45.83   6.74
45.86   9.73
45.88   5.73
45.91   9.72
45.93   4.72
45.96   10.71
45.98   4.70
46.01   10.70
46.03   3.69
46.06   11.69
46.08   3.68
46.11   11.67
46.13   3.67
46.15   11.66
46.18   2.66
46.21   11.65
46.23   3.64
46.26   11.64
46.28   3.63
46.31   12.63
46.33   2.62
46.36   11.61
46.38   2.61
46.40   11.60
46.43   2.60
46.45   11.59
46.48   3.58
46.50   10.58
46.53   3.57
46.55   10.57
46.58   4.56
46.60   10.56
46.63   5.55
46.65   9.54
46.68   5.54
46.70   9.53
46.73   6.53
46.75   8.52
46.78   6.51
46.80   7.51
46.83   7.50
46.85   6.50
46.88   8.49
46.90   6.49
46.93   9.48
46.95   5.47
46.98   9.47
47.00   4.46
47.03   10.46
47.05   4.45
47.08   10.45
47.10   3.44
47.13   11.43
47.15   3.43
47.17   11.42
47.20   3.42
47.22   11.41
47.25   2.41
47.27   11.40
47.30   2.39
47.32   11.39
47.35   2.38
47.37   12.38
47.40   2.37
47.42   11.37
47.45   3.36
47.47   11.36
47.50   3.35
47.52   11.34
47.55   3.34
47.57   10.33
47.60   3.33
47.62   10.32
47.65   3.32
47.67   10.31
47.70   4.30
47.72   9.30
47.75   5.29
47.77   9.29
47.80   6.28
47.82   7.28
47.85   6.27
47.87   7.27
47.90   7.26
47.92   5.26
47.95   8.25
47.97   5.24
47.99   9.24
48.02   4.23
48.04   9.23
48.07   3.22
48.09   10.22
48.12   3.21
48.14   10.21
48.17   3.20
48.19   10.20
48.22   3.19
48.24   10.18
48.27   2.18
48.29   11.17
48.32   2.17
48.34   11.16
48.37   2.16
48.39   11.15
48.42   2.15
48.44   11.14
48.47   2.14
48.49   11.13
48.52   2.12
48.54   11.12
48.57   3.11
48.59   11.11
48.62   3.10
48.64   10.10
48.67   3.09
48.69   10.09
48.72   4.08
48.74   7.08
48.77   -24.91
48.79   -93.88
48.81   -236.78
48.84   -321.62
48.87   -351.44
48.89   -363.25
48.92   -372.05
48.94   -376.86
48.97   -380.66
48.99   -382.46
49.01   -383.25
49.04   -384.05
49.06   -384.84
49.09   -385.64
49.12   -385.44
49.14   -384.24
49.17   -382.03
49.19   -374.84
49.21   -197.68
49.24   -1.67
49.26   6.33
49.29   11.32
49.31   8.32
49.34   11.31
49.36   10.30
49.39   11.30
49.41   10.29
49.44   10.28
49.46   10.27
49.49   10.27
49.51   11.26
49.54   9.25
49.56   11.25
49.59   9.24
49.61   12.23
49.64   8.23
49.66   12.22
49.69   7.21
49.71   13.21
49.74   7.20
49.76   14.19
49.79   6.19
49.81   14.18
49.84   6.17
49.86   14.17
49.89   6.16
49.91   14.15
49.94   6.15
49.96   14.14
49.99   5.13
50.01   15.12
50.04   6.12
50.06   14.11
50.08   5.10
50.11   14.10
50.13   5.09
50.16   14.08
50.18   6.08
50.21   14.07
50.23   6.06
50.26   14.06
50.28   7.05
50.31   13.04
50.33   7.04
50.36   12.03
50.38   7.02
50.41   12.02
50.43   8.01
50.46   11.00
50.48   9.00
50.51   10.99
50.53   9.98
50.56   10.98
50.58   9.97
50.61   9.96
50.63   10.96
50.66   8.95
50.68   10.95
50.71   7.94
50.73   11.93
50.76   6.93
50.78   11.92
50.81   6.91
50.83   12.91
50.86   6.90
50.88   12.89
50.90   5.89
50.93   13.88
50.96   5.87
50.98   13.87
51.00   5.86
51.03   13.85
51.05   5.85
51.08   16.84
51.10   6.83
51.13   15.83
51.15   3.82
51.18   7.82
51.20   -5.18
51.23   6.82
51.25   3.82
51.28   11.81
51.30   -2.19
51.33   -2.19
51.35   -4.19
51.38   12.81
51.40   8.80
51.43   13.80
51.45   7.79
51.48   13.78
51.50   10.78
51.53   16.77
51.55   13.76
51.58   17.76
51.60   14.75
51.63   15.75
51.65   7.74
51.68   0.74
51.70   4.74
51.72   4.73
51.75   -3.27
51.78   -16.26
51.80   -13.25
51.82   -12.24
51.85   -1.24
51.87   3.76
51.90   11.75
51.92   6.74
51.95   11.74
51.97   7.73
52.00   15.73
52.02   9.72
52.05   15.71
52.07   7.71
52.10   13.70
52.12   -75.28
52.15   -201.20
52.17   -295.06
52.20   -346.90
52.22   -369.72
52.25   -381.53
52.27   -387.34
52.30   -391.15
52.32   -393.96
52.35   -395.77
52.37   -396.57
52.40   -397.37
52.42   -398.18
52.45   -397.98
52.47   -398.78
52.50   -398.59
52.52   -398.39
52.55   -399.20
52.57   -399.00
52.60   -398.81
52.62   -398.61
52.65   -398.42
52.67   -398.22
52.70   -399.03
52.72   -398.84
52.75   -398.64
52.77   -398.45
52.80   -398.25
52.82   -398.06
52.85   -397.87
52.87   -397.67
52.90   -397.48
52.92   -397.29
52.95   -397.10
52.97   -396.90
53.00   -396.71
53.02   -396.52
53.05   -396.33
53.07   -396.14
53.10   -395.95
53.12   -395.76
53.15   -395.56
53.17   -396.37
53.20   -396.18
53.22   -395.99
53.25   -395.80
53.27   -395.61
53.30   -395.42
53.32   -395.23
53.35   -395.04
53.37   -394.85
53.40   -394.67
53.42   -394.48
53.45   -394.29
53.47   -394.10
53.50   -393.91
53.52   -393.72
53.55   -393.53
53.57   -393.35
53.60   -393.16
53.62   -392.97
53.65   -392.78
53.67   -392.60
53.70   -392.41
53.72   -392.22
53.75   -392.04
53.77   -391.85
53.80   -391.66
53.82   -391.48
53.85   -391.29
53.87   -391.11
53.90   -390.92
53.92   -390.74
53.95   -390.55
53.97   -390.37
54.00   -390.18
54.02   -390.00
54.05   -389.81
54.07   -389.63
54.10   -389.44
54.12   -389.26
54.15   -389.08
54.17   -388.89
54.20   -388.71
54.22   -388.53
54.25   -388.34
54.27   -388.16
54.30   -387.98
54.32   -387.79
54.35   -387.61
54.37   -387.43
54.40   -387.25
54.42   -387.07
54.45   -386.88
54.47   -386.70
54.50   -386.52
54.52   -386.34
54.55   -386.16
54.57   -385.98
54.60   -385.80
54.62   -385.62
54.65   -385.44
54.67   -385.26
54.70   -385.08
54.72   -384.90
54.75   -384.72
54.77   -384.54
54.80   -384.36
54.82   -384.18
54.85   -384.00
54.87   -383.82
54.90   -383.64
54.92   -383.46
54.95   -383.29
54.97   -383.11
55.00   -382.93
55.02   -382.75
55.05   -382.58
55.07   -382.40
55.10   -382.22
5