=~=~=~=~=~=~=~=~=~=~=~= PuTTY log 2025.01.26 17:46:02 =~=~=~=~=~=~=~=~=~=~=~=
2.03   -2.85
2.06   2.81
2.08   -1.46
2.10   -2.21
2.13   3.64
2.15   -4.26
2.18   3.76
2.20   -1.32
2.22   -1.22
2.25   3.69
2.27   -4.26
2.30   3.74
2.32   -3.29
2.34   1.76
2.37   -0.28
2.39   -1.21
2.42   2.75
2.44   -4.20
2.47   3.78
2.49   -4.20
2.52   3.82
2.54   -4.19
2.57   3.83
2.59   -3.18
2.62   3.85
2.64   -2.17
2.66   2.86
2.69   -2.16
2.71   1.87
2.74   -1.16
2.76   0.87
2.79   -0.15
2.81   -0.11
2.84   0.87
2.86   -1.10
2.89   1.89
2.91   -2.08
2.94   1.90
2.96   -3.07
2.99   2.91
3.01   -4.06
3.04   3.93
3.06   -4.06
3.09   3.93
3.11   -4.06
3.14   3.94
3.16   -5.05
3.18   3.95
3.21   -5.05
3.23   3.96
3.26   -4.04
3.28   2.97
3.31   -4.03
3.33   3.98
3.36   -4.02
3.38   2.99
3.41   -3.02
3.43   2.99
3.46   -3.02
3.48   2.00
3.51   -2.01
3.53   1.00
3.56   -1.01
3.58   0.01
3.61   -1.00
3.63   -0.98
3.66   0.01
3.68   -0.97
3.71   1.02
3.73   -1.97
3.76   2.02
3.78   -2.96
3.81   2.03
3.83   -2.96
3.86   3.03
3.88   -2.95
3.91   3.04
3.93   -3.95
3.95   3.05
3.98   -3.94
4.00   4.06
4.03   -4.93
4.05   4.07
4.08   -4.92
4.10   4.08
4.13   -4.92
4.15   4.08
4.18   -4.91
4.20   4.09
4.23   -3.91
4.25   3.10
4.28   -3.90
4.30   4.10
4.33   -3.90
4.35   3.11
4.38   -2.89
4.40   2.12
4.43   -2.88
4.45   2.13
4.48   -1.87
4.50   1.14
4.53   -1.87
4.55   0.14
4.57   -0.86
4.60   -0.85
4.63   0.15
4.65   -0.84
4.67   1.15
4.70   -1.84
4.72   1.16
4.75   -2.83
4.77   2.17
4.80   -2.82
4.82   2.17
4.85   -3.81
4.87   2.18
4.90   -3.81
4.92   3.19
4.95   -4.80
4.97   4.19
5.00   -4.80
5.02   3.20
5.05   -4.79
5.07   4.21
5.10   -4.79
5.12   3.21
5.15   -4.78
5.17   4.22
5.20   -4.78
5.22   4.22
5.25   -3.77
5.27   3.23
5.30   -3.77
5.32   2.23
5.34   -3.77
5.37   2.24
5.40   -2.76
5.42   2.24
5.44   -1.76
5.47   1.25
5.49   -1.76
5.52   1.25
5.54   -1.75
5.57   0.25
5.59   -0.75
5.62   -0.74
5.64   0.25
5.67   -0.74
5.69   1.26
5.72   -1.73
5.74   1.26
5.77   -2.73
5.79   2.27
5.82   -2.73
5.84   2.27
5.87   -3.72
5.89   3.27
5.92   -3.72
5.94   3.28
5.97   -3.72
5.99   3.28
6.02   -4.71
6.04   4.29
6.07   -4.71
6.09   4.29
6.11   -4.71
6.14   4.30
6.17   -4.70
6.19   3.30
6.21   -4.70
6.24   4.30
6.26   -4.70
6.29   3.31
6.31   -4.69
6.34   3.31
6.36   -3.69
6.39   3.31
6.41   -3.69
6.44   2.32
6.46   -2.68
6.49   2.32
6.51   -1.68
6.54   1.33
6.56   -1.68
6.59   0.33
6.61   -0.67
6.64   0.33
6.66   -0.67
6.69   -0.66
6.71   -0.66
6.74   -1.66
6.76   1.34
6.79   -2.65
6.81   1.35
6.84   -2.65
6.86   1.35
6.89   -2.64
6.91   2.36
6.94   -3.64
6.96   2.36
6.98   -3.63
7.01   3.37
7.03   -4.63
7.06   4.37
7.08   -4.62
7.11   4.37
7.13   -5.62
7.16   4.38
7.18   -4.62
7.21   4.38
7.23   -4.61
7.26   3.39
7.28   -4.61
7.31   3.39
7.33   -4.61
7.36   3.39
7.38   -4.61
7.41   3.40
7.43   -3.60
7.46   3.40
7.48   -3.60
7.51   2.41
7.53   -2.60
7.56   2.41
7.58   -2.59
7.61   1.42
7.63   -2.59
7.66   1.42
7.68   -1.58
7.71   0.42
7.73   -0.58
7.76   -0.57
7.78   -0.57
7.80   -0.57
7.83   0.43
7.86   -1.56
7.88   0.44
7.90   -1.56
7.93   1.44
7.95   -3.55
7.98   2.45
8.00   -3.55
8.03   2.45
8.05   -3.54
8.08   2.46
8.10   -4.54
8.13   3.46
8.15   -5.53
8.18   3.47
8.20   -4.53
8.23   3.47
8.25   -4.52
8.28   3.48
8.30   -4.52
8.33   3.48
8.35   -4.51
8.38   3.49
8.40   -4.51
8.43   3.49
8.45   -4.50
8.48   3.50
8.50   -4.50
8.52   3.51
8.55   -3.49
8.57   2.51
8.60   -2.49
8.63   1.52
8.65   -2.48
8.67   1.52
8.70   -1.48
8.72   0.53
8.75   -0.47
8.77   -0.47
8.80   -0.47
8.82   -0.46
8.85   0.54
8.87   -1.46
8.90   0.54
8.92   -2.45
8.95   1.55
8.97   -3.45
9.00   2.55
9.02   -3.44
9.05   2.56
9.07   -3.44
9.10   2.56
9.12   -3.43
9.15   3.57
9.17   -4.43
9.19   3.57
9.22   -4.43
9.25   3.57
9.27   -4.42
9.29   3.58
9.32   -4.42
9.35   3.58
9.37   -4.42
9.40   3.59
9.42   -4.41
9.44   3.59
9.47   -5.41
9.49   3.60
9.52   -4.40
9.54   2.60
9.57   -3.40
9.59   2.60
9.62   -3.40
9.64   2.61
9.67   -2.39
9.69   1.61
9.72   -2.39
9.74   1.62
9.77   -1.38
9.79   0.62
9.82   -0.38
9.84   -0.37
9.87   -0.38
9.89   -0.37
9.92   0.63
9.94   -1.37
9.97   0.63
9.99   -2.36
10.02   1.64
10.04   -2.36
10.06   1.64
10.09   -3.35
10.11   2.65
10.14   -3.35
10.17   2.65
10.19   -3.34
10.21   2.66
10.24   -4.34
10.26   3.66
10.29   -4.33
10.31   2.67
10.34   -4.33
10.36   3.67
10.39   -4.33
10.41   3.67
10.44   -4.32
10.46   3.68
10.49   -4.32
10.51   3.68
10.54   -5.31
10.56   3.69
10.59   -5.31
10.61   3.69
10.64   -5.31
10.66   3.70
10.69   -5.30
10.71   3.70
10.74   -5.30
10.76   3.70
10.79   -4.29
10.81   3.71
10.84   -4.29
10.86   3.71
10.89   -4.29
10.91   2.72
10.94   -4.28
10.96   2.72
10.99   -4.28
11.01   2.72
11.03   -4.27
11.06   2.73
11.09   -3.27
11.11   2.73
11.14   -3.27
11.16   1.74
11.19   -3.26
11.21   1.74
11.23   -2.26
11.26   1.75
11.28   -2.25
11.31   0.75
11.33   -2.25
11.36   0.76
11.38   -1.24
11.41   -0.24
11.43   -1.24
11.46   -0.23
11.48   -0.23
11.51   -1.23
11.53   -0.23
11.56   -2.22
11.58   0.78
11.61   -2.22
11.63   0.78
11.66   -3.22
11.68   1.78
11.71   -3.21
11.73   1.79
11.76   -3.21
11.78   2.79
11.81   -4.20
11.83   2.80
11.86   -4.20
11.88   2.80
11.91   -4.19
11.93   3.81
11.96   -5.19
11.98   3.81
12.01   -4.19
12.03   3.81
12.06   -5.18
12.08   3.82
12.10   -5.18
12.13   3.82
12.15   -5.18
12.18   3.82
12.21   -5.17
12.23   3.83
12.25   -4.17
12.28   2.83
12.30   -4.17
12.33   3.84
12.35   -4.16
12.38   2.84
12.40   -4.16
12.43   2.84
12.45   -3.16
12.48   1.85
12.50   -3.15
12.53   1.85
12.55   -2.15
12.58   1.85
12.60   -2.15
12.63   0.86
12.65   -2.14
12.68   0.86
12.70   -1.14
12.73   0.87
12.75   -1.13
12.78   -0.13
12.80   -0.13
12.83   -1.13
12.85   -0.13
12.88   -1.12
12.90   0.88
12.93   -2.12
12.95   0.88
12.98   -2.12
13.00   1.88
13.02   -3.11
13.05   2.89
13.07   -3.11
13.10   2.89
13.12   -4.11
13.15   2.89
13.17   -4.10
13.20   2.90
13.22   -5.10
13.25   3.90
13.27   -5.10
13.30   3.90
13.32   -5.09
13.35   3.91
13.37   -5.09
13.40   3.91
13.42   -5.09
13.45   3.91
13.47   -5.09
13.50   3.92
13.52   -5.08
13.55   3.92
13.57   -5.08
13.60   2.92
13.62   -4.08
13.65   2.92
13.67   -4.08
13.70   2.93
13.72   -4.07
13.75   2.93
13.77   -3.07
13.80   1.93
13.82   -3.07
13.85   1.94
13.87   -2.06
13.90   0.94
13.92   -2.06
13.94   0.94
13.97   -1.06
14.00   -0.05
14.02   -0.06
14.04   -1.05
14.07   -0.05
14.09   -1.05
14.12   -0.05
14.14   -2.05
14.17   0.95
14.19   -2.04
14.22   0.96
14.24   -3.04
14.27   1.96
14.29   -3.04
14.32   1.96
14.34   -3.03
14.37   2.97
14.39   -4.03
14.42   2.97
14.44   -4.03
14.47   2.97
14.49   -4.03
14.52   2.97
14.54   -5.02
14.57   3.98
14.59   -5.02
14.62   3.98
14.64   -5.02
14.67   3.98
14.69   -5.02
14.72   3.99
14.74   -5.01
14.77   3.99
14.79   -5.01
14.81   3.99
14.84   -5.01
14.86   3.99
14.89   -5.01
14.91   4.00
14.94   -4.00
14.96   3.00
14.99   -4.00
15.01   3.00
15.04   -4.00
15.06   2.00
15.09   -3.00
15.11   2.01
15.14   -1.99
15.16   1.01
15.19   -1.99
15.21   1.01
15.24   -1.99
15.26   0.01
15.29   -0.99
15.31   0.02
15.34   -0.98
15.36   -0.98
15.39   0.02
15.41   -0.98
15.44   1.02
15.46   -1.97
15.49   1.02
15.51   -1.97
15.54   2.03
15.56   -2.97
15.59   2.03
15.61   -2.97
15.64   2.03
15.66   -3.97
15.69   3.03
15.71   -3.96
15.73   3.04
15.76   -4.96
15.78   3.04
15.81   -4.96
15.84   4.04
15.86   -4.96
15.88   3.04
15.91   -4.95
15.93   4.05
15.96   -4.95
15.98   4.05
16.01   -4.95
16.03   4.05
16.06   -4.95
16.08   4.05
16.11   -4.95
16.13   4.06
16.16   -4.94
16.18   3.06
16.21   -3.94
16.23   3.06
16.26   -3.94
16.28   3.06
16.31   -3.94
16.33   2.07
16.36   -2.93
16.38   2.07
16.41   -3.93
16.43   2.07
16.46   -2.93
16.48   1.07
16.50   -1.93
16.53   0.08
16.56   -0.92
16.58   0.08
16.60   -0.92
16.63   -0.92
16.65   -0.92
16.68   -8.91
16.70   -43.86
16.73   -134.69
16.75   -253.31
16.78   -318.80
16.80   -351.22
16.83   -364.61
16.85   -371.00
16.88   -376.37
16.90   -378.74
16.93   -381.11
16.95   -381.47
16.98   -381.83
17.00   -382.20
17.03   -382.57
17.05   -381.94
17.08   -381.31
17.10   -380.68
17.13   -380.06
17.15   -378.44
17.18   -374.82
17.20   -369.22
17.23   -343.63
17.25   -143.31
17.28   -31.22
17.30   2.79
17.33   11.77
17.35   11.75
17.38   12.73
17.40   12.71
17.43   13.69
17.45   12.67
17.48   12.65
17.50   12.63
17.53   12.62
17.55   12.59
17.58   11.58
17.60   12.56
17.63   11.54
17.65   13.52
17.68   11.50
17.70   13.48
17.73   11.46
17.75   13.44
17.78   10.43
17.80   13.41
17.83   10.39
17.85   14.37
17.88   10.35
17.90   14.33
17.93   10.31
17.95   14.30
17.98   9.28
18.00   14.26
18.03   9.24
18.05   15.22
18.08   8.21
18.10   15.19
18.13   8.17
18.15   15.15
18.18   8.14
18.20   15.12
18.23   8.10
18.25   15.08
18.27   8.06
18.30   16.05
18.32   8.03
18.35   14.01
18.37   11.99
18.40   8.98
18.42   14.96
18.44   6.94
18.47   14.93
18.49   9.91
18.52   10.89
18.54   14.87
18.56   6.86
18.59   15.84
18.61   8.82
18.64   10.81
18.66   12.79
18.68   6.78
18.71   15.76
18.73   6.74
18.76   12.73
18.78   11.71
18.80   8.69
18.83   15.68
18.85   6.66
18.88   13.65
18.90   9.63
18.92   9.61
18.95   14.60
18.97   6.58
19.00   14.57
19.02   8.55
19.05   10.54
19.07   13.52
19.09   6.50
19.12   15.49
19.14   7.47
19.17   12.46
19.19   12.44
19.21   7.43
19.24   15.41
19.26   6.40
19.29   13.38
19.31   10.36
19.33   8.35
19.36   14.33
19.38   6.32
19.41   14.31
19.43   8.29
19.45   10.28
19.48   13.26
19.50   6.25
19.53   15.23
19.55   7.22
19.57   11.20
19.60   12.19
19.62   7.17
19.65   15.16
19.67   6.14
19.69   13.13
19.72   10.11
19.74   8.10
19.77   14.09
19.79   6.07
19.82   14.06
19.84   9.04
19.86   9.03
19.89   14.01
19.91   6.00
19.94   14.99
19.96   6.97
19.98   10.96
20.01   11.94
20.03   5.93
20.06   14.92
20.08   5.90
20.10   11.89
20.13   10.87
20.15   6.86
20.18   13.85
20.20   5.83
20.22   12.82
20.25   9.81
20.27   7.79
20.30   13.78
20.32   5.77
20.34   13.75
20.37   6.74
20.39   9.73
20.42   12.71
20.44   5.70
20.46   14.69
20.49   6.67
20.51   10.66
20.54   10.65
20.56   6.64
20.59   14.62
20.61   5.61
20.63   12.60
20.66   9.58
20.68   7.57
20.71   13.56
20.73   5.54
20.75   13.53
20.78   7.52
20.80   9.51
20.83   12.49
20.85   5.48
20.87   13.47
20.90   4.46
20.92   13.44
20.95   7.43
20.97   10.42
21.00   11.40
21.02   6.39
21.05   13.38
21.07   5.37
21.09   13.36
21.12   6.34
21.14   11.33
21.17   9.32
21.19   8.31
21.22   12.29
21.24   5.28
21.26   14.27
21.29   5.26
21.31   12.25
21.34   7.23
21.36   9.22
21.39   11.21
21.41   6.20
21.43   13.18
21.46   5.17
21.48   13.16
21.51   6.15
21.53   11.14
21.56   9.12
21.58   7.11
21.60   12.10
21.63   5.09
21.65   14.08
21.68   5.07
21.70   12.05
21.73   8.04
21.75   8.03
21.77   12.02
21.80   5.01
21.82   13.00
21.85   4.98
21.87   12.97
21.90   6.96
21.92   9.95
21.94   9.94
21.97   5.93
21.99   12.91
22.02   4.90
22.04   12.89
22.07   4.88
22.09   11.87
22.12   7.86
22.14   7.85
22.16   11.84
22.19   4.83
22.21   13.81
22.24   4.80
22.26   12.79
22.29   6.78
22.31   9.77
22.33   9.76
22.36   5.75
22.38   12.74
22.41   4.73
22.43   12.72
22.46   5.71
22.48   11.70
22.50   7.68
22.53   7.67
22.55   11.66
22.58   4.65
22.60   13.64
22.63   4.63
22.65   12.62
22.68   5.61
22.70   9.60
22.72   9.59
22.75   5.58
22.77   12.57
22.80   4.56
22.82   12.55
22.85   4.54
22.87   11.53
22.89   7.52
22.92   7.51
22.94   10.49
22.97   5.49
22.99   12.47
23.02   3.46
23.04   12.45
23.06   5.44
23.09   9.44
23.11   9.42
23.14   6.41
23.16   12.40
23.19   4.39
23.21   12.38
23.23   4.37
23.26   11.36
23.28   6.35
23.31   8.35
23.33   10.33
23.36   5.33
23.38   12.31
23.41   4.31
23.43   12.30
23.45   4.29
23.48   10.28
23.50   7.27
23.53   7.26
23.55   10.25
23.58   4.24
23.60   12.23
23.62   3.22
23.65   12.21
23.67   5.20
23.70   10.19
23.72   8.18
23.75   6.17
23.77   11.16
23.80   4.15
23.82   12.14
23.84   3.13
23.87   12.12
23.89   6.11
23.92   9.11
23.94   9.09
23.97   5.09
23.99   12.08
24.01   3.07
24.04   12.06
24.06   4.05
24.09   10.04
24.11   7.03
24.14   7.02
24.16   11.01
24.18   4.00
24.21   11.99
24.23   3.99
24.26   11.98
24.28   4.97
24.31   9.96
24.33   7.95
24.36   5.94
24.38   10.93
24.40   3.92
24.43   11.91
24.45   2.91
24.48   10.90
24.50   5.89
24.53   7.88
24.55   8.87
24.58   4.86
24.60   11.85
24.62   3.84
24.65   11.84
24.67   3.83
24.70   10.82
24.72   6.81
24.75   6.80
24.77   9.79
24.79   3.78
24.82   11.78
24.84   2.77
24.87   11.76
24.89   4.75
24.92   9.74
24.94   7.73
24.97   5.72
24.99   10.72
25.01   3.71
25.04   11.70
25.06   2.69
25.09   10.68
25.11   5.67
25.14   8.67
25.16   8.66
25.18   4.65
25.21   11.64
25.23   3.63
25.26   12.62
25.28   3.62
25.31   10.61
25.33   5.60
25.35   7.59
25.38   9.58
25.40   4.58
25.43   11.57
25.45   2.56
25.48   11.55
25.50   3.54
25.53   9.53
25.55   7.53
25.57   5.52
25.60   10.51
25.62   3.50
25.65   11.49
25.67   3.49
25.70   11.48
25.72   4.47
25.75   8.46
25.77   8.45
25.79   4.45
25.82   11.44
25.84   3.43
25.87   11.42
25.89   3.42
25.92   10.41
25.94   5.40
25.96   7.39
25.99   9.38
26.01   4.38
26.04   11.37
26.06   2.36
26.09   11.35
26.11   3.35
26.13   10.34
26.16   6.33
26.18   6.32
26.21   9.31
26.23   3.31
26.26   11.30
26.28   2.29
26.30   11.29
26.33   4.28
26.35   8.27
26.38   8.26
26.40   4.26
26.43   10.25
26.45   3.24
26.48   11.23
26.50   3.23
26.52   10.22
26.55   5.21
26.57   8.20
26.60   8.20
26.62   4.19
26.65   11.18
26.67   3.17
26.69   11.17
26.72   3.16
26.74   10.15
26.77   5.14
26.79   7.14
26.82   9.13
26.84   4.12
26.86   11.12
26.89   2.11
26.91   11.10
26.94   3.09
26.96   10.09
26.99   6.08
27.01   7.07
27.04   9.07
27.06   3.06
27.08   11.05
27.11   2.05
27.13   11.04
27.16   3.03
27.18   9.03
27.21   6.02
27.23   6.01
27.25   10.00
27.28   3.00
27.30   10.99
27.33   1.98
27.35   9.98
27.38   3.97
27.40   7.96
27.43   6.96
27.45   4.95
27.47   9.94
27.50   2.94
27.52   10.93
27.55   2.92
27.57   10.92
27.60   4.91
27.62   7.90
27.64   7.90
27.67   3.89
27.69   10.88
27.72   1.88
27.74   10.87
27.77   2.86
27.79   9.86
27.82   4.85
27.84   6.84
27.87   8.84
27.89   3.83
27.91   10.82
27.94   1.82
27.96   10.81
27.99   2.80
28.01   9.80
28.04   4.79
28.06   5.78
28.08   8.78
28.11   2.77
28.13   10.76
28.16   1.76
28.18   10.75
28.21   2.74
28.23   8.74
28.26   5.73
28.28   5.73
28.30   8.72
28.33   2.71
28.35   10.71
28.38   1.70
28.40   10.69
28.43   2.69
28.45   8.68
28.47   5.68
28.50   5.67
28.52   8.66
28.55   2.66
28.57   10.65
28.60   1.64
28.62   10.64
28.65   2.63
28.67   9.63
28.69   4.62
28.72   6.61
28.74   8.61
28.77   3.60
28.79   9.60
28.82   1.59
28.84   10.58
28.87   1.58
28.89   9.57
28.92   4.57
28.94   6.56
28.96   6.55
28.99   3.55
29.01   9.54
29.04   1.54
29.06   10.53
29.09   1.52
29.11   9.52
29.13   3.51
29.16   7.51
29.18   7.50
29.21   3.50
29.23   9.49
29.26   2.48
29.28   10.48
29.30   1.47
29.33   10.47
29.35   3.46
29.38   7.46
29.40   5.45
29.43   4.44
29.45   9.44
29.48   2.43
29.50   10.43
29.53   1.42
29.55   9.41
29.57   3.41
29.60   7.40
29.62   5.40
29.65   4.39
29.67   8.39
29.70   2.38
29.72   10.37
29.75   1.37
29.77   10.36
29.79   2.36
29.82   8.35
29.84   5.35
29.87   5.34
29.89   8.34
29.92   2.33
29.94   10.32
29.96   1.32
29.99   10.31
30.01   1.31
30.04   9.30
30.06   4.30
30.09   6.29
30.11   7.29
30.14   3.28
30.16   9.27
30.18   1.27
30.21   10.26
30.23   1.26
30.26   9.25
30.28   4.25
30.31   7.24
30.33   6.24
30.36   3.23
30.38   9.23
30.40   2.22
30.43   10.22
30.45   1.21
30.48   9.21
30.50   3.20
30.53   7.20
30.55   6.19
30.58   4.18
30.60   9.18
30.62   2.17
30.65   10.17
30.67   1.16
30.70   10.16
30.72   2.15
30.75   8.15
30.77   5.14
30.79   4.14
30.82   8.13
30.84   2.13
30.87   10.12
30.89   1.12
30.92   10.11
30.94   2.11
30.97   9.10
30.99   4.10
31.01   5.09
31.04   7.09
31.06   3.08
31.09   9.08
31.11   1.07
31.14   10.07
31.16   2.06
31.19   9.06
31.21   4.05
31.24   6.05
31.26   7.04
31.28   3.03
31.31   9.03
31.33   1.02
31.36   10.02
31.38   2.01
31.41   9.01
31.43   4.00
31.45   6.00
31.48   6.99
31.50   2.99
31.53   9.98
31.55   0.98
31.58   9.97
31.60   1.97
31.63   8.96
31.65   3.96
31.67   5.95
31.70   6.95
31.72   2.94
31.75   9.94
31.77   0.93
31.80   9.93
31.82   1.92
31.84   8.92
31.87   3.91
31.89   4.91
31.92   6.90
31.94   2.90
31.97   9.89
31.99   0.89
32.02   9.89
32.04   1.88
32.06   7.88
32.09   3.87
32.11   5.87
32.14   6.86
32.16   2.86
32.19   9.85
32.21   0.85
32.24   9.84
32.26   1.84
32.28   8.83
32.31   3.83
32.33   5.82
32.36   6.82
32.38   2.81
32.41   8.81
32.43   0.81
32.46   9.80
32.48   0.80
32.50   8.79
32.53   2.79
32.55   6.78
32.58   5.78
32.60   3.77
32.63   8.77
32.65   0.76
32.68   9.76
32.70   0.75
32.72   8.75
32.75   2.75
32.77   6.74
32.80   5.74
32.82   2.73
32.85   -4.27
32.87   -49.24
32.90   -136.16
32.92   -254.98
32.95   -315.74
32.97   -346.47
32.99   -359.18
33.02   -366.89
33.04   -371.60
33.07   -375.30
33.09   -378.00
33.12   -378.70
33.14   -379.40
33.17   -380.10
33.19   -379.80
33.22   -379.51
33.24   -380.21
33.27   -379.91
33.29   -379.61
33.32   -377.32
33.34   -374.02
33.37   -367.73
33.39   -352.45
33.42   -155.27
33.44   -48.22
33.47   5.78
33.49   4.78
33.51   14.77
33.54   6.76
33.56   14.75
33.59   9.74
33.61   11.73
33.64   13.72
33.66   8.71
33.68   15.70
33.71   6.69
33.73   15.68
33.76   8.68
33.78   13.67
33.81   11.66
33.83   10.65
33.86   14.64
33.88   7.63
33.90   15.62
33.93   6.61
33.95   15.60
33.98   8.59
34.00   12.59
34.03   11.58
34.05   9.57
34.07   14.56
34.10   6.55
34.12   15.54
34.15   6.53
34.17   15.52
34.20   8.51
34.22   12.51
34.25   11.50
34.27   10.49
34.29   11.48
34.32   10.47
34.34   12.46
34.37   10.45
34.40   12.44
34.42   9.43
34.44   12.43
34.47   9.42
34.49   13.41
34.52   8.40
34.54   13.39
34.57   8.38
34.59   14.37
34.62   8.36
34.64   14.36
34.67   7.35
34.69   14.34
34.72   7.33
34.74   15.32
34.77   6.31
34.79   14.30
34.82   6.30
34.84   15.29
34.87   6.28
34.89   15.27
34.92   6.26
34.94   15.25
34.97   6.24
34.99   15.24
35.02   6.23
35.04   15.22
35.06   6.21
35.09   15.20
35.12   7.19
35.14   14.19
35.17   7.18
35.19   14.17
35.22   7.16
35.24   14.15
35.26   8.14
35.29   13.14
35.31   8.13
35.34   13.12
35.36   9.11
35.39   12.10
35.41   9.10
35.44   12.09
35.46   9.08
35.49   11.07
35.51   10.06
35.54   10.06
35.56   11.05
35.59   10.04
35.61   11.03
35.64   10.02
35.66   11.01
35.69   9.01
35.71   12.00
35.74   8.99
35.76   12.98
35.79   7.98
35.81   12.97
35.84   7.96
35.86   12.95
35.89   6.94
35.91   13.94
35.94   6.93
35.96   13.92
35.99   6.91
36.01   13.90
36.04   5.90
36.06   14.89
36.09   5.88
36.11   14.87
36.13   5.87
36.16   14.86
36.19   5.85
36.21   13.84
36.23   5.84
36.26   14.83
36.28   5.82
36.31   14.81
36.33   5.80
36.36   13.80
36.38   6.79
36.41   13.78
36.43   6.77
36.46   13.77
36.48   6.76
36.51   12.75
36.53   6.74
36.56   12.74
36.58   7.73
36.61   12.72
36.63   7.71
36.66   11.71
36.68   8.70
36.71   11.69
36.73   8.68
36.76   10.68
36.78   9.67
36.81   9.66
36.83   10.65
36.86   9.65
36.88   11.64
36.90   8.63
36.93   11.62
36.96   8.62
36.98   11.61
37.01   7.60
37.03   12.59
37.05   7.59
37.08   13.58
37.10   6.57
37.13   13.57
37.15   6.56
37.18   13.55
37.20   5.54
37.23   13.54
37.25   5.53
37.28   14.52
37.30   5.51
37.33   14.51
37.35   5.50
37.38   14.49
37.40   5.49
37.43   14.48
37.45   5.47
37.48   14.46
37.50   5.46
37.53   14.45
37.55   5.44
37.58   14.44
37.60   5.43
37.63   14.42
37.65   6.41
37.68   13.41
37.70   6.40
37.73   13.39
37.75   7.39
37.78   12.38
37.80   7.37
37.83   12.36
37.85   7.36
37.87   11.35
37.90   8.34
37.92   11.34
37.95   8.33
37.97   10.32
38.00   9.31
38.02   10.31
38.05   10.30
38.07   9.29
38.10   10.29
38.12   9.28
38.15   11.27
38.17   8.27
38.20   11.26
38.22   8.25
38.25   12.24
38.27   7.24
38.30   12.23
38.32   6.22
38.35   13.22
38.37   6.21
38.40   13.20
38.42   6.20
38.45   13.19
38.47   6.18
38.50   14.18
38.52   5.17
38.55   14.16
38.57   5.16
38.60   14.15
38.62   5.14
38.65   14.14
38.67   5.13
38.69   14.12
38.72   5.12
38.75   14.11
38.77   5.10
38.79   14.09
38.82   5.09
38.84   14.08
38.87   5.07
38.89   14.07
38.92   6.06
38.94   13.05
38.97   6.05
38.99   12.04
39.02   7.03
39.04   12.03
39.07   7.02
39.09   12.02
39.12   8.01
39.14   11.00
39.17   8.00
39.19   9.99
39.22   8.98
39.24   9.98
39.27   8.97
39.29   8.96
39.32   9.96
39.34   7.95
39.37   10.94
39.39   7.94
39.42   11.93
39.44   6.92
39.47   11.92
39.49   6.91
39.52   11.90
39.54   5.90
39.56   12.89
39.59   5.88
39.61   12.88
39.64   5.87
39.66   13.86
39.69   4.86
39.71   13.85
39.74   4.84
39.76   12.83
39.79   4.83
39.81   13.82
39.84   4.81
39.86   13.80
39.89   4.80
39.91   13.79
39.94   4.78
39.96   13.78
39.99   4.77
40.01   12.76
40.04   4.75
40.06   12.75
40.09   5.74
40.11   12.73
40.14   5.73
40.16   12.72
40.19   5.71
40.21   11.71
40.24   6.70
40.26   11.69
40.29   7.68
40.31   10.68
40.34   7.67
40.36   10.66
40.38   7.66
40.41   9.65
40.43   8.64
40.46   9.64
40.48   9.63
40.51   8.63
40.53   9.62
40.56   7.61
40.58   10.61
40.61   6.60
40.63   11.59
40.66   6.59
40.68   11.58
40.71   5.57
40.73   11.57
40.76   5.56
40.78   12.55
40.81   5.55
40.83   12.54
40.86   4.53
40.88   12.53
40.91   4.52
40.93   12.52
40.96   4.51
40.98   13.50
41.01   4.50
41.03   13.49
41.06   4.48
41.08   12.48
41.11   4.47
41.13   13.46
41.15   4.45
41.18   13.45
41.21   4.44
41.23   12.44
41.25   4.43
41.28   12.42
41.31   5.41
41.33   12.41
41.35   5.40
41.38   12.40
41.40   5.39
41.43   11.38
41.45   5.38
41.48   11.37
41.50   6.36
41.53   10.36
41.55   6.35
41.58   10.35
41.60   7.34
41.63   9.33
41.65   8.33
41.68   8.32
41.70   8.31
41.73   8.31
41.75   9.30
41.78   7.30
41.80   10.29
41.83   7.29
41.85   10.28
41.88   6.27
41.90   11.27
41.93   5.26
41.95   11.26
41.97   5.25
42.00   12.24
42.03   5.24
42.05   12.23
42.08   4.23
42.10   12.22
42.13   4.21
42.15   12.21
42.17   4.20
42.20   12.19
42.22   3.19
42.25   13.18
42.27   4.18
42.30   13.17
42.32   4.16
42.35   13.16
42.37   4.15
42.40   13.14
42.42   4.14
42.45   12.13
42.47   4.13
42.50   12.12
42.52   4.11
42.55   12.11
42.57   5.10
42.60   11.10
42.62   5.09
42.65   11.08
42.67   5.08
42.70   10.07
42.72   6.07
42.75   10.06
42.77   7.06
42.80   9.05
42.82   7.04
42.85   9.04
42.87   8.03
42.90   8.03
42.92   9.02
42.95   7.02
42.97   10.01
42.99   7.01
43.02   10.00
43.04   5.99
43.07   10.99
43.09   4.98
43.12   10.98
43.14   4.97
43.17   10.97
43.19   4.96
43.22   11.96
43.24   3.95
43.27   11.94
43.29   3.94
43.32   11.93
43.34   3.93
43.37   12.92
43.39   3.92
43.42   11.91
43.44   2.90
43.47   12.90
43.49   3.89
43.52   12.89
43.54   3.88
43.57   12.87
43.59   2.87
43.62   11.86
43.64   3.86
43.67   11.85
43.69   3.85
43.72   10.84
43.74   4.83
43.77   11.83
43.79   4.82
43.81   10.82
43.84   5.81
43.87   10.81
43.89   5.80
43.91   9.80
43.94   5.79
43.96   9.78
43.99   6.78
44.01   8.77
44.04   7.77
44.06   7.76
44.09   8.76
44.11   7.75
44.14   8.75
44.16   6.74
44.19   9.74
44.21   5.73
44.24   -7.27
44.26   -87.24
44.29   -256.11
44.31   -327.93
44.34   -351.73
44.36   -363.52
44.39   -370.30
44.41   -374.09
44.44   -374.87
44.46   -376.66
44.49   -376.44
44.51   -377.23
44.54   -373.02
44.56   -364.80
44.59   -149.65
44.61   -10.63
44.64   10.36
44.66   7.36
44.69   13.35
44.71   8.34
44.74   14.33
44.76   7.33
44.79   14.32
44.81   7.31
44.84   15.30
44.86   7.30
44.88   15.29
44.91   6.28
44.94   15.28
44.96   6.27
44.98   15.26
45.01   6.25
45.03   15.25
45.06   6.24
45.08   15.23
45.11   6.22
45.13   15.22
45.16   6.21
45.18   15.20
45.21   6.19
45.23   15.19
45.26   6.18
45.28   15.17
45.31   6.16
45.33   14.16
45.36   7.15
45.38   14.14
45.41   7.14
45.43   13.13
45.46   8.12
45.48   13.11
45.51   8.11
45.53   13.10
45.56   9.09
45.58   12.09
45.61   9.08
45.63   12.07
45.66   10.07
45.68   11.06
45.71   10.05
45.73   11.05
45.76   10.04
45.78   10.04
45.81   11.03
45.83   10.02
45.85   11.01
45.88   9.01
45.90   12.00
45.93   9.00
45.95   11.99
45.98   7.98
46.00   11.98
46.03   7.97
46.05   12.96
46.08   6.96
46.10   13.95
46.13   6.94
46.15   13.94
46.18   5.93
46.20   13.92
46.23   5.92
46.25   13.91
46.28   5.91
46.30   13.90
46.33   5.89
46.35   14.89
46.38   5.88
46.40   14.87
46.43   5.87
46.45   13.86
46.48   5.85
46.50   14.85
46.53   5.84
46.55   14.83
46.58   5.83
46.60   13.82
46.63   6.81
46.65   13.81
46.67   6.80
46.70   13.79
46.72   6.79
46.75   12.78
46.77   6.77
46.80   12.77
46.82   7.76
46.85   11.76
46.87   8.75
46.90   11.74
46.92   7.74
46.95   11.73
46.97   8.73
47.00   10.72
47.02   9.71
47.05   9.71
47.07   10.70
47.10   9.70
47.12   10.69
47.15   8.68
47.17   11.68
47.20   7.67
47.22   11.67
47.25   7.66
47.27   12.65
47.30   7.65
47.32   12.64
47.35   6.64
47.37   12.63
47.40   6.62
47.42   13.62
47.45   6.61
47.47   13.61
47.50   5.60
47.52   13.59
47.54   4.59
47.57   14.58
47.59   5.58
47.62   14.57
47.64   4.56
47.67   14.56
47.69   4.55
47.72   14.54
47.74   5.54
47.77   14.53
47.79   5.53
47.82   14.52
47.84   5.51
47.87   13.51
47.89   5.50
47.92   13.49
47.94   5.49
47.97   13.48
47.99   6.48
48.02   12.47
48.04   6.46
48.07   12.46
48.09   7.45
48.12   11.45
48.14   7.44
48.17   11.44
48.19   7.43
48.22   10.42
48.24   8.42
48.27   10.41
48.29   9.41
48.31   9.40
48.34   9.39
48.37   8.39
48.39   10.38
48.41   8.38
48.44   10.37
48.46   8.37
48.49   11.36
48.51   7.36
48.54   12.35
48.56   6.34
48.59   12.34
48.61   6.33
48.64   13.33
48.66   6.32
48.69   13.32
48.71   6.31
48.74   13.30
48.76   5.30
48.79   14.29
48.81   5.29
48.84   14.28
48.86   5.28
48.89   14.27
48.91   5.26
48.94   14.26
48.96   5.25
48.99   13.25
49.01   5.24
49.04   14.23
49.06   5.23
49.09   14.22
49.11   5.22
49.13   13.21
49.16   5.20
49.19   13.20
49.21   6.19
49.23   13.19
49.26   6.18
49.29   12.17
49.31   6.17
49.34   12.16
49.36   6.16
49.38   11.15
49.41   7.15
49.43   11.14
49.46   8.13
49.48   11.13
49.51   8.12
49.53   10.12
49.56   9.11
49.58   10.11
49.61   9.10
49.63   9.10
49.66   10.09
49.68   8.09
49.71   11.08
49.73   7.08
49.76   11.07
49.78   7.06
49.81   11.06
49.83   7.05
49.86   12.05
49.88   6.04
49.91   12.04
49.93   6.03
49.96   13.03
49.98   5.02
50.01   13.02
50.03   5.01
50.06   13.01
50.08   5.00
50.11   12.99
50.13   3.99
50.15   13.98
50.18   3.98
50.20   12.97
50.23   3.97
50.25   13.96
50.28   4.96
50.30   12.95
50.33   3.95
50.35   13.94
50.38   4.93
50.40   12.93
50.43   4.92
50.45   12.92
50.48   4.91
50.50   12.91
50.53   5.90
50.55   11.90
50.58   5.89
50.60   11.89
50.63   6.88
50.65   10.88
50.68   6.87
50.70   9.87
50.73   7.86
50.75   9.85
50.78   8.85
50.80   8.84
50.83   9.84
50.85   8.83
50.88   9.83
50.90   7.82
50.93   10.82
50.95   6.81
50.97   10.81
51.00   6.80
51.02   11.80
51.05   5.79
51.07   11.79
51.10   5.78
51.12   12.78
51.15   5.77
51.17   12.77
51.20   4.76
51.22   13.76
51.25   4.75
51.27   13.75
51.30   4.74
51.32   13.74
51.35   4.73
51.37   13.73
51.40   4.72
51.42   13.71
51.45   4.71
51.47   13.70
51.50   4.70
51.52   12.69
51.55   4.69
51.57   12.68
51.60   4.68
51.62   12.67
51.65   5.67
51.67   12.66
51.70   5.66
51.72   12.65
51.75   5.65
51.77   11.64
51.79   6.64
51.82   11.63
51.85   6.63
51.87   10.62
51.89   7.62
51.92   9.61
51.94   7.61
51.97   9.60
51.99   8.60
52.02   8.59
52.04   8.59
52.07   7.58
52.09   9.58
52.12   7.57
52.14   10.57
52.17   6.56
52.19   10.56
52.22   6.55
52.24   11.55
52.27   5.54
52.29   11.54
52.32   5.53
52.34   12.53
52.37   5.53
52.39   12.52
52.42   4.52
52.44   12.51
52.47   4.51
52.49   12.50
52.52   4.50
52.54   12.49
52.57   3.49
52.59   13.48
52.62   4.48
52.64   12.47
52.67   3.47
52.69   12.46
52.71   3.46
52.74   12.45
52.76   4.45
52.79   12.44
52.81   4.44
52.84   12.43
52.86   4.42
52.89   12.42
52.91   4.42
52.94   12.41
52.96   5.41
52.99   11.40
53.01   5.40
53.04   11.39
53.06   6.39
53.09   10.38
53.11   6.38
53.14   9.37
53.16   7.37
53.19   9.36
53.21   7.36
53.24   8.36
53.26   8.35
53.29   7.35
53.31   9.34
53.34   7.34
53.36   9.33
53.39   6.33
53.41   10.32
53.44   5.32
53.46   11.32
53.49   5.31
53.51   11.31
53.53   5.30
53.56   12.30
53.58   4.29
53.61   12.29
53.63   4.29
53.66   12.28
53.68   4.28
53.71   12.27
53.73   4.27
53.76   12.26
53.78   3.26
53.81   13.25
53.83   3.25
53.86   13.24
53.88   3.24
53.91   13.23
53.93   3.23
53.96   12.22
53.98   4.22
54.01   12.21
54.03   4.21
54.06   12.21
54.08   4.20
54.11   -6.80
54.13   -94.77
54.16   -263.67
54.18   -329.52
54.21   -352.35
54.23   -364.18
54.26   -370.01
54.28   -373.83
54.31   -375.66
54.33   -376.48
54.36   -377.31
54.38   -377.14
54.41   -371.96
54.43   -362.79
54.46   -119.68
54.48   -8.67
54.51   12.33
54.53   6.32
54.56   13.32
54.58   7.31
54.61   13.31
54.63   8.30
54.65   13.29
54.68   8.29
54.71   12.28
54.73   9.28
54.75   11.27
54.78   9.27
54.80   11.26
54.83   10.25
54.85   11.25
54.88   10.24
54.90   10.24
54.93   10.23
54.95   10.23
54.98   10.22
55.00   9.22
55.03   12.21
55.05   9.21
55.08   12.20
55.10   7.20
55.13   9.19
55.15   4.19
55.18   12.18
55.20   7.18
55.23   15.17
55.25   9.17
55.28   17.16
55.30   9.15
55.33   13.15
55.35   -2.85
55.38   12.14
55.40   6.14
55.43   13.13
55.45   1.13
55.47   5.13
55.50   -3.87
55.53   9.13
55.55   5.12
55.57   15.12
55.60   7.11
55.62   17.10
55.65   8.10
55.67   17.09
55.70   9.08
55.72   16.08
55.75   8.07
55.77   14.06
55.80   5.06
55.82   11.05
55.85   5.05
55.87   11.05
55.90   5.04
55.92   6.04
55.95   1.04
55.97   10.04
56.00   10.03
56.02   13.02
56.05   11.02
56.07   12.01
56.10   12.00
56.12   12.99
56.15   11.99
56.17   -67.00
56.20   -196.92
56.22   -291.80
56.25   -339.65
56.27   -363.49
56.30   -376.32
56.32   -384.15
56.35   -388.97
56.37   -390.80
56.40   -392.62
56.42   -394.43
56.45   -395.25
56.47   -395.07
56.50   -395.89
56.52   -395.71
56.55   -396.53
56.57   -396.35
56.60   -396.17
56.62   -396.99
56.65   -396.81
56.67   -396.63
56.70   -396.45
56.72   -396.27
56.75   -397.09
56.77   -396.91
56.80   -396.73
56.82   -396.55
56.85   -396.38
56.87   -396.20
56.90   -396.02
56.92   -395.84
56.95   -395.66
56.97   -395.48
57.00   -395.31
57.02   -395.13
57.04   -394.95
57.07   -394.77
57.10   -394.60
57.12   -395.42
57.15   -394.24
57.17   -394.07
57.20   -394.89
57.22   -393.71
57.24   -393.54
57.27   -394.36
57.29   -393.19
57.32   -394.01
57.35   -392.84
57.37   -393.66
57.40   -393.49
57.42   -393.31
57.45   -393.14
57.47   -392.96
57.50   -392.79
57.52   -392.61
57.54   -392.44
57.57   -392.26
57.59   -392.09
57.62   -391.92
57.65   -391.74
57.67   -391.57
57.70   -391.40
57.72   -391.22
57.75   -391.05
57.77   -390.88
57.79   -390.70
57.82   -390.53
57.84   -390.36
57.87   -390.19
57.89   -390.02
57.92   -389.84
57.95   -389.67
57.97   -389.50
58.00   -389.33
58.02   -389.16
58.04   -388.99
58.07   -388.82
58.09   -388.64
58.12   -388.47
58.14   -388.30
58.17   -388.13
58.19   -387.96
58.22   -387.79
58.25   -387.62
58.27   -387.45
58.29   -387.28
58.32   -387.11
58.34   -386.94
58.37   -386.77
58.39   -386.61
58.42   -386.44
58.44   -386.27
58.47   -386.10
58.49   -385.93
58.52   -385.76
58.54   -385.59
58.57   -385.43
58.59   -385.26
58.62   -385.09
58.64   -384.92
58.67   -384.76
58.69   -384.59
58.72   -384.42
58.74   -384.25
58.77   -384.09
58.79   -383.92
58.82   -383.75
58.85   -383.59
58.87   -383.42
58.89   -383.26
58.92   -383.09
58.94   -382.92
58.97   -382.76
58.99   -382.59
59.02   -382.43
59.04   -382.26
59.07   -382.10
59.10   -381.93
59.12   -381.77
59.15   -381.60
59.17   -381.44
59.19   -381.27
59.