=~=~=~=~=~=~=~=~=~=~=~= PuTTY log 2025.01.26 18:27:45 =~=~=~=~=~=~=~=~=~=~=~=
38.32   -380.74
 365.99
 361.13
443.49   367.11
443.52   361.09
443.54   366.07
443.57   362.05
443.59   366.03
443.62   362.01
443.64   365.99
2.02   -3.18
2.04   2.47
2.07   -0.83
2.09   -1.53
2.11   3.33
2.14   -4.57
2.16   3.46
2.19   -1.60
2.21   -1.50
2.23   3.43
2.26   -4.52
2.28   4.48
2.31   -3.56
2.33   2.49
2.36   -0.57
2.38   -1.51
2.40   2.44
2.43   -4.52
2.45   4.45
2.48   -4.54
2.50   4.47
2.53   -4.54
2.55   3.48
2.58   -3.54
2.60   3.49
2.63   -2.54
2.65   2.49
2.68   -2.53
2.70   1.50
2.72   -0.53
2.75   0.50
2.77   0.47
2.80   -0.50
2.82   1.47
2.85   -1.50
2.87   2.48
2.90   -3.50
2.92   3.48
2.95   -3.50
2.97   3.49
3.00   -4.50
3.02   4.49
3.05   -4.50
3.07   4.50
3.10   -4.50
3.12   4.50
3.15   -4.50
3.17   4.51
3.20   -4.50
3.22   3.51
3.25   -4.50
3.27   3.51
3.30   -3.49
3.32   3.52
3.35   -3.49
3.37   2.52
3.39   -2.49
3.42   2.53
3.44   -1.48
3.47   1.53
3.49   -1.48
3.52   1.53
3.54   -0.48
3.57   0.53
3.59   0.52
3.62   -0.47
3.64   1.52
3.67   -1.47
3.69   1.52
3.72   -2.47
3.74   2.52
3.77   -2.47
3.79   2.52
3.82   -3.47
3.84   3.52
3.87   -3.47
3.89   3.52
3.92   -3.47
3.94   4.52
3.97   -4.47
3.99   4.52
4.02   -4.48
4.04   4.52
4.07   -4.48
4.09   4.52
4.11   -4.49
4.14   4.51
4.16   -4.49
4.19   4.51
4.21   -4.49
4.24   3.51
4.26   -3.49
4.29   3.51
4.31   -2.49
4.34   2.51
4.36   -2.50
4.39   2.51
4.41   -1.50
4.44   1.51
4.46   -1.50
4.49   0.51
4.51   -0.50
4.54   0.51
4.56   0.50
4.59   -1.49
4.61   1.50
4.64   -1.49
4.66   1.50
4.69   -2.49
4.71   2.50
4.74   -2.49
4.76   2.50
4.79   -3.49
4.81   3.50
4.84   -3.49
4.86   3.50
4.89   -4.49
4.91   4.50
4.93   -4.50
4.96   4.50
4.98   -4.50
5.01   4.50
5.03   -4.50
5.06   4.50
5.08   -4.50
5.11   4.50
5.13   -4.50
5.16   4.50
5.18   -3.50
5.21   3.50
5.23   -3.50
5.26   3.51
5.28   -2.50
5.31   2.51
5.33   -2.50
5.36   2.51
5.38   -1.50
5.41   1.51
5.43   -0.50
5.46   0.51
5.48   -0.50
5.51   -0.49
5.53   0.50
5.55   -1.49
5.58   1.50
5.61   -1.49
5.63   2.51
5.65   -2.49
5.68   2.51
5.70   -3.49
5.73   2.51
5.75   -3.49
5.78   3.51
5.80   -4.49
5.83   3.51
5.85   -4.49
5.88   3.51
5.90   -4.49
5.93   4.51
5.95   -4.49
5.98   4.51
6.00   -4.49
6.03   3.51
6.05   -4.49
6.08   4.52
6.10   -4.49
6.13   3.52
6.15   -3.48
6.18   3.52
6.20   -3.48
6.23   3.52
6.25   -2.48
6.28   2.52
6.30   -2.48
6.32   1.52
6.35   -1.48
6.38   1.52
6.40   -1.48
6.42   0.53
6.45   -0.48
6.47   0.53
6.50   0.52
6.52   -1.47
6.55   1.52
6.57   -2.47
6.60   1.52
6.62   -2.47
6.65   2.53
6.67   -3.47
6.70   3.53
6.72   -3.46
6.75   3.53
6.77   -3.46
6.80   3.54
6.82   -4.46
6.85   3.54
6.87   -4.46
6.90   4.54
6.92   -4.46
6.95   4.54
6.97   -4.45
7.00   4.55
7.02   -4.45
7.05   3.55
7.07   -4.45
7.09   3.55
7.12   -3.45
7.15   3.56
7.17   -3.44
7.19   2.56
7.22   -2.44
7.24   2.56
7.27   -2.44
7.29   1.57
7.32   -2.44
7.34   1.57
7.37   -0.43
7.39   0.57
7.42   -0.43
7.44   -0.43
7.47   -0.43
7.49   -1.42
7.52   1.57
7.54   -1.42
7.57   1.58
7.59   -2.42
7.62   2.58
7.64   -3.42
7.67   3.58
7.69   -3.41
7.72   3.58
7.74   -4.41
7.77   3.59
7.79   -4.41
7.82   4.59
7.84   -4.41
7.86   4.59
7.89   -4.41
7.92   4.59
7.94   -4.41
7.97   4.59
7.99   -4.41
8.01   3.60
8.04   -4.40
8.06   4.60
8.09   -4.40
8.11   3.60
8.14   -3.40
8.16   3.60
8.19   -2.40
8.21   2.60
8.24   -2.40
8.26   1.60
8.29   -1.40
8.31   1.61
8.34   -1.40
8.36   0.61
8.39   -0.40
8.41   -0.39
8.44   0.61
8.46   -0.39
8.49   1.61
8.51   -1.39
8.54   1.61
8.56   -2.39
8.59   2.61
8.61   -2.39
8.64   2.61
8.66   -3.39
8.69   3.61
8.71   -3.39
8.73   3.61
8.76   -4.39
8.78   4.61
8.81   -4.39
8.84   4.61
8.86   -4.39
8.88   4.61
8.91   -4.39
8.93   4.61
8.96   -4.39
8.98   4.61
9.01   -4.39
9.03   4.61
9.06   -4.39
9.08   3.61
9.11   -3.39
9.13   3.61
9.16   -3.39
9.18   2.62
9.21   -2.39
9.23   2.62
9.26   -2.39
9.28   1.62
9.31   -1.39
9.33   1.62
9.36   -0.38
9.38   0.62
9.41   0.62
9.43   -0.38
9.46   0.62
9.48   -1.38
9.51   1.62
9.53   -1.38
9.55   1.62
9.58   -2.38
9.60   2.62
9.63   -3.38
9.65   2.62
9.68   -3.37
9.70   3.62
9.73   -3.37
9.75   3.62
9.78   -4.37
9.80   4.63
9.83   -4.37
9.85   4.63
9.88   -4.37
9.90   4.63
9.93   -4.37
9.95   4.63
9.98   -4.37
10.00   4.63
10.03   -4.37
10.05   3.63
10.08   -4.37
10.10   3.63
10.13   -4.37
10.15   3.64
10.18   -3.37
10.20   3.64
10.23   -3.36
10.25   2.64
10.27   -3.36
10.30   2.64
10.33   -2.36
10.35   2.64
10.38   -2.36
10.40   1.64
10.43   -1.36
10.45   1.64
10.47   -1.36
10.50   1.64
10.52   -1.36
10.55   0.65
10.57   -0.36
10.60   -0.35
10.62   0.64
10.65   -0.35
10.67   0.65
10.70   -1.35
10.72   0.65
10.75   -1.35
10.77   1.65
10.80   -1.35
10.82   1.65
10.85   -2.35
10.87   2.65
10.90   -2.35
10.92   2.65
10.95   -3.35
10.97   2.65
11.00   -3.34
11.02   2.65
11.05   -4.34
11.07   3.65
11.10   -4.34
11.12   3.66
11.15   -4.34
11.17   3.66
11.20   -4.34
11.22   3.66
11.25   -4.34
11.27   3.66
11.30   -4.34
11.32   4.66
11.35   -4.34
11.37   4.66
11.40   -4.34
11.42   4.66
11.44   -4.34
11.47   4.67
11.50   -4.33
11.52   3.67
11.54   -4.33
11.57   3.67
11.59   -3.33
11.62   2.67
11.64   -3.33
11.67   3.68
11.69   -3.32
11.72   2.68
11.74   -2.32
11.77   2.68
11.79   -1.32
11.82   1.68
11.84   -1.32
11.87   1.69
11.89   -0.31
11.92   0.69
11.94   -0.31
11.97   0.69
11.99   0.69
12.02   -0.30
12.04   0.69
12.07   -1.30
12.09   1.70
12.12   -2.30
12.14   1.70
12.17   -2.30
12.19   2.70
12.22   -2.29
12.24   2.70
12.27   -3.29
12.29   2.71
12.31   -3.29
12.34   3.71
12.36   -3.29
12.39   3.71
12.41   -4.29
12.44   3.71
12.47   -4.28
12.49   3.72
12.51   -5.28
12.54   4.72
12.56   -4.28
12.59   4.72
12.61   -4.28
12.64   4.72
12.66   -4.28
12.69   4.73
12.71   -4.27
12.74   4.73
12.76   -4.27
12.79   4.73
12.81   -4.27
12.84   3.73
12.86   -4.27
12.89   3.73
12.91   -3.27
12.94   2.74
12.96   -3.26
12.99   2.74
13.01   -2.26
13.04   2.74
13.06   -2.26
13.09   1.74
13.11   -1.26
13.14   0.75
13.16   -1.26
13.19   0.75
13.21   -0.25
13.24   -0.25
13.26   0.75
13.28   -0.25
13.31   0.75
13.34   -1.25
13.36   0.75
13.38   -1.24
13.41   1.76
13.43   -2.24
13.46   1.76
13.48   -2.24
13.51   2.76
13.53   -3.24
13.56   2.76
13.58   -3.24
13.61   3.76
13.63   -4.23
13.66   3.77
13.68   -4.23
13.71   3.77
13.73   -4.23
13.76   4.77
13.78   -4.23
13.81   4.77
13.83   -4.23
13.86   4.77
13.88   -4.23
13.91   4.77
13.93   -4.23
13.96   4.77
13.98   -4.23
14.01   4.77
14.03   -4.23
14.06   4.77
14.08   -4.23
14.11   4.78
14.13   -4.23
14.15   3.78
14.18   -3.22
14.21   3.78
14.23   -3.22
14.26   3.78
14.28   -2.22
14.31   2.78
14.33   -2.22
14.35   2.78
14.38   -1.22
14.40   2.78
14.43   -1.22
14.45   1.78
14.48   -0.22
14.50   0.78
14.53   -0.22
14.55   0.79
14.58   0.78
14.60   -0.21
14.63   0.79
14.65   -0.21
14.68   0.79
14.70   -1.21
14.73   1.79
14.75   -2.21
14.78   2.79
14.80   -2.21
14.83   2.79
14.85   -3.20
14.88   3.79
14.90   -3.20
14.93   3.80
14.95   -3.20
14.98   4.80
15.00   -4.20
15.03   4.80
15.05   -4.20
15.08   4.80
15.10   -4.20
15.13   4.80
15.15   -5.20
15.18   4.80
15.20   -4.20
15.22   4.81
15.25   -5.19
15.27   3.81
15.30   -4.19
15.32   3.81
15.35   -4.19
15.37   3.81
15.40   -3.19
15.42   2.81
15.45   -3.19
15.47   2.81
15.50   -3.19
15.52   2.82
15.55   -2.19
15.57   2.82
15.60   -2.18
15.62   1.82
15.65   -1.18
15.67   0.82
15.70   -1.18
15.72   0.82
15.75   -0.18
15.77   -0.17
15.80   0.83
15.82   -0.17
15.85   0.83
15.87   -2.17
15.90   0.83
15.92   -2.17
15.95   1.83
15.97   -2.17
16.00   2.83
16.02   -3.16
16.05   2.84
16.07   -3.16
16.09   3.84
16.12   -3.16
16.14   3.84
16.17   -4.16
16.19   3.84
16.22   -4.16
16.24   3.84
16.27   -4.16
16.29   3.84
16.32   -4.16
16.34   3.84
16.37   -4.16
16.39   4.84
16.42   -4.15
16.44   4.85
16.47   -5.15
16.49   4.85
16.52   -4.15
16.54   4.85
16.57   -4.15
16.59   3.85
16.62   -4.15
16.64   3.85
16.67   -3.15
16.69   3.85
16.72   -3.15
16.74   2.85
16.77   -2.15
16.79   2.85
16.82   -2.15
16.84   2.86
16.87   -2.15
16.89   1.86
16.92   -1.14
16.94   0.86
16.96   -0.14
16.99   0.86
17.01   -0.14
17.04   -0.14
17.06   -0.14
17.09   -0.14
17.11   0.86
17.14   -1.14
17.17   1.86
17.19   -1.13
17.21   1.87
17.24   -2.13
17.26   1.87
17.29   -2.13
17.31   2.87
17.34   -3.13
17.36   2.87
17.39   -3.13
17.41   3.87
17.44   -3.13
17.46   3.87
17.49   -4.13
17.51   3.87
17.54   -4.13
17.56   4.87
17.59   -4.13
17.61   3.87
17.64   -4.12
17.66   4.87
17.69   -4.12
17.71   4.88
17.74   -4.12
17.76   4.88
17.79   -4.12
17.81   4.88
17.84   -4.12
17.86   4.88
17.89   -4.12
17.91   3.88
17.94   -3.12
17.96   3.88
17.98   -4.12
18.01   3.88
18.03   -3.12
18.06   2.88
18.08   -3.12
18.11   2.88
18.13   -2.12
18.16   1.89
18.18   -2.12
18.21   1.89
18.23   -1.11
18.26   1.89
18.28   0.89
18.31   -3.11
18.33   3.89
18.36   -4.11
18.38   2.89
18.40   -0.11
18.43   -2.11
18.45   3.89
18.48   -5.11
18.50   3.89
18.52   -1.11
18.55   -1.11
18.57   2.89
18.59   -5.10
18.62   3.90
18.64   -2.10
18.67   -0.10
18.69   1.90
18.72   -4.10
18.74   4.90
18.76   -3.10
18.79   1.90
18.81   0.90
18.84   -4.10
18.86   4.90
18.88   -4.10
18.91   1.90
18.93   -0.10
18.96   -2.09
18.98   3.91
19.00   -4.09
19.03   2.91
19.05   -1.09
19.08   -2.09
19.10   3.91
19.12   -5.09
19.15   3.91
19.17   -2.09
19.20   -1.09
19.22   2.91
19.25   -5.09
19.27   3.91
19.29   -3.09
19.32   0.92
19.34   1.92
19.36   -4.08
19.39   4.92
19.41   -4.08
19.44   1.92
19.46   0.92
19.48   -3.08
19.51   3.92
19.53   -4.08
19.56   2.92
19.58   -0.08
19.61   -2.08
19.63   3.92
19.65   -5.08
19.68   3.92
19.70   -2.08
19.73   -1.07
19.75   2.93
19.77   -4.07
19.80   4.93
19.82   -3.07
19.85   -0.07
19.87   1.93
19.89   -4.07
19.92   3.93
19.94   -4.07
19.97   1.93
19.99   -0.07
20.01   -3.07
20.04   4.93
20.06   -4.07
20.09   2.93
20.11   -0.07
20.13   -2.06
20.16   3.94
20.18   -4.06
20.21   3.94
20.23   -2.06
20.25   -1.06
20.28   2.94
20.30   -4.06
20.33   3.94
20.35   -2.06
20.37   -0.06
20.40   2.94
20.42   -4.06
20.45   4.94
20.47   -4.06
20.50   1.94
20.52   0.94
20.54   -4.06
20.57   4.94
20.59   -4.06
20.62   2.94
20.64   -2.06
20.67   -0.05
20.69   1.94
20.71   -3.05
20.74   3.95
20.76   -5.05
20.79   3.95
20.81   -2.05
20.83   0.95
20.86   1.95
20.88   -3.05
20.91   4.95
20.93   -4.05
20.96   3.95
20.98   -3.05
21.00   0.95
21.03   1.95
21.05   -3.05
21.08   3.95
21.10   -5.05
21.13   3.95
21.15   -3.05
21.17   0.95
21.20   0.95
21.22   -3.05
21.25   3.95
21.27   -4.05
21.30   3.95
21.32   -3.05
21.34   1.96
21.37   0.95
21.39   -3.04
21.42   3.96
21.44   -5.04
21.47   3.96
21.49   -3.04
21.51   1.96
21.54   -0.04
21.56   -2.04
21.59   2.96
21.61   -4.04
21.64   4.96
21.66   -4.04
21.68   1.96
21.71   -1.04
21.73   -2.04
21.76   2.96
21.78   -5.04
21.81   4.96
21.83   -4.04
21.85   2.96
21.88   -1.04
21.90   -1.04
21.93   2.96
21.95   -4.04
21.98   3.96
22.00   -4.04
22.02   2.97
22.05   -2.03
22.07   -1.03
22.10   2.97
22.12   -4.03
22.15   3.97
22.17   -4.03
22.19   2.97
22.22   -2.03
22.24   -1.03
22.27   1.97
22.29   -4.03
22.32   3.97
22.34   -4.03
22.36   3.97
22.39   -2.03
22.41   -0.03
22.44   1.97
22.46   -4.03
22.49   3.97
22.51   -5.03
22.53   3.97
22.56   -3.03
22.58   0.98
22.61   0.98
22.63   -3.02
22.66   3.98
22.68   -5.02
22.70   3.98
22.73   -3.02
22.75   0.98
22.78   0.98
22.80   -3.02
22.82   3.98
22.85   -5.02
22.87   3.98
22.90   -3.02
22.92   0.98
22.95   0.98
22.97   -3.02
23.00   3.98
23.02   -5.02
23.04   3.98
23.07   -3.02
23.09   1.98
23.12   0.98
23.14   -3.01
23.16   3.99
23.19   -5.01
23.21   3.99
23.24   -3.01
23.26   1.99
23.29   -0.01
23.31   -2.01
23.33   3.99
23.36   -5.01
23.38   3.99
23.41   -3.01
23.43   1.99
23.46   -0.01
23.48   -2.01
23.50   2.99
23.53   -5.01
23.55   3.99
23.58   -4.01
23.60   2.99
23.63   -0.01
23.65   -2.01
23.67   2.99
23.70   -4.01
23.72   4.99
23.75   -4.01
23.77   2.99
23.80   -0.01
23.82   -1.00
23.84   3.00
23.87   -5.00
23.89   5.00
23.92   -4.00
23.94   3.00
23.97   -1.00
23.99   -1.00
24.01   3.00
24.04   -5.00
24.06   5.00
24.09   -4.00
24.11   3.00
24.13   -1.00
24.16   -1.00
24.18   3.00
24.21   -4.00
24.23   4.00
24.26   -4.00
24.28   3.00
24.30   -1.00
24.33   -1.00
24.35   3.00
24.38   -4.00
24.40   5.00
24.43   -5.00
24.45   3.00
24.47   -2.00
24.50   -1.00
24.52   3.00
24.55   -3.99
24.57   5.00
24.60   -4.99
24.62   3.01
24.64   -1.99
24.67   -0.99
24.69   2.01
24.72   -3.99
24.74   4.01
24.77   -4.99
24.79   2.01
24.81   -19.98
24.84   -63.92
24.86   -122.81
24.89   -176.63
24.91   -215.41
24.94   -276.14
24.96   -333.79
24.99   -361.41
25.01   -372.01
25.03   -377.61
25.06   -382.20
25.08   -384.79
25.11   -386.38
25.13   -387.97
25.16   -388.55
25.18   -389.14
25.21   -389.72
25.23   -389.30
25.26   -389.89
25.28   -389.48
25.31   -389.06
25.33   -389.65
25.36   -389.24
25.38   -388.83
25.41   -388.42
25.43   -388.01
25.46   -387.60
25.48   -387.20
25.51   -386.79
25.53   -386.39
25.56   -385.98
25.58   -385.58
25.61   -384.18
25.63   -382.78
25.66   -381.37
25.68   -377.98
25.71   -372.59
25.73   -303.23
25.76   -109.07
25.78   -27.03
25.81   -5.02
25.83   8.97
25.86   6.96
25.88   17.95
25.90   9.93
25.93   17.92
25.95   11.90
25.98   15.89
26.00   15.88
26.03   11.86
26.05   17.85
26.08   9.83
26.10   18.82
26.12   10.80
26.15   16.79
26.17   14.78
26.20   12.76
26.22   17.75
26.25   9.73
26.27   18.72
26.29   10.71
26.32   17.69
26.34   12.68
26.37   12.66
26.39   16.65
26.42   10.64
26.44   18.62
26.46   9.61
26.49   17.60
26.51   11.58
26.54   14.57
26.56   15.55
26.59   10.54
26.61   18.53
26.63   9.51
26.66   17.50
26.68   10.49
26.71   16.47
26.73   14.46
26.76   11.45
26.78   17.43
26.80   9.42
26.83   17.41
26.85   9.39
26.88   16.38
26.90   13.37
26.93   12.35
26.95   16.34
26.97   9.33
27.00   18.31
27.02   9.30
27.05   17.29
27.07   11.28
27.10   14.26
27.12   15.25
27.14   10.24
27.17   17.22
27.19   9.21
27.22   17.20
27.24   10.19
27.27   14.17
27.29   14.16
27.31   10.15
27.34   17.13
27.36   9.12
27.39   18.11
27.41   10.10
27.44   16.08
27.46   13.07
27.48   12.06
27.51   16.05
27.53   9.03
27.56   18.02
27.58   9.01
27.61   16.00
27.63   11.98
27.65   12.97
27.68   15.96
27.70   8.95
27.73   17.94
27.75   8.92
27.78   16.91
27.80   10.90
27.83   13.89
27.85   14.87
27.87   9.86
27.90   17.85
27.92   8.84
27.95   16.83
27.97   9.81
28.00   13.80
28.02   13.79
28.04   10.78
28.07   16.76
28.09   8.75
28.12   17.74
28.14   8.73
28.17   14.72
28.19   12.70
28.21   11.69
28.24   16.68
28.26   8.67
28.29   17.66
28.31   8.65
28.34   15.63
28.36   11.62
28.38   12.61
28.41   15.60
28.43   8.59
28.46   17.58
28.48   8.57
28.51   16.55
28.53   10.54
28.55   13.53
28.58   14.52
28.60   9.51
28.63   16.50
28.65   7.48
28.68   16.47
28.70   9.46
28.72   14.45
28.75   12.44
28.77   10.43
28.80   16.42
28.82   8.41
28.85   17.40
28.87   8.38
28.89   15.37
28.92   11.36
28.94   11.35
28.97   15.34
28.99   8.33
29.02   16.32
29.04   7.31
29.06   15.30
29.09   11.28
29.11   11.27
29.14   14.26
29.16   8.25
29.19   17.24
29.21   7.23
29.23   16.22
29.26   10.21
29.28   13.20
29.31   13.19
29.33   9.18
29.36   16.17
29.38   7.16
29.40   16.15
29.43   9.13
29.45   14.12
29.48   13.11
29.50   10.10
29.53   16.09
29.55   8.08
29.57   16.07
29.60   9.06
29.62   14.05
29.65   12.04
29.67   10.03
29.70   15.02
29.72   8.01
29.75   16.00
29.77   7.99
29.79   14.98
29.82   10.97
29.84   10.96
29.87   14.95
29.89   7.94
29.92   16.92
29.94   6.91
29.96   15.90
29.99   9.89
30.01   11.88
30.04   13.87
30.06   8.86
30.08   16.85
30.11   6.84
30.13   15.83
30.16   8.82
30.18   12.81
30.21   12.80
30.23   8.79
30.26   15.78
30.28   7.77
30.30   15.76
30.33   8.75
30.35   13.74
30.38   11.73
30.40   9.72
30.43   14.71
30.45   6.70
30.47   15.69
30.50   7.68
30.52   14.67
30.55   11.66
30.57   10.65
30.60   14.64
30.62   7.63
30.64   16.62
30.67   7.61
30.69   14.60
30.72   9.59
30.74   11.58
30.77   13.57
30.79   7.56
30.81   16.55
30.84   7.54
30.86   15.53
30.89   8.52
30.91   12.52
30.94   12.51
30.96   8.50
30.98   15.49
31.01   6.48
31.03   15.47
31.06   7.46
31.08   13.45
31.11   11.44
31.13   9.43
31.15   15.42
31.18   6.41
31.20   15.40
31.23   7.39
31.25   13.38
31.28   11.37
31.30   9.36
31.32   14.35
31.35   7.35
31.37   15.34
31.40   7.33
31.42   14.32
31.45   10.31
31.47   10.30
31.50   13.29
31.52   7.28
31.54   16.27
31.57   7.26
31.59   15.25
31.62   9.24
31.64   11.24
31.67   13.23
31.69   7.22
31.71   15.21
31.74   6.20
31.76   15.19
31.78   8.18
31.81   12.17
31.83   12.16
31.86   8.15
31.88   14.15
31.91   6.14
31.93   15.13
31.95   8.12
31.98   13.11
32.01   11.10
32.03   9.09
32.05   14.08
32.08   7.07
32.10   15.07
32.13   7.06
32.15   13.05
32.18   11.04
32.20   9.03
32.22   14.02
32.25   7.01
32.27   16.00
32.30   7.00
32.32   13.99
32.35   9.98
32.37   9.97
32.39   13.96
32.42   6.95
32.44   15.94
32.47   6.94
32.49   14.93
32.52   8.92
32.54   10.91
32.56   12.90
32.59   6.89
32.61   14.88
32.64   6.88
32.66   14.87
32.69   8.86
32.71   11.85
32.73   11.84
32.76   7.83
32.78   14.82
32.81   5.82
32.83   14.81
32.86   7.80
32.88   12.79
32.90   10.78
32.93   8.78
32.95   13.77
32.98   5.76
33.00   14.75
33.03   6.74
33.05   12.73
33.07   9.72
33.10   8.72
33.12   13.71
33.15   6.70
33.17   15.69
33.20   6.68
33.22   13.68
33.24   9.67
33.27   9.66
33.29   13.65
33.32   6.64
33.34   15.64
33.36   6.63
33.39   14.62
33.41   8.61
33.44   10.60
33.46   12.59
33.49   6.59
33.51   14.58
33.53   6.57
33.56   14.56
33.58   8.55
33.61   11.55
33.63   12.54
33.66   7.53
33.68   14.52
33.70   5.51
33.73   14.51
33.75   7.50
33.78   11.49
33.80   11.48
33.83   7.48
33.85   13.47
33.87   5.46
33.90   14.45
33.92   6.44
33.95   12.44
33.97   10.43
34.00   8.42
34.02   13.41
34.04   5.41
34.07   14.40
34.09   6.39
34.12   13.38
34.14   9.37
34.17   9.37
34.19   13.36
34.22   7.35
34.24   13.34
34.27   6.34
34.29   14.33
34.31   6.32
34.34   14.31
34.37   6.31
34.39   14.30
34.41   5.29
34.44   14.28
34.46   5.27
34.49   14.27
34.51   5.26
34.54   14.25
34.56   5.24
34.59   14.24
34.61   5.23
34.64   14.22
34.66   5.21
34.69   14.21
34.71   6.20
34.74   13.19
34.76   6.18
34.79   13.18
34.81   6.17
34.84   13.16
34.86   7.15
34.89   12.15
34.91   7.14
34.94   12.13
34.96   8.13
34.99   11.12
35.01   9.11
35.04   11.10
35.06   9.10
35.09   10.09
35.11   10.08
35.13   9.08
35.16   11.07
35.19   9.06
35.21   11.05
35.23   8.05
35.26   12.04
35.28   7.03
35.31   13.02
35.34   7.02
35.36   13.01
35.38   7.00
35.41   14.00
35.43   5.99
35.46   13.98
35.48   5.98
35.51   13.97
35.53   5.96
35.56   14.95
35.58   4.95
35.61   13.94
35.63   4.93
35.66   13.92
35.68   4.92
35.71   14.91
35.73   4.90
35.76   13.90
35.78   5.89
35.81   13.88
35.83   5.87
35.86   13.87
35.88   6.86
35.91   12.85
35.93   6.85
35.96   12.84
35.98   6.83
36.01   11.83
36.03   7.82
36.06   11.81
36.08   7.80
36.11   10.80
36.13   8.79
36.15   9.79
36.18   9.78
36.20   9.77
36.23   10.76
36.25   8.76
36.28   10.75
36.30   8.75
36.33   11.74
36.35   7.73
36.38   12.72
36.40   6.72
36.43   12.71
36.45   5.70
36.48   12.70
36.50   5.69
36.53   13.68
36.55   5.68
36.58   13.67
36.60   5.66
36.63   13.66
36.65   5.65
36.68   13.64
36.70   4.64
36.73   14.63
36.75   4.62
36.78   13.62
36.80   4.61
36.83   13.60
36.85   4.60
36.88   13.59
36.90   5.58
36.93   13.58
36.95   5.57
36.97   12.56
37.00   6.56
37.02   12.55
37.05   6.54
37.07   11.54
37.10   7.53
37.12   11.53
37.15   7.52
37.17   10.51
37.20   8.51
37.22   9.50
37.25   9.49
37.27   8.49
37.30   9.48
37.32   8.47
37.35   10.47
37.37   7.46
37.40   11.46
37.42   7.45
37.45   12.44
37.47   6.44
37.50   12.43
37.52   6.42
37.55   12.42
37.57   5.41
37.60   13.40
37.62   5.40
37.65   13.39
37.67   4.39
37.70   13.38
37.72   4.37
37.75   13.37
37.77   4.36
37.79   14.35
37.82   4.35
37.84   13.34
37.87   4.34
37.89   13.33
37.92   4.32
37.94   13.32
37.97   5.31
37.99   13.30
38.02   5.30
38.04   12.29
38.07   6.29
38.09   12.28
38.12   6.27
38.14   12.27
38.17   7.26
38.19   11.26
38.22   7.25
38.24   11.24
38.27   8.24
38.29   10.23
38.32   9.22
38.34   9.22
38.37   9.21
38.39   8.21
38.42   10.20
38.44   7.20
38.47   11.19
38.49   7.18
38.52   11.18
38.54   7.17
38.56   12.17
38.59   6.16
38.62   12.15
38.64   5.15
38.67   13.14
38.69   5.14
38.71   13.13
38.74   5.12
38.76   13.12
38.79   4.11
38.81   13.11
38.84   4.10
38.86   13.09
38.89   4.09
38.91   13.08
38.94   4.08
38.96   13.07
38.99   4.06
39.01   13.06
39.04   4.05
39.06   13.05
39.09   5.04
39.11   13.04
39.14   5.03
39.16   12.02
39.19   6.02
39.21   12.01
39.24   6.01
39.26   11.00
39.29   6.99
39.31   9.99
39.34   7.98
39.36   9.98
39.39   8.97
39.41   8.96
39.44   8.95
39.46   7.94
39.49   9.94
39.51   6.93
39.53   10.92
39.56   6.91
39.58   10.91
39.61   5.90
39.63   11.89
39.66   4.88
39.68   11.87
39.71   4.87
39.73   11.86
39.76   4.85
39.78   12.84
39.81   4.84
39.83   12.83
39.86   4.82
39.88   12.81
39.91   3.81
39.93   12.80
39.96   3.79
39.98   12.78
40.01   3.77
40.03   12.77
40.06   3.76
40.08   12.75
40.11   4.74
40.13   12.74
40.16   4.73
40.18   12.72
40.21   4.71
40.23   11.71
40.26   5.70
40.28   11.69
40.31   5.68
40.33   10.68
40.35   6.67
40.38   9.66
40.40   7.65
40.43   9.65
40.45   8.64
40.48   8.63
40.50   8.62
40.53   7.62
40.55   9.61
40.58   7.60
40.60   10.59
40.63   6.59
40.65   11.58
40.68   5.57
40.70   11.56
40.73   4.56
40.75   12.55
40.78   4.54
40.80   12.54
40.83   4.53
40.85   12.52
40.88   3.51
40.90   12.51
40.93   3.50
40.95   12.49
40.98   3.48
41.00   13.48
41.03   3.47
41.05   12.46
41.08   3.46
41.10   12.45
41.13   4.44
41.15   12.43
41.18   4.43
41.20   12.42
41.22   4.41
41.25   11.41
41.27   5.40
41.30   11.39
41.32   5.38
41.35   10.38
41.37   6.37
41.40   10.36
41.42   7.36
41.45   9.35
41.47   7.34
41.50   8.33
41.52   8.33
41.55   7.32
41.57   9.31
41.60   7.31
41.62   10.30
41.65   6.29
41.67   10.29
41.70   5.28
41.72   10.27
41.75   5.26
41.77   11.26
41.80   5.25
41.82   11.24
41.85   4.24
41.87   12.23
41.90   3.22
41.92   12.22
41.95   4.21
41.97   12.20
42.00   3.19
42.02   12.19
42.04   3.18
42.07   12.17
42.09   3.17
42.12   13.16
42.14   3.15
42.17   12.15
42.19   4.14
42.22   12.13
42.24   4.13
42.27   12.12
42.29   4.11
42.32   11.11
42.34   5.10
42.37   11.09
42.39   5.09
42.42   10.08
42.44   6.07
42.47   10.07
42.49   6.06
42.52   9.05
42.54   7.05
42.57   8.04
42.59   8.03
42.62   7.03
42.64   9.02
42.67   7.01
42.69   9.01
42.72   6.00
42.74   9.99
42.77   4.99
42.79   10.98
42.81   4.97
42.84   10.97
42.86   3.96
42.89   11.95
42.91   3.95
42.94   11.94
42.96   3.93
42.99   11.93
43.01   2.92
43.04   11.91
43.06   2.91
43.09   12.90
43.11   2.89
43.14   11.89
43.16   2.88
43.19   11.87
43.21   2.87
43.24   11.86
43.26   3.85
43.29   11.85
43.31   3.84
43.34   10.83
43.36   3.83
43.39   10.82
43.41   4.82
43.44   10.81
43.46   5.80
43.49   9.80
43.51   5.79
43.54   8.78
43.56   6.78
43.59   7.77
43.61   7.76
43.63   7.76
43.66   8.75
43.68   6.75
43.71   9.74
43.74   5.73
43.76   9.73
43.78   5.72
43.81   10.71
43.83   3.71
43.86   10.70
43.88   3.69
43.91   11.69
43.93   3.68
43.96   11.68
43.98   3.67
44.01   11.66
44.03   2.66
44.06   11.65
44.08   2.64
44.11   11.64
44.13   2.63
44.16   12.63
44.18   3.62
44.21   11.61
44.23   2.61
44.26   11.60
44.28   3.60
44.31   11.59
44.33   3.58
44.36   10.58
44.38   3.57
44.40   10.56
44.43   4.56
44.46   9.55
44.48   5.55
44.51   9.54
44.53   6.53
44.56   8.53
44.58   6.52
44.60   7.52
44.63   7.51
44.65   6.50
44.68   8.50
44.70   5.49
44.73   9.49
44.75   5.48
44.78   9.47
44.80   4.47
44.83   10.46
44.85   4.46
44.88   10.45
44.90   3.44
44.93   11.44
44.95   3.43
44.98   11.43
45.00   2.42
45.03   11.41
45.05   2.41
45.08   12.40
45.10   2.40
45.13   11.39
45.15   2.38
45.18   11.38
45.20   3.37
45.22   11.37
45.25   3.36
45.28   11.35
45.30   3.35
45.33   10.34
45.35   3.34
45.37   10.33
45.40   4.32
45.42   10.32
45.45   4.31
45.47   10.31
45.50   5.30
45.52   9.30
45.55   5.29
45.57   8.28
45.60   7.28
45.62   7.27
45.65   7.27
45.67   6.26
45.70   8.25
45.72   5.25
45.75   9.24
45.77   5.24
45.80   9.23
45.82   4.23
45.85   10.22
45.87   3.21
45.90   10.21
45.92   3.20
45.95   11.20
45.97   3.19
46.00   11.19
46.02   2.18
46.04   11.17
46.07   2.17
46.10   11.16
46.12   2.16
46.15   12.15
46.17   3.15
46.19   11.14
46.22   3.13
46.24   12.13
46.27   3.12
46.29   11.12
46.32   3.11
46.34   11.11
46.37   3.10
46.39   10.10
46.42   4.09
46.44   10.08
46.47   4.08
46.49   10.07
46.52   5.07
46.54   9.06
46.57   6.06
46.59   8.05
46.62   6.05
46.64   7.04
46.67   8.03
46.69   6.03
46.72   8.02
46.74   6.02
46.77   9.01
46.79   5.01
46.82   10.00
46.84   4.00
46.87   9.99
46.89   3.98
46.92   9.98
46.94   2.97
46.96   10.97
46.99   2.96
47.01   11.96
47.04   2.95
47.06   10.95
47.09   1.94
47.11   11.94
47.14   1.93
47.16   10.92
47.19   2.92
47.21   10.91
47.24   1.91
47.26   10.90
47.29   2.90
47.31   10.89
47.34   2.89
47.36   10.88
47.39   3.88
47.41   10.87
47.44   3.87
47.46   9.86
47.49   4.85
47.51   8.85
47.54   4.84
47.56   7.84
47.59   5.83
47.61   6.83
47.64   6.82
47.66   5.82
47.69   7.81
47.71   5.81
47.74   8.80
47.76   4.80
47.78   8.79
47.81   4.79
47.84   9.78
47.86   3.78
47.88   9.77
47.91   2.76
47.93   10.76
47.96   2.75
47.98   10.75
48.01   2.74
48.03   11.74
48.06   1.73
48.08   10.73
48.11   1.72
48.13   10.72
48.16   1.71
48.18   10.71
48.21   2.70
48.23   10.70
48.26   1.69
48.28   10.69
48.31   2.68
48.33   10.68
48.36   2.67
48.38   10.67
48.41   3.66
48.43   9.66
48.46   3.65
48.48   8.65
48.51   4.64
48.53   8.64
48.56   5.63
48.58   7.63
48.61   6.62
48.63   6.62
48.65   6.61
48.68   5.60
48.70   7.60
48.73   5.59
48.75   8.59
48.78   4.58
48.80   9.58
48.83   3.57
48.85   9.57
48.88   3.56
48.90   10.56
48.93   2.55
48.95   10.55
48.98   2.54
49.00   10.54
49.03   2.53
49.05   11.53
49.08   2.52
49.10   11.52
49.13   1.51
49.15   11.51
49.18   2.50
49.20   11.50
49.22   2.49
49.25   10.49
49.28   2.48
49.30   10.48
49.33   2.47
49.35   9.47
49.38   2.46
49.40   10.46
49.42   3.46
49.45   9.45
49.47   3.45
49.50   8.44
49.52   4.44
49.55   8.43
49.57   5.43
49.60   7.42
49.62   6.42
49.65   6.41
49.67   6.41
49.70   5.40
49.72   8.40
49.75   5.39
49.77   8.39
49.80   3.38
49.82   9.38
49.85   3.37
49.87   9.37
49.90   2.36
49.92   10.36
49.95   2.35
49.97   10.35
50.00   2.34
50.02   10.34
50.04   1.33
50.07   10.33
50.10   1.32
50.12   11.32
50.15   1.31
50.17   10.31
50.20   1.31
50.22   10.30
50.24   2.30
50.27   10.29
50.29   2.29
50.32   10.28
50.34   2.28
50.37   10.27
50.39   3.27
50.42   9.26
50.44   3.26
50.47   9.25
50.49   4.25
50.52   8.24
50.54   5.24
50.57   7.23
50.59   5.23
50.62   6.22
50.64   6.22
50.67   5.22
50.69   7.21
50.72   5.21
50.74   8.20
50.77   4.20
50.79   8.19
50.82   3.19
50.84   9.18
50.87   3.18
50.89   9.17
50.92   2.17
50.94   10.16
50.97   2.16
50.99   10.16
51.01   1.15
51.04   10.15
51.06   1.14
51.09   10.14
51.11   1.13
51.14   11.13
51.16   1.12
51.19   10.12
51.21   1.11
51.24   11.11
51.26   1.10
51.29   10.10
51.31   2.10
51.34   10.09
51.36   2.09
51.39   9.08
51.41   3.08
51.44   9.07
51.46   4.07
51.49   8.06
51.51   4.06
51.54   8.06
51.56   5.05
51.59   7.05
51.61   5.04
51.64   6.04
51.66   6.03
51.69   5.03
51.71   8.02
51.74   4.02
51.76   8.01
51.78   3.01
51.81   9.01
51.83   3.00
51.86   9.00
51.88   2.99
51.91   9.99
51.93   1.98
51.96   9.98
51.98   0.97
52.01   9.97
52.03   0.97
52.06   10.96
52.08   0.96
52.11   9.95
52.13   0.95
52.16   9.94
52.18   1.94
52.21   9.93
52.23   1.93
52.26   9.93
52.28   1.92
52.31   8.92
52.33   2.91
52.36   8.91
52.38   3.90
52.40   7.90
52.43   3.90
52.46   6.89
52.48   4.89
52.50   5.88
52.53   5.88
52.55   5.87
52.58   6.87
52.60   4.87
52.63   6.86
52.65   3.86
52.68   7.85
52.70   2.85
52.73   8.84
52.75   2.84
52.78   8.84
52.80   1.83
52.83   9.83
52.85   1.82
52.88   9.82
52.90   1.81
52.93   10.81
52.95   0.81
52.98   10.80
53.00   0.80
53.03   9.79
53.05   1.79
53.08   9.78
53.10   0.78
53.13   9.78
53.15   1.77
53.18   9.77
53.20   2.76
53.22   8.76
53.25   2.75
53.27   8.75
53.30   2.75
53.32   7.74
53.35   3.74
53.37   6.73
53.40   4.73
53.42   6.73
53.45   5.72
53.47   5.72
53.50   5.71
53.52   4.71
53.55   6.70
53.57   3.70
53.60   7.70
53.62   2.69
53.65   7.69
53.67   2.68
53.70   8.68
53.72   1.68
53.75   8.67
53.77   1.67
53.80   9.66
53.82   1.66
53.85   9.65
53.87   0.65
53.90   10.65
53.92   0.64
53.95   9.64
53.97   0.63
54.00   10.63
54.02   0.63
54.04   9.62
54.07   0.62
54.09   9.61
54.12   1.61
54.14   8.61
54.17   2.60
54.19   7.60
54.22   2.59
54.24   7.59
54.27   3.59
54.29   6.58
54.32   4.58
54.34   5.57
54.37   4.57
54.39   5.56
54.42   5.56
54.44   4.56
54.47   6.55
54.49   3.55
54.52   7.54
54.54   3.54
54.56   7.54
54.59   2.53
54.62   8.53
54.64   1.52
54.67   9.52
54.69   1.52
54.72   9.51
54.74   1.51
54.76   10.50
54.79   0.50
54.81   10.50
54.84   0.49
54.86   9.49
54.89   0.48
54.91   9.48
54.94   -5.52
54.96   -25.51
54.99   -83.48
55.01   -128.43
55.04   -187.35
55.06   -241.25
55.09   -311.11
55.11   -348.95
55.14   -363.78
55.16   -371.61
55.19   -376.44
55.21   -380.26
55.24   -383.09
55.26   -384.91
55.29   -385.73
55.31   -386.55
55.34   -387.37
55.36   -387.19
55.39   -388.01
55.41   -387.83
55.44   -388.65
55.46   -388.47
55.49   -388.29
55.51   -388.11
55.54   -387.93
55.56   -387.75
55.59   -388.57
55.61   -387.40
55.64   -387.22
55.66   -387.04
55.69   -386.86
55.71   -386.68
55.74   -385.51
55.76   -384.33
55.79   -383.15
55.81   -379.97
55.84   -374.80
55.86   -285.65
55.89   -106.58
55.91   -21.57
55.94   -8.56
55.96   8.44
55.99   4.43
56.01   15.43
56.04   8.42
56.06   15.41
56.09   8.41
56.11   14.40
56.13   9.39
56.16   14.39
56.19   9.38
56.21   14.37
56.24   10.37
56.26   13.36
56.29   10.35
56.31   13.35
56.34   11.34
56.36   12.33
56.38   11.33
56.41   12.32
56.43   12.32
56.46   11.31
56.48   12.30
56.51   10.30
56.53   12.29
56.56   10.28
56.58   13.28
56.61   10.27
56.63   13.26
56.66   9.26
56.68   14.25
56.71   9.24
56.73   14.24
56.76   8.23
56.78   15.22
56.81   8.22
56.83   15.21
56.86   7.21
56.88   15.20
56.91   7.19
56.93   15.19
56.96   7.18
56.98   15.17
57.01   6.17
57.03   16.16
57.06   6.15
57.08   15.15
57.11   7.14
57.13   15.14
57.15   6.13
57.18   15.12
57.21   7.12
57.23   15.11
57.25   7.10
57.28   15.10
57.31   7.09
57.33   14.09
57.35   8.08
57.38   14.07
57.40   8.07
57.43   13.06
57.45   9.05
57.48   13.05
57.50   9.04
57.53   12.04
57.55   10.03
57.58   12.02
57.60   11.02
57.63   11.01
57.65   11.00
57.68   11.00
57.70   10.99
57.73   9.99
57.75   11.98
57.78   9.97
57.80   12.97
57.83   8.96
57.85   13.95
57.88   7.95
57.90   13.94
57.93   7.94
57.95   13.93
57.97   6.92
58.00   13.92
58.03   6.91
58.05   14.91
58.08   5.90
58.10   15.89
58.13   6.89
58.15   14.88
58.18   6.87
58.20   15.87
58.22   6.86
58.25   15.86
58.27   5.85
58.30   14.84
58.32   6.84
58.35   14.83
58.37   5.83
58.40   14.82
58.42   6.81
58.45   14.81
58.47   6.80
58.50   13.80
58.52   7.79
58.55   13.78
58.57   8.78
58.60   12.77
58.62   8.77
58.65   12.76
58.67   8.75
58.70   11.75
58.72   9.74
58.75   10.74
58.77   10.73
58.80   10.72
58.82   11.72
58.85   9.71
58.87   11.71
58.90   9.70
58.92   12.69
58.95   8.69
58.97   12.68
59.00   7.68
59.02   13.67
59.04   6.66
59.07   13.66
59.10   6.65
59.12   14.65
59.14   6.64
59.17   14.64
59.19   6.63
59.22   14.62
59.24   6.62
59.27   14.61
59.29   5.61
59.32   14.60
59.34   5.59
59.37   14.59
59.39   5.58
59.42   14.58
59.44   5.57
59.47   14.56
59.49   6.56
59.52   14.55
59.54   6.55
59.57   14.54
59.59   6.54
59.62   13.53
59.64   6.52
59.67   13.52
59.69   6.51
59.72   12.51
59.74   8.50
59.77   12.50
59.79   8.49
59.81   12.48
59.84   9.48
59.87   11.47
59.89   9.47
59.92   10.46
59.94   10.46
59.97   9.45
59.99   10.44
60.01   9.44
60.04   11.43
60.06   8.43
60.09   12.42
60.11   7.41
60.14   12.41
60.16   7.40
60.19   13.40
60.21   7.39
60.24   13.39
60.26   6.38
60.29   14.38
60.31   6.37
60.34   14.36
60.36   6.36
60.39   14.35
60.41   5.35
60.44   14.34
60.46   5.34
60.49   14.33
60.51   5.32
60.54   14.32
60.56   5.31
60.59   14.31
60.61   5.30
60.64   14.30
60.66   6.29
60.69   14.29
60.71   6.28
60.74   13.27
60.76   6.27
60.79   13.26
60.81   7.26
60.83   13.25
60.86   8.25
60.88   12.24
60.91   8.24
60.93   11.23
60.96   9.22
60.98   11.22
61.01   9.21
61.03   10.21
61.06   9.20
61.08   10.20
61.11   11.19
61.13   9.19
61.16   11.18
61.18   8.17
61.21   12.17
61.23   8.16
61.26   12.16
61.28   7.15
61.31   12.15
61.33   7.14
61.36   13.14
61.38   6.13
61.41   13.13
61.43   6.12
61.46   14.11
61.48   5.11
61.51   14.10
61.53   5.10
61.56   14.09
61.58   5.09
61.61   15.08
61.63   5.08
61.65   14.07
61.68   5.07
61.71   14.06
61.73   5.05
61.75   14.05
61.78   6.04
61.80   14.04
61.83   6.03
61.85   14.03
61.88   6.02
61.90   13.02
61.93   7.01
61.95   13.01
61.98   7.00
62.00   13.00
62.03   7.99
62.05   11.98
62.08   7.98
62.10   10.97
62.13   8.97
62.15   9.96
62.18   9.96
62.20   9.95
62.23   9.95
62.25   8.94
62.28   10.94
62.30   7.93
62.33   11.93
62.35   6.92
62.38   11.92
62.40   6.91
62.43   12.91
62.45   5.90
62.47   12.89
62.50   5.89
62.53   13.88
62.55   5.88
62.57   13.87
62.60   5.87
62.62   14.86
62.65   4.86
62.67   13.85
62.70   4.85
62.72   14.84
62.75   4.84
62.77   13.83
62.80   4.83
62.82   13.82
62.85   4.82
62.87   13.81
62.90   5.81
62.92   13.80
62.95   5.80
62.97   12.79
63.00   5.78
63.02   12.78
63.05   6.77
63.07   11.77
63.10   7.76
63.12   11.76
63.15   7.75
63.17   10.75
63.20   8.74
63.22   9.74
63.25   8.73
63.27   9.73
63.29   9.72
63.32   7.72
63.35   10.71
63.37   7.71
63.39   10.70
63.42   6.70
63.44   11.69
63.47   6.69
63.49   12.68
63.52   6.68
63.54   12.67
63.57   5.67
63.59   13.66
63.62   5.66
63.64   13.65
63.67   4.65
63.69   13.64
63.72   4.64
63.74   13.63
63.77   4.63
63.79   13.62
63.82   4.62
63.84   14.61
63.87   4.61
63.89   13.60
63.92   4.60
63.94   13.59
63.97   4.59
63.99   13.58
64.02   5.58
64.04   12.57
64.07   5.57
64.09   12.56
64.11   5.56
64.14   11.55
64.16   6.55
64.19   11.54
64.21   7.54
64.24   11.53
64.26   8.53
64.29   10.52
64.31   8.52
64.34   9.51
64.36   9.51
64.39   8.50
64.41   10.50
64.44   7.49
64.46   10.49
64.49   7.48
64.51   11.48
64.54   6.47
64.56   12.47
64.59   6.46
64.61   12.46
64.64   6.45
64.66   12.45
64.69   5.44
64.71   12.44
64.74   5.43
64.76   13.43
64.79   4.42
64.81   13.42
64.84   4.41
64.86   14.41
64.89   4.40
64.91   13.40
64.93   4.39
64.96   13.39
64.99   4.38
65.01   13.38
65.04   4.37
65.06   13.37
65.08   5.36
65.11   12.36
65.13   5.35
65.16   12.35
65.18   6.35
65.21   12.34
65.23   6.34
65.26   11.33
65.28   6.33
65.31   11.32
65.33   7.32
65.36   10.31
65.38   8.31
65.41   10.30
65.43   8.30
65.46   9.29
65.48   9.29
65.51   8.28
65.53   10.28
65.56   8.27
65.58   10.27
65.61   6.26
65.63   11.26
65.66   6.25
65.68   12.25
65.71   6.25
65.73   12.24
65.76   5.24
65.78   12.23
65.81   5.23
65.83   12.22
65.86   5.22
65.88   13.21
65.90   4.21
65.93   12.20
65.95   4.20
65.98   13.19
66.00   4.19
66.03   13.18
66.05   4.18
66.08   13.17
66.10   4.17
66.13   13.17
66.15   4.16
66.18   13.16
66.20   5.15
66.23   12.15
66.25   5.14
66.28   12.14
66.30   5.13
66.33   12.13
66.35   6.12
66.38   11.12
66.40   6.11
66.43   11.11
66.45   7.10
66.48   11.10
66.50   7.10
66.53   10.09
66.55   8.09
66.58   9.08
66.60   9.08
66.63   8.07
66.65   10.07
66.68   8.06
66.70   11.06
66.72   7.05
66.75   11.05
66.77   6.04
66.80   11.04
66.82   6.04
66.85   12.03
66.87   5.03
66.90   12.02
66.92   5.02
66.95   12.01
66.97   5.01
67.00   13.00
67.02   5.00
67.05   12.99
67.07   3.99
67.10   12.99
67.12   3.98
67.15   12.98
67.17   3.97
67.20   12.97
67.22   3.96
67.25   12.96
67.27   3.95
67.30   12.95
67.32   4.94
67.35   12.94
67.37   4.94
67.40   11.93
67.42   4.93
67.45   11.92
67.47   5.92
67.50   10.91
67.52   5.91
67.55   10.90
67.57   6.90
67.60   10.89
67.62   6.89
67.64   9.89
67.67   7.88
67.69   8.88
67.72   7.87
67.74   7.87
67.77   8.86
67.79   6.86
67.82   9.85
67.84   6.85
67.87   10.85
67.89   5.84
67.92   10.84
67.94   5.83
67.97   10.83
67.99   4.82
68.02   11.82
68.04   4.82
68.07   11.81
68.09   4.81
68.12   12.80
68.14   3.80
68.17   12.79
68.19   3.79
68.22   12.78
68.24   3.78
68.27   12.78
68.29   3.77
68.32   12.77
68.34   3.76
68.37   12.76
68.39   3.75
68.42   11.75
68.44   4.74
68.46   12.74
68.49   3.74
68.51   11.73
68.54   4.73
68.56   11.72
68.59   5.72
68.61   11.71
68.64   5.71
68.66   10.71
68.69   6.70
68.71   10.70
68.74   6.69
68.76   9.69
68.79   7.68
68.81   8.68
68.84   8.68
68.86   7.67
68.89   9.67
68.91   6.66
68.94   9.66
68.96   6.65
68.99   10.65
69.01   5.65
69.04   10.64
69.06   5.64
69.09   11.63
69.11   4.63
69.14   11.62
69.16   4.62
69.19   12.62
69.21   3.61
69.24   12.61
69.26   3.60
69.29   12.60
69.31   3.59
69.34   12.59
69.36   3.59
69.38   12.58
69.41   3.58
69.43   12.57
69.46   3.57
69.48   12.56
69.51   3.56
69.53   12.56
69.56   4.55
69.58   12.55
69.61   3.54
69.63   11.54
69.66   4.53
69.68   11.53
69.71   4.53
69.73   11.52
69.76   5.52
69.78   10.51
69.81   5.51
69.83   10.51
69.86   6.50
69.88   9.50
69.91   7.49
69.93   8.49
69.96   8.48
69.98   7.48
70.01   8.48
70.03   7.47
70.06   9.47
70.08   6.46
70.11   10.46
70.13   5.46
70.16   10.45
70.18   5.45
70.20   11.44
70.23   4.44
70.25   11.43
70.28   4.43
70.30   11.43
70.33   4.42
70.35   12.42
70.38   3.41
70.40   12.41
70.43   3.41
70.45   12.40
70.48   3.40
70.50   12.39
70.53   3.39
70.55   12.39
70.58   3.38
70.60   12.38
70.63   3.37
70.65   12.37
70.68   4.36
70.70   11.36
70.73   4.36
70.75   11.35
70.78   4.35
70.80   11.34
70.83   5.34
70.85   11.34
70.88   5.33
70.90   10.33
70.93   6.32
70.95   9.32
70.98   6.32
71.00   9.31
71.03   7.31
71.05   8.30
71.07   8.30
71.10   7.30
71.13   8.29
71.15   6.29
71.18   9.28
71.20   5.28
71.22   10.28
71.25   5.27
71.27   11.27
71.30   5.26
71.32   11.26
71.35   4.26
71.37   11.25
71.40   4.25
71.42   11.24
71.45   3.24
71.47   12.24
71.50   3.23
71.52   12.23
71.55   3.22
71.57   12.22
71.60   3.22
71.62   12.21
71.65   3.21
71.67   12.20
71.70   3.20
71.72   12.20
71.75   3.19
71.77   11.19
71.80   3.18
71.82   12.18
71.85   4.18
71.87   11.17
71.90   5.17
71.92   11.16
71.95   4.16
71.97   10.16
72.00   5.15
72.02   10.15
72.04   6.15
72.07   9.14
72.09   7.14
72.12   8.13
72.14   7.13
72.17   8.13
72.19   8.12
72.22   7.12
72.24   9.11
72.27   6.11
72.29   9.11
72.32   5.10
72.34   10.10
72.37   5.09
72.39   11.09
72.42   4.09
72.44   11.08
72.47   4.08
72.49   11.08
72.52   4.07
72.54   12.07
72.57   3.06
72.59   12.06
72.62   3.06
72.64   12.05
72.67   3.05
72.69   12.04
72.72   3.04
72.74   12.04
72.77   3.03
72.79   12.03
72.81   3.02
72.84   12.02
72.86   3.02
72.89   12.01
72.91   4.01
72.94   11.01
72.96   4.00
72.99   11.00
73.01   3.99
73.04   9.99
73.06   4.99
73.09   8.98
73.11   5.98
73.14   8.98
73.16   6.97
73.19   7.97
73.21   7.96
73.24   6.96
73.26   8.96
73.29   5.95
73.31   8.95
73.34   5.94
73.36   9.94
73.39   4.94
73.41   9.93
73.44   3.93
73.46   10.93
73.49   3.92
73.51   11.92
73.54   3.91
73.56   11.91
73.59   2.91
73.61   11.90
73.63   2.90
73.66   11.90
73.69   2.89
73.71   11.89
73.73   2.88
73.76   12.88
73.79   2.88
73.81   11.87
73.83   2.87
73.86   11.87
73.88   3.86
73.91   11.86
73.93   3.85
73.96   10.85
73.98   3.85
74.01   10.84
74.03   4.84
74.06   9.84
74.08   4.83
74.11   9.83
74.13   5.82
74.16   8.82
74.18   6.82
74.21   7.81
74.23   6.81
74.26   6.81
74.28   7.80
74.31   6.80
74.33   8.80
74.36   5.79
74.38   9.79
74.40   4.78
74.43   9.78
74.46   4.78
74.48   10.77
74.51   3.77
74.53   10.77
74.55   3.76
74.58   10.76
74.61   2.76
74.63   10.75
74.65   2.75
74.68   11.74
74.70   2.74
74.73   11.74
74.75   2.73
74.78   11.73
74.80   2.73
74.83   11.72
74.85   2.72
74.88   11.72
74.90   2.71
74.93   11.71
74.95   3.70
74.98   11.70
75.00   3.70
75.03   10.69
75.05   3.69
75.08   10.69
75.10   4.68
75.13   10.68
75.15   4.68
75.18   9.67
75.20   5.67
75.23   8.66
75.25   6.66
75.28   7.66
75.30   6.65
75.33   6.65
75.35   7.65
75.37   5.64
75.40   8.64
75.43   5.64
75.45   9.63
75.47   4.63
75.50   9.63
75.52   4.62
75.55   10.62
75.57   3.61
75.60   10.61
75.62   3.61
75.65   11.60
75.67   2.60
75.70   11.60
75.72   2.59
75.75   11.59
75.77   2.59
75.80   11.58
75.82   2.58
75.85   11.58
75.87   2.57
75.90   11.57
75.92   2.57
75.95   10.56
75.97   2.56
76.00   11.56
76.02   2.55
76.05   11.55
76.07   3.54
76.10   10.54
76.12   3.54
76.15   10.53
76.17   4.53
76.19   9.53
76.22   4.52
76.25   9.52
76.27   5.52
76.29   8.51
76.32   6.51
76.34   7.51
76.37   7.50
76.39   6.50
76.42   8.50
76.44   5.49
76.47   8.49
76.49   5.49
76.52   9.48
76.54   4.48
76.57   10.48
76.59   3.47
76.62   10.47
76.64   3.47
76.67   10.46
76.69   2.46
76.72   11.45
76.74   2.45
76.77   11.45
76.79   2.44
76.82   11.44
76.84   2.44
76.87   11.43
76.89   2.43
76.92   11.43
76.94   2.42
76.97   11.42
76.99   2.42
77.02   11.41
77.04   2.41
77.07   11.41
77.09   2.40
77.11   11.40
77.14   2.40
77.16   10.39
77.19   3.39
77.21   10.39
77.24   3.38
77.26   10.38
77.29   4.38
77.31   9.37
77.34   3.37
77.36   9.37
77.39   5.36
77.41   8.36
77.44   5.36
77.46   7.35
77.49   6.35
77.51   7.35
77.54   7.34
77.56   6.34
77.59   8.34
77.61   6.33
77.64   7.33
77.66   5.33
77.69   8.32
77.71   5.32
77.74   9.31
77.76   4.31
77.79   9.31
77.81   3.30
77.84   10.30
77.86   3.30
77.89   10.29
77.91   3.29
77.94   10.29
77.96   2.28
77.99   11.28
78.01   2.28
78.04   11.27
78.06   2.27
78.09   11.27
78.11   2.26
78.13   11.26
78.16   2.26
78.18   11.25
78.21   2.25
78.23   11.25
78.26   2.24
78.28   11.24
78.31   2.24
78.33   11.23
78.36   2.23
78.38   11.23
78.41   2.22
78.43   10.22
78.46   3.22
78.48   10.21
78.51   3.21
78.53   10.21
78.56   4.20
78.58   9.20
78.61   4.20
78.63   9.20
78.66   5.19
78.68   8.19
78.71   5.19
78.73   7.18
78.76   6.18
78.78   7.18
78.81   7.17
78.83   6.17
78.86   7.17
78.88   6.16
78.91   8.16
78.93   5.16
78.96   8.15
78.98   4.15
79.01   9.15
79.03   4.14
79.05   9.14
79.08   3.14
79.11   10.13
79.13   3.13
79.15   10.13
79.18   3.12
79.20   10.12
79.23   3.12
79.25   10.11
79.28   2.11
79.30   11.11
79.33   2.10
79.35   11.10
79.38   2.10
79.40   11.09
79.43   2.09
79.45   11.09
79.48   2.08
79.50   11.08
79.53   1.08
79.55   11.07
79.58   2.07
79.60   11.07
79.63   2.07
79.65   11.06
79.68   2.06
79.70   11.06
79.73   2.05
79.75   10.05
79.78   2.05
79.80   10.04
79.83   3.04
79.85   10.04
79.88   3.03
79.90   10.03
79.93   4.03
79.95   9.02
79.98   4.02
80.00   8.02
80.03   5.01
80.05   8.01
80.07   5.01
80.10   7.00
80.12   6.00
80.15   7.00
80.18   7.00
80.20   4.99
80.22   6.99
80.25   4.99
80.27   7.98
80.30   4.98
80.32   8.98
80.35   3.97
80.37   8.97
80.40   2.97
80.42   9.96
80.45   2.96
80.47   9.96
80.50   1.95
80.52   10.95
80.55   1.95
80.57   10.94
80.60   1.94
80.62   10.94
80.65   1.94
80.67   10.93
80.70   1.93
80.72   10.93
80.75   1.92
80.77   10.92
80.80   1.92
80.82   10.91
80.85   1.91
80.87   10.91
80.90   1.90
80.92   10.90
80.95   1.90
80.97   9.89
81.00   2.89
81.02   9.89
81.05   2.89
81.07   9.88
81.09   3.88
81.12   8.88
81.14   3.87
81.17   7.87
81.19   4.87
81.22   7.86
81.25   5.86
81.27   6.86
81.29   5.85
81.32   5.85
81.34   6.85
81.37   5.85
81.39   6.84
81.42   4.84
81.44   7.84
81.47   3.83
81.49   8.83
81.52   3.83
81.54   8.82
81.57   3.82
81.59   9.82
81.62   2.82
81.64   9.81
81.67   2.81
81.69   10.81
81.72   2.80
81.74   10.80
81.77   1.80
81.79   10.79
81.82   1.79
81.84   10.79
81.87   1.78
81.89   10.78
81.91   1.78
81.94   10.78
81.97   1.77
81.99   10.77
82.02   1.77
82.04   10.76
82.06   1.76
82.09   9.76
82.11   1.75
82.14   9.75
82.16   2.75
82.19   9.75
82.21   2.74
82.24   8.74
82.26   3.74
82.29   8.73
82.31   3.73
82.34   8.73
82.36   4.72
82.39   7.72
82.41   4.72
82.44   6.72
82.46   5.71
82.49   6.71
82.51   6.71
82.54   5.70
82.56   6.70
82.59   4.70
82.61   7.69
82.64   4.69
82.66   7.69
82.69   3.69
82.71   8.68
82.74   3.68
82.76   9.68
82.79   2.67
82.81   9.67
82.84   2.67
82.86   9.66
82.88   1.66
82.91   10.66
82.93   1.66
82.96   9.65
82.98   1.65
83.01   10.65
83.04   1.64
83.06   10.64
83.08   1.64
83.11   10.64
83.13   1.63
83.16   10.63
83.18   1.63
83.21   10.62
83.23   1.62
83.26   10.62
83.28   1.61
83.31   9.61
83.33   2.61
83.36   9.61
83.38   2.60
83.41   9.60
83.43   2.60
83.46   8.59
83.48   3.59
83.51   7.59
83.53   3.59
83.56   7.58
83.58   4.58
83.61   6.58
83.63   4.57
83.66   6.57
83.68   5.57
83.71   5.57
83.73   6.56
83.76   4.56
83.78   6.56
83.81   4.55
83.83   7.55
83.86   4.55
83.88   7.55
83.90   3.54
83.93   8.54
83.95   2.54
83.98   8.53
84.00   2.53
84.03   9.53
84.05   1.53
84.08   10.52
84.11   1.52
84.13   10.52
84.15   1.51
84.18   10.51
84.20   1.51
84.23   10.51
84.25   1.50
84.28   10.50
84.30   1.50
84.33   10.49
84.35   1.49
84.38   10.49
84.40   1.48
84.43   10.48
84.45   1.48
84.48   10.48
84.50   1.47
84.53   9.47
84.55   1.47
84.58   9.47
84.60   1.46
84.63   9.46
84.65   2.46
84.68   8.45
84.70   3.45
84.73   8.45
84.75   3.45
84.77   7.44
84.80   4.44
84.83   7.44
84.85   4.43
84.88   0.43
84.90   -29.56
84.93   -83.54
84.95   -133.51
84.97   -185.46
85.00   -240.39
85.02   -312.30
85.05   -349.20
85.07   -364.09
85.10   -371.98
85.12   -376.87
85.15   -379.76
85.18   -382.65
85.20   -384.54
85.22   -386.42
85.25   -386.31
85.27   -387.20
85.30   -388.09
85.32   -387.98
85.35   -388.87
85.38   -388.76
85.40   -388.65
85.43   -388.54
85.45   -388.43
85.47   -389.31
85.50   -389.19
85.52   -389.07
85.55   -388.95
85.57   -388.83
85.60   -387.72
85.62   -387.61
85.65   -387.50
85.68   -386.39
85.70   -385.28
85.72   -383.17
85.75   -380.06
85.77   -372.95
85.80   -234.86
85.82   -68.83
85.85   -18.83
85.87   0.18
85.90   2.17
85.92   8.17
85.95   9.16
85.97   10.16
86.00   10.16
86.02   10.15
86.05   11.15
86.07   10.14
86.10   11.14
86.12   9.14
86.15   11.13
86.17   8.13
86.20   12.13
86.22   8.12
86.25   12.12
86.27   8.11
86.30   13.11
86.32   7.11
86.35   13.10
86.37   7.10
86.40   13.09
86.42   6.09
86.45   13.09
86.47   6.08
86.50   14.08
86.52   6.08
86.55   14.07
86.57   5.07
86.60   14.06
86.62   5.06
86.65   14.06
86.67   5.05
86.70   14.05
86.72   5.04
86.75   14.04
86.77   5.04
86.80   14.03
86.82   5.03
86.84   14.03
86.87   5.02
86.89   14.02
86.92   6.01
86.94   14.01
86.97   6.01
86.99   13.00
87.02   6.00
87.04   13.00
87.07   5.99
87.09   12.99
87.12   6.98
87.14   11.98
87.17   6.98
87.19   11.97
87.22   7.97
87.24   10.97
87.27   7.96
87.29   10.96
87.32   8.95
87.34   9.95
87.37   8.95
87.39   9.94
87.42   9.94
87.44   8.94
87.47   10.93
87.49   7.93
87.52   10.92
87.54   7.92
87.57   10.92
87.59   6.91
87.62   12.91
87.64   6.91
87.67   12.90
87.69   5.90
87.72   12.89
87.74   5.89
87.77   12.89
87.79   5.88
87.82   13.88
87.84   4.88
87.87   13.87
87.89   5.87
87.91   13.86
87.94   4.86
87.96   13.86
87.99   4.85
88.01   13.85
88.04   4.85
88.06   13.84
88.09   4.84
88.11   13.83
88.14   4.83
88.16   13.83
88.19   4.82
88.21   13.82
88.24   4.82
88.26   13.81
88.29   4.81
88.31   12.81
88.34   5.80
88.36   12.80
88.39   5.79
88.41   12.79
88.44   6.79
88.46   11.78
88.49   6.78
88.51   11.78
88.54   6.77
88.56   10.77
88.59   7.77
88.61   10.76
88.64   7.76
88.66   10.75
88.69   8.75
88.71   9.75
88.74   8.74
88.76   9.74
88.79   9.74
88.81   8.73
88.84   10.73
88.86   8.73
88.89   10.72
88.91   7.72
88.93   11.71
88.96   6.71
88.98   11.71
89.01   6.70
89.04   11.70
8