=~=~=~=~=~=~=~=~=~=~=~= PuTTY log 2025.01.26 19:08:46 =~=~=~=~=~=~=~=~=~=~=~=
53.08   27.07
29
 12.76
66.29   21.75
66.31   12.74
66.34   21.73
66.36   12.72
66.39   21.72
66.41   13.71
66.44   21.70
66.46   12.69
 12.76
66.29   21.75
66.31   12.74
66.34   21.73
66.36   12.72
66.39   21.72
66.41   13.71
66.44   21.70
66.46   12.69
2.02   2.21
2.04   -0.64
2.07   -0.33
2.09   3.38
2.12   -4.51
2.14   4.44
2.16   -2.63
2.19   0.45
2.21   2.35
2.24   -4.58
2.26   4.39
2.28   -3.64
2.31   2.41
2.33   -0.65
2.36   -0.58
2.38   2.36
2.41   -3.59
2.43   4.37
2.45   -4.61
2.48   4.39
2.50   -3.62
2.53   3.40
2.55   -2.62
2.58   2.41
2.60   -1.63
2.63   2.41
2.65   -0.63
2.68   1.41
2.70   -0.62
2.73   -0.59
2.75   0.38
2.78   -1.58
2.80   1.39
2.83   -2.58
2.85   2.39
2.88   -3.58
2.90   2.40
2.92   -6.53
2.95   -6.34
2.97   -27.84
3.00   -35.97
3.02   -66.63
3.05   -83.75
3.07   -132.08
3.10   -175.37
3.12   -226.66
3.15   -251.34
3.17   -276.63
3.20   -291.67
3.22   -304.56
3.25   -310.41
3.27   -314.31
3.30   -313.31
3.32   -312.44
3.35   -309.72
3.37   -307.16
3.40   -302.76
3.42   -299.52
3.45   -295.44
3.47   -291.50
3.50   -287.70
3.52   -284.05
3.55   -279.54
3.57   -277.15
3.60   -271.90
3.62   -267.78
3.65   -262.80
3.67   -257.94
3.70   -252.22
3.72   -247.62
3.75   -242.15
3.77   -236.80
3.80   -229.60
3.82   -223.53
3.85   -213.61
3.87   -205.85
3.90   -191.28
3.92   -151.10
3.95   -23.29
3.97   58.18
4.00   114.95
4.02   126.39
4.05   146.69
4.07   142.94
4.10   155.15
4.12   146.38
4.15   153.64
4.17   143.94
4.20   151.28
4.22   140.65
4.25   148.06
4.27   137.50
4.30   143.97
4.32   134.48
4.34   141.02
4.37   132.59
4.40   138.19
4.42   129.82
4.45   135.48
4.47   126.16
4.50   132.87
4.52   123.60
4.54   129.37
4.57   122.15
4.59   126.96
4.62   119.79
4.64   124.64
4.67   117.51
4.69   122.41
4.72   115.32
4.74   120.26
4.77   114.21
4.79   117.19
4.82   112.18
4.84   115.19
4.87   110.21
4.89   113.26
4.92   108.31
4.94   111.39
4.97   106.48
4.99   109.59
5.02   104.70
5.04   106.84
5.07   103.98
5.09   105.15
5.12   102.32
5.14   103.51
5.17   100.71
5.19   100.93
5.22   100.15
5.24   99.39
5.27   98.63
5.29   97.90
5.32   97.16
5.34   95.45
5.37   96.74
5.39   94.05
5.42   95.35
5.44   91.68
5.47   95.01
5.49   90.36
5.52   93.70
5.54   88.07
5.57   93.43
5.59   86.81
5.61   92.20
5.64   84.60
5.67   90.99
5.69   83.41
5.71   90.82
5.74   82.25
5.76   89.68
5.79   81.13
5.81   88.57
5.84   80.03
5.86   87.49
5.89   77.96
5.91   86.44
5.94   76.92
5.96   85.41
5.99   75.91
6.01   84.41
6.04   74.92
6.06   84.43
6.09   73.95
6.11   82.48
6.14   73.01
6.16   81.54
6.19   72.09
6.21   80.63
6.24   72.19
6.26   79.75
6.29   71.31
6.31   77.88
6.34   70.45
6.36   77.03
6.39   70.61
6.41   76.20
6.44   69.79
6.46   74.39
6.49   68.99
6.51   73.60
6.54   69.21
6.56   71.83
6.59   68.44
6.61   71.07
6.64   68.69
6.66   70.33
6.69   67.95
6.71   68.60
6.73   68.24
6.76   66.89
6.78   68.53
6.81   65.19
6.83   67.84
6.86   64.51
6.88   67.17
6.91   63.84
6.93   66.51
6.96   63.19
6.98   66.86
7.01   61.54
7.03   66.22
7.06   60.92
7.08   66.60
7.11   59.30
7.13   66.00
7.16   58.70
7.18   65.40
7.21   58.11
7.23   65.81
7.26   56.53
7.28   64.24
7.31   55.96
7.33   64.67
7.36   55.40
7.38   64.12
7.41   54.85
7.43   63.57
7.46   54.31
7.48   63.04
7.51   53.78
7.53   62.52
7.56   52.26
7.58   62.00
7.61   52.75
7.63   61.50
7.66   52.25
7.68   61.00
7.71   51.75
7.73   60.51
7.75   51.27
7.78   59.03
7.80   51.79
7.83   58.56
7.85   51.33
7.88   58.10
7.90   51.87
7.93   56.64
7.95   51.41
7.98   56.19
8.00   51.97
8.03   55.75
8.05   51.53
8.08   54.32
8.10   51.10
8.13   52.90
8.15   51.68
8.18   52.48
8.20   52.27
8.23   51.06
8.25   51.86
8.28   50.66
8.30   51.45
8.33   49.26
8.35   52.06
8.38   48.87
8.40   51.67
8.43   48.48
8.45   52.28
8.48   47.10
8.50   51.91
8.52   46.72
8.55   51.53
8.58   45.35
8.60   52.17
8.63   44.99
8.65   51.81
8.68   44.63
8.70   51.45
8.73   43.28
8.75   52.10
8.77   42.93
8.80   51.75
8.82   42.58
8.85   51.41
8.87   42.24
8.90   51.08
8.92   41.91
8.95   50.74
8.97   40.58
9.00   50.42
9.02   41.26
9.05   50.10
9.07   40.94
9.10   49.78
9.12   40.62
9.15   48.47
9.17   40.31
9.20   48.16
9.22   41.00
9.25   47.85
9.27   40.70
9.30   47.55
9.32   40.40
9.35   46.26
9.37   41.11
9.40   45.96
9.42   40.82
9.45   45.67
9.47   41.53
9.50   44.39
9.52   41.25
9.55   44.11
9.57   41.97
9.60   43.83
9.62   41.69
9.65   42.56
9.67   41.42
9.69   41.29
9.72   42.15
9.75   41.02
9.77   41.88
9.79   39.76
9.82   42.62
9.84   39.50
9.87   43.36
9.89   38.24
9.92   43.11
9.94   37.98
9.97   42.86
9.99   37.73
10.02   42.61
10.04   36.49
10.07   43.36
10.09   36.24
10.12   43.12
10.14   36.00
10.17   42.88
10.19   35.76
10.22   42.64
10.24   35.53
10.27   42.41
10.29   34.29
10.32   42.18
10.34   35.06
10.37   42.95
10.39   33.84
10.42   42.72
10.44   33.61
10.47   42.50
10.49   33.39
10.52   42.28
10.54   33.17
10.57   42.06
10.59   32.95
10.62   41.84
10.64   32.74
10.67   41.63
10.69   32.53
10.72   41.42
10.74   32.32
10.77   41.21
10.79   32.11
10.82   41.01
10.84   31.90
10.86   40.80
10.89   31.70
10.92   40.60
10.94   31.50
10.97   40.40
10.99   30.30
11.02   40.21
11.04   31.11
11.06   40.01
11.09   30.91
11.11   39.82
11.14   30.72
11.16   39.63
11.19   30.53
11.21   39.44
11.24   30.35
11.27   39.25
11.29   30.16
11.31   38.07
11.34   29.98
11.36   37.89
11.39   29.80
11.41   37.71
11.44   29.62
11.46   37.53
11.49   30.44
11.51   37.35
11.54   30.26
11.56   37.18
11.59   30.09
11.61   37.00
11.64   29.92
11.66   36.83
11.69   29.75
11.71   35.66
11.74   30.58
11.76   35.50
11.79   30.41
11.81   35.33
11.84   30.25
11.86   35.17
11.89   30.08
11.91   35.00
11.94   30.92
11.96   33.84
11.99   30.76
12.01   33.68
12.04   30.60
12.06   33.53
12.09   31.44
12.11   32.37
12.14   31.29
12.16   32.21
12.19   31.14
12.21   31.06
12.23   31.98
12.26   30.91
12.28   31.83
12.31   30.76
12.34   31.68
12.36   30.61
12.39   31.54
12.41   30.46
12.44   32.39
12.46   29.32
12.48   32.24
12.51   29.17
12.53   32.10
12.56   29.03
12.58   32.96
12.61   27.89
12.64   32.82
12.66   27.75
12.68   32.68
12.71   27.61
12.73   32.54
12.76   27.47
12.78   32.40
12.81   27.33
12.83   32.26
12.86   26.20
12.88   33.13
12.91   26.06
12.93   33.00
12.96   25.93
12.98   32.86
13.01   24.80
13.03   33.73
13.06   25.67
13.08   33.60
13.11   24.54
13.13   33.47
13.16   24.41
13.18   33.35
13.21   24.28
13.23   33.22
13.26   24.16
13.28   33.09
13.31   24.03
13.33   32.97
13.36   23.91
13.38   32.85
13.41   22.79
13.43   32.72
13.46   23.66
13.48   32.60
13.51   23.54
13.53   32.48
13.56   23.42
13.58   32.36
13.60   23.30
13.63   32.25
13.66   23.19
13.68   32.13
13.71   23.07
13.73   32.01
13.76   22.95
13.78   30.90
13.81   22.84
13.83   31.78
13.85   22.73
13.88   30.67
13.90   23.61
13.93   30.56
13.96   23.50
13.98   30.45
14.01   23.39
14.03   30.34
14.05   23.28
14.08   30.23
14.10   23.17
14.13   29.12
14.15   23.06
14.18   29.01
14.20   22.95
14.23   28.90
14.25   23.85
14.28   28.80
14.30   23.74
14.33   28.69
14.35   24.64
14.38   27.59
14.40   24.53
14.43   27.48
14.45   24.43
14.48   27.38
14.50   25.33
14.53   27.28
14.55   25.23
14.58   26.18
14.60   25.13
14.63   26.08
14.65   25.03
14.68   24.98
14.70   25.93
14.73   24.88
14.75   25.83
14.78   24.78
14.80   25.73
14.83   23.69
14.85   25.64
14.88   23.59
14.90   26.54
14.93   23.49
14.95   26.44
14.98   23.40
15.00   26.35
15.03   22.30
15.05   27.26
15.08   23.21
15.10   27.16
15.13   22.12
15.15   27.07
15.18   21.03
15.20   26.98
15.23   21.94
15.25   27.89
15.27   20.84
15.30   27.80
15.32   20.75
15.35   27.71
15.38   20.66
15.40   27.62
15.42   20.58
15.45   27.53
15.47   19.49
15.50   28.44
15.52   19.40
15.55   28.35
15.57   19.31
15.60   28.27
15.62   19.23
15.65   28.18
15.67   19.14
15.70   28.10
15.72   19.06
15.75   28.01
15.77   18.97
15.80   27.93
15.82   17.89
15.85   27.85
15.87   18.80
15.90   27.76
15.92   17.72
15.95   27.68
15.97   18.64
16.00   27.60
16.02   18.56
16.05   27.52
16.07   18.48
16.10   27.44
16.12   18.40
16.15   27.36
16.17   18.32
16.20   27.28
16.22   18.24
16.25   27.20
16.27   18.16
16.30   27.12
16.32   18.08
16.35   26.04
16.37   19.00
16.40   25.97
16.42   18.93
16.45   25.89
16.47   18.85
16.50   25.81
16.52   18.78
16.54   24.74
16.57   18.70
16.59   24.66
16.62   19.63
16.64   24.59
16.67   19.55
16.69   24.52
16.72   19.48
16.74   23.44
16.77   19.41
16.79   23.37
16.82   20.33
16.84   23.30
16.87   20.26
16.89   23.23
16.92   20.19
16.94   22.16
16.97   21.12
16.99   22.09
17.02   21.05
17.04   21.02
17.07   20.98
17.09   20.95
17.12   21.91
17.14   20.88
17.17   20.84
17.19   20.81
17.22   21.77
17.24   19.74
17.27   21.70
17.29   19.67
17.32   22.64
17.34   18.60
17.37   22.57
17.39   18.54
17.42   22.50
17.44   18.47
17.47   23.43
17.49   18.40
17.52   23.37
17.54   18.34
17.57   23.30
17.59   17.27
17.62   23.24
17.64   17.21
17.67   24.17
17.69   17.14
17.72   24.11
17.74   17.08
17.77   24.04
17.79   17.01
17.81   23.98
17.84   15.95
17.86   24.92
17.89   15.89
17.92   24.85
17.94   15.82
17.96   24.79
17.99   15.76
18.01   24.73
18.04   15.70
18.06   24.67
18.09   15.64
18.11   24.61
18.14   15.58
18.16   24.55
18.19   15.52
18.21   24.49
18.24   14.46
18.26   24.43
18.29   15.40
18.31   24.37
18.34   17.34
18.36   20.31
18.38   22.28
18.41   15.25
18.43   24.22
18.46   16.19
18.48   21.16
18.51   20.13
18.53   16.10
18.55   24.07
18.58   15.04
18.60   23.01
18.63   17.98
18.65   17.96
18.67   21.93
18.70   14.90
18.72   23.87
18.75   15.84
18.77   19.81
18.79   20.79
18.82   15.76
18.84   23.73
18.87   14.70
18.89   21.67
18.92   18.65
18.94   16.62
18.96   23.59
18.99   14.56
19.01   22.54
19.04   16.51
19.06   18.48
19.08   21.45
19.11   14.43
19.13   23.40
19.16   15.37
19.18   20.35
19.20   20.32
19.23   15.29
19.25   23.27
19.28   14.24
19.30   22.21
19.32   18.19
19.35   17.16
19.37   22.13
19.40   14.11
19.42   23.08
19.44   16.05
19.47   19.03
19.49   21.00
19.52   14.98
19.54   22.95
19.57   13.92
19.59   20.90
19.61   18.87
19.64   15.85
19.66   22.82
19.69   13.80
19.71   21.77
19.73   16.75
19.76   16.72
19.78   21.70
19.81   13.67
19.83   22.65
19.85   14.62
19.88   18.60
19.90   19.57
19.93   14.55
19.95   22.52
19.98   13.50
20.00   20.47
20.02   17.45
20.05   15.43
20.07   21.40
20.10   13.38
20.12   21.35
20.14   15.33
20.17   17.30
20.19   20.28
20.22   13.26
20.24   22.23
20.26   14.21
20.29   19.19
20.31   19.16
20.34   14.14
20.36   22.11
20.38   13.09
20.41   21.07
20.43   16.04
20.46   16.02
20.48   21.00
20.50   12.98
20.53   21.95
20.55   14.93
20.58   16.91
20.60   18.88
20.63   12.86
20.65   21.84
20.67   12.82
20.70   18.79
20.72   17.77
20.75   14.75
20.77   20.73
20.79   12.70
20.82   20.68
20.84   15.66
20.87   15.64
20.89   19.62
20.92   12.59
20.94   21.57
20.96   13.55
20.99   17.53
21.01   17.51
21.04   14.49
21.06   20.46
21.08   12.44
21.11   20.42
21.13   12.40
21.16   20.38
21.18   15.35
21.21   15.33
21.23   19.31
21.26   13.29
21.28   21.27
21.30   12.25
21.33   21.23
21.35   13.20
21.38   18.18
21.40   17.16
21.43   14.14
21.45   20.12
21.47   11.10
21.50   21.08
21.52   12.06
21.55   20.04
21.57   15.02
21.60   16.00
21.62   17.97
21.64   12.95
21.67   20.93
21.69   10.91
21.72   20.89
21.74   12.87
21.77   17.85
21.79   16.83
21.81   13.81
21.84   19.79
21.86   11.77
21.89   20.75
21.91   11.73
21.94   18.71
21.96   14.69
21.99   15.67
22.01   18.65
22.03   11.63
22.06   20.61
22.08   11.59
22.11   19.57
22.13   13.55
22.16   17.53
22.18   16.51
22.20   13.49
22.23   19.47
22.25   11.46
22.28   20.44
22.30   11.42
22.33   18.40
22.35   14.38
22.37   12.36
22.40   2.35
22.42   -31.62
22.45   -62.55
22.47   -124.44
22.50   -196.21
22.52   -237.94
22.55   -278.62
22.57   -325.24
22.59   -346.83
22.62   -358.41
22.64   -363.97
22.67   -367.53
22.69   -370.09
22.72   -371.65
22.75   -372.20
22.77   -373.75
22.79   -374.31
22.82   -374.86
22.84   -374.42
22.87   -374.97
22.89   -374.53
22.92   -374.09
22.94   -373.65
22.97   -373.21
22.99   -373.77
23.02   -372.33
23.04   -372.90
23.07   -372.46
23.09   -372.03
23.12   -371.59
23.14   -371.16
23.17   -370.73
23.19   -370.30
23.22   -369.87
23.24   -369.44
23.27   -369.02
23.29   -368.59
23.32   -367.16
23.34   -367.74
23.37   -366.32
23.39   -365.89
23.42   -365.47
23.44   -365.05
23.47   -364.63
23.49   -364.21
23.52   -362.80
23.54   -361.38
23.57   -358.97
23.59   -356.56
23.62   -336.16
23.64   -220.86
23.67   -100.70
23.69   -42.65
23.71   8.36
23.74   14.34
23.76   32.31
23.79   30.28
23.81   36.24
23.84   36.20
23.86   34.16
23.89   40.12
23.91   31.08
23.94   41.03
23.96   31.99
23.98   38.95
24.01   34.91
24.03   34.87
24.06   38.83
24.08   31.79
24.10   40.75
24.13   30.71
24.15   39.68
24.18   32.64
24.20   35.60
24.23   36.56
24.25   32.52
24.27   39.48
24.30   30.44
24.32   39.40
24.35   31.36
24.37   37.32
24.40   35.28
24.42   33.25
24.44   38.21
24.47   31.17
24.50   39.13
24.52   31.09
24.54   38.06
24.57   33.02
24.59   34.98
24.62   36.94
24.64   30.90
24.67   38.87
24.69   29.83
24.71   38.79
24.74   31.75
24.76   35.72
24.79   35.68
24.81   30.64
24.83   38.60
24.86   29.57
24.88   38.53
24.91   30.49
24.93   36.46
24.96   34.42
24.98   32.38
25.00   37.35
25.03   29.31
25.05   38.27
25.08   30.24
25.10   37.20
25.13   32.17
25.15   33.13
25.18   36.09
25.20   30.06
25.22   38.02
25.25   28.99
25.27   36.95
25.30   30.92
25.32   34.88
25.35   34.85
25.37   30.81
25.39   36.78
25.42   28.74
25.44   37.71
25.47   29.67
25.49   35.64
25.52   32.60
25.54   31.57
25.56   35.53
25.59   28.50
25.61   37.46
25.64   28.43
25.66   36.39
25.69   30.36
25.71   33.33
25.73   34.29
25.76   29.26
25.78   37.22
25.81   28.19
25.83   37.16
25.86   29.12
25.88   35.09
25.90   32.05
25.93   31.02
25.95   34.99
25.98   27.95
26.00   36.92
26.03   27.89
26.05   35.85
26.08   30.82
26.10   31.79
26.12   34.75
26.15   28.72
26.17   36.69
26.20   27.66
26.22   35.62
26.25   29.59
26.27   32.56
26.29   33.53
26.32   28.49
26.34   35.46
26.37   27.43
26.39   36.40
26.42   28.37
26.44   34.33
26.46   31.30
26.49   30.27
26.51   35.24
26.54   27.21
26.56   36.17
26.59   27.14
26.61   35.11
26.63   29.08
26.66   32.05
26.68   33.02
26.71   27.98
26.73   34.95
26.76   26.92
26.78   34.89
26.80   27.86
26.83   32.83
26.85   31.80
26.88   28.77
26.90   34.73
26.93   26.70
26.95   35.67
26.98   26.64
27.00   33.61
27.02   30.58
27.05   30.55
27.07   33.52
27.10   26.49
27.12   35.46
27.15   26.43
27.17   34.40
27.19   28.37
27.22   31.34
27.24   32.31
27.27   27.28
27.29   35.25
27.32   26.22
27.34   35.19
27.36   27.16
27.39   33.13
27.41   30.10
27.44   29.07
27.46   34.04
27.49   26.01
27.51   34.98
27.53   25.95
27.56   32.92
27.58   28.89
27.61   29.87
27.63   31.84
27.66   26.81
27.68   33.78
27.70   25.75
27.73   33.72
27.75   26.69
27.78   31.66
27.80   29.63
27.83   27.61
27.85   33.58
27.88   25.55
27.90   34.52
27.92   25.49
27.95   33.46
27.97   27.43
28.00   29.41
28.02   31.38
28.05   26.35
28.07   34.32
28.09   25.29
28.12   33.27
28.14   26.24
28.17   31.21
28.19   30.18
28.22   27.15
28.24   33.13
28.26   25.10
28.29   34.07
28.31   25.04
28.34   33.02
28.36   27.99
28.39   28.96
28.41   31.93
28.43   25.91
28.46   33.88
28.48   24.85
28.51   32.82
28.53   25.80
28.56   30.77
28.58   29.74
28.61   26.72
28.63   32.69
28.65   24.66
28.68   33.64
28.70   24.61
28.73   31.58
28.75   27.55
28.78   28.53
28.80   31.50
28.82   24.48
28.85   32.45
28.87   24.42
28.90   32.40
28.92   26.37
28.95   29.34
28.97   29.32
29.00   26.29
29.02   32.27
29.04   24.24
29.07   33.21
29.09   24.19
29.12   32.16
29.14   28.14
29.17   27.11
29.19   31.08
29.21   24.06
29.24   33.03
29.26   24.01
29.29   31.98
29.31   25.96
29.34   28.93
29.36   28.90
29.38   25.88
29.41   31.85
29.43   23.83
29.46   32.80
29.48   23.78
29.51   30.75
29.53   27.73
29.55   26.70
29.58   30.68
29.60   23.65
29.63   31.63
29.65   23.60
29.68   31.58
29.70   25.55
29.72   28.53
29.75   29.50
29.77   24.48
29.80   31.45
29.82   22.43
29.85   32.40
29.87   24.38
29.89   30.36
29.92   27.33
29.94   26.31
29.97   30.28
29.99   23.26
30.02   32.23
30.04   23.21
30.07   31.19
30.09   25.16
30.11   27.14
30.14   29.11
30.16   24.09
30.19   32.06
30.21   23.04
30.24   31.02
30.26   23.99
30.28   28.97
30.31   26.95
30.33   24.92
30.36   30.90
30.38   22.88
30.41   31.85
30.43   22.83
30.45   30.80
30.48   24.78
30.50   26.76
30.53   28.73
30.55   22.71
30.58   30.69
30.60   21.66
30.63   31.64
30.65   23.62
30.67   28.59
30.70   26.57
30.72   25.55
30.75   29.53
30.77   22.50
30.80   31.48
30.82   22.46
30.84   30.43
30.87   23.41
30.89   27.39
30.92   27.36
30.94   24.34
30.97   30.32
30.99   22.30
31.01   31.27
31.04   22.25
31.06   29.23
31.09   25.21
31.11   25.18
31.14   29.16
31.16   23.14
31.19   31.12
31.21   22.10
31.23   30.07
31.26   23.05
31.28   28.03
31.31   27.01
31.33   23.99
31.36   29.96
31.38   21.94
31.41   30.92
31.43   21.90
31.45   28.87
31.48   24.85
31.50   24.83
31.53   28.81
31.55   22.79
31.58   30.77
31.60   21.74
31.62   29.72
31.65   22.70
31.67   27.68
31.70   26.66
31.72   23.64
31.75   28.61
31.77   21.59
31.79   30.57
31.82   21.55
31.84   29.53
31.87   24.51
31.89   25.49
31.92   28.46
31.94   22.44
31.97   30.42
31.99   21.40
32.01   30.38
32.04   22.36
32.06   27.34
32.09   26.32
32.11   23.29
32.14   29.27
32.16   21.25
32.18   30.23
32.21   21.21
32.23   28.19
32.26   24.17
32.28   25.15
32.31   28.13
32.33   21.11
32.36   30.09
32.38   20.07
32.40   30.04
32.43   23.02
32.45   27.00
32.48   25.98
32.50   22.96
32.53   28.94
32.55   20.92
32.57   29.90
32.60   21.88
32.62   27.86
32.65   24.84
32.67   23.82
32.70   27.80
32.72   20.78
32.74   29.76
32.77   20.74
32.79   28.72
32.82   22.70
32.84   25.68
32.87   25.66
32.89   22.64
32.91   28.62
32.94   19.60
32.96   29.58
32.99   20.56
33.01   27.54
33.04   24.52
33.06   23.50
33.09   27.48
33.11   20.46
33.13   28.44
33.16   20.42
33.18   28.40
33.21   22.38
33.23   25.36
33.26   25.34
33.28   22.32
33.30   29.30
33.33   20.29
33.35   29.27
33.38   20.25
33.40   26.23
33.43   24.21
33.45   23.19
33.47   27.17
33.50   20.15
33.52   29.13
33.55   20.11
33.57   27.09
33.60   22.07
33.62   24.06
33.64   26.04
33.67   21.02
33.69   28.00
33.72   19.98
33.74   28.96
33.77   20.94
33.79   25.92
33.81   24.90
33.84   21.89
33.86   27.87
33.89   19.85
33.91   28.83
33.94   19.81
33.96   26.79
33.99   22.77
34.01   23.76
34.03   25.74
34.06   19.72
34.08   28.70
34.11   19.68
34.13   27.66
34.15   20.64
34.18   25.63
34.20   25.61
34.23   21.59
34.25   27.57
34.28   20.55
34.30   27.53
34.33   19.52
34.35   27.50
34.38   19.48
34.40   27.46
34.43   19.44
34.45   28.43
34.48   19.41
34.50   28.39
34.53   19.37
34.55   28.35
34.58   19.33
34.60   28.32
34.63   19.30
34.65   28.28
34.68   19.26
34.70   28.25
34.72   19.23
34.75   27.21
34.78   19.19
34.80   28.17
34.83   19.16
34.85   27.14
34.88   20.12
34.90   27.10
34.93   20.09
34.95   27.07
34.97   21.05
35.00   26.03
35.02   21.01
35.05   26.00
35.07   21.98
35.10   24.96
35.12   21.95
35.15   24.93
35.17   21.91
35.20   23.89
35.22   22.88
35.25   22.86
35.27   22.84
35.30   22.83
35.32   23.81
35.35   22.79
35.37   23.77
35.40   21.76
35.42   24.74
35.45   21.72
35.47   24.71
35.50   20.69
35.52   25.67
35.55   20.66
35.57   25.64
35.60   20.62
35.62   26.60
35.65   19.59
35.67   26.57
35.70   19.55
35.72   26.54
35.75   18.52
35.77   26.50
35.79   18.49
35.82   27.47
35.85   18.45
35.87   27.44
35.90   18.42
35.92   27.40
35.95   18.39
35.97   27.37
35.99   18.35
36.02   27.34
36.04   18.32
36.07   27.30
36.09   18.29
36.12   27.27
36.14   18.25
36.17   27.24
36.19   19.22
36.22   27.20
36.24   19.19
36.27   26.17
36.29   19.16
36.32   26.14
36.34   19.12
36.37   26.11
36.39   19.09
36.42   25.07
36.44   20.06
36.47   25.04
36.49   20.03
36.52   24.01
36.54   20.99
36.57   23.98
36.59   20.96
36.62   23.95
36.64   21.93
36.67   22.91
36.69   21.90
36.72   22.88
36.74   22.87
36.77   21.85
36.79   22.83
36.81   21.82
36.84   23.80
36.87   20.79
36.89   23.77
36.92   20.76
36.94   24.74
36.97   19.73
36.99   24.71
37.02   19.69
37.04   25.68
37.06   18.66
37.09   25.65
37.11   18.63
37.14   25.62
37.17   18.60
37.19   25.58
37.21   17.57
37.24   25.55
37.26   17.54
37.29   26.52
37.31   17.51
37.34   26.49
37.36   17.48
37.39   26.46
37.41   17.45
37.44   26.43
37.46   17.42
37.49   26.40
37.51   17.39
37.54   26.37
37.56   17.36
37.59   26.34
37.61   17.33
37.64   25.31
37.66   17.30
37.69   25.28
37.71   17.27
37.74   25.25
37.76   18.24
37.79   25.22
37.81   18.21
37.84   25.19
37.86   18.18
37.88   24.16
37.91   18.15
37.94   24.13
37.96   19.12
37.99   23.10
38.01   19.09
38.04   23.07
38.06   20.06
38.09   23.04
38.11   20.03
38.13   22.01
38.16   21.00
38.18   21.99
38.21   21.97
38.23   20.96
38.26   21.94
38.28   20.93
38.31   22.91
38.33   19.90
38.36   22.88
38.38   19.87
38.41   22.86
38.43   18.84
38.46   23.83
38.48   18.81
38.51   23.80
38.53   18.78
38.56   24.77
38.58   17.76
38.61   24.74
38.63   17.73
38.66   24.71
38.68   16.70
38.71   24.68
38.73   16.67
38.76   25.66
38.78   16.64
38.81   25.63
38.83   16.61
38.86   25.60
38.88   16.59
38.91   25.57
38.93   16.56
38.96   25.54
38.98   16.53
39.01   25.52
39.03   16.50
39.06   25.49
39.08   15.47
39.11   25.46
39.13   16.45
39.15   25.43
39.18   16.42
39.20   24.41
39.23   16.39
39.26   24.38
39.28   17.36
39.30   24.35
39.33   17.34
39.35   23.32
39.38   18.31
39.40   23.30
39.43   18.28
39.45   23.27
39.48   18.25
39.50   22.24
39.53   19.23
39.55   22.21
39.58   20.20
39.60   21.19
39.63   20.17
39.65   21.16
39.68   20.15
39.70   20.13
39.73   21.12
39.75   20.11
39.78   22.09
39.80   19.08
39.83   22.07
39.85   19.05
39.88   22.04
39.90   18.03
39.93   23.01
39.95   18.00
39.97   22.98
40.00   16.97
40.03   23.95
40.05   16.94
40.08   23.92
40.10   16.91
40.13   23.89
40.15   16.88
40.18   23.86
40.20   15.85
40.22   23.83
40.25   15.82
40.27   24.80
40.30   15.79
40.33   24.77
40.35   15.76
40.37   24.74
40.40   14.73
40.42   23.71
40.45   15.70
40.47   24.68
40.50   15.67
40.52   24.65
40.55   15.64
40.57   23.62
40.60   15.61
40.62   23.59
40.65   15.58
40.67   23.56
40.70   16.55
40.72   23.53
40.75   16.52
40.77   23.51
40.80   16.49
40.82   22.48
40.85   17.46
40.87   22.45
40.90   17.43
40.92   21.42
40.95   18.40
40.97   21.39
41.00   18.37
41.02   20.36
41.05   19.35
41.07   20.33
41.10   19.32
41.12   20.30
41.15   20.29
41.17   19.27
41.20   20.26
41.22   19.24
41.25   21.23
41.27   18.22
41.29   21.20
41.32   18.19
41.35   21.17
41.37   17.16
41.40   22.14
41.42   17.13
41.44   22.11
41.47   17.10
41.49   23.09
41.52   16.07
41.54   23.06
41.57   16.04
41.59   24.03
41.62   15.01
41.64   23.00
41.67   14.99
41.69   23.97
41.72   14.96
41.74   23.94
41.77   14.93
41.79   23.91
41.82   14.90
41.84   23.89
41.87   14.87
41.89   23.86
41.92   14.84
41.94   23.83
41.97   14.82
41.99   23.80
42.02   14.79
42.04   23.77
42.07   14.76
42.09   23.75
42.12   15.73
42.14   22.72
42.17   15.70
42.19   22.69
42.22   15.68
42.24   22.66
42.27   16.65
42.29   21.63
42.31   15.62
42.34   17.61
42.36   5.60
42.39   -7.39
42.42   -31.38
42.44   -57.35
42.46   -91.30
42.49   -130.23
42.51   -178.13
42.54   -226.00
42.56   -261.85
42.59   -290.67
42.61   -310.49
42.64   -325.29
42.66   -336.09
42.69   -344.88
42.71   -349.67
42.74   -354.45
42.76   -357.24
42.79   -360.02
42.81   -361.80
42.84   -362.59
42.86   -363.37
42.89   -364.15
42.91   -364.94
42.94   -365.72
42.96   -366.50
42.99   -366.28
43.01   -366.05
43.04   -365.83
43.06   -364.61
43.09   -363.40
43.11   -361.19
43.14   -359.97
43.16   -357.76
43.19   -354.55
43.21   -350.33
43.24   -346.12
43.26   -339.92
43.29   -331.72
43.31   -320.52
43.34   -266.35
43.36   -157.24
43.39   -61.19
43.41   -18.17
43.44   6.83
43.46   13.82
43.49   21.81
43.51   23.80
43.54   26.78
43.56   26.76
43.59   26.75
43.61   27.73
43.64   25.71
43.66   27.69
43.69   25.68
43.71   28.66
43.74   24.64
43.76   29.62
43.79   24.61
43.81   28.59
43.84   24.57
43.86   29.55
43.89   23.54
43.91   29.52
43.94   23.50
43.96   30.48
43.99   23.47
44.01   29.45
44.04   22.43
44.06   30.41
44.09   22.40
44.11   30.38
44.13   22.36
44.16   30.35
44.18   22.33
44.21   30.31
44.23   21.29
44.26   30.28
44.28   21.26
44.31   30.24
44.33   21.23
44.36   31.21
44.38   21.19
44.41   30.17
44.43   21.16
44.46   30.14
44.48   21.12
44.51   30.11
44.53   22.09
44.56   30.07
44.58   22.06
44.61   30.04
44.63   22.02
44.66   29.01
44.68   21.99
44.71   28.97
44.73   22.96
44.76   27.94
44.78   22.92
44.81   27.91
44.83   23.89
44.86   27.87
44.88   23.86
44.91   26.84
44.93   24.82
44.96   26.81
44.98   24.79
45.01   25.77
45.03   25.76
45.06   25.74
45.08   25.72
45.11   24.71
45.13   25.69
45.15   23.67
45.18   26.66
45.21   23.64
45.23   26.63
45.25   23.61
45.28   27.59
45.30   22.58
45.33   27.56
45.35   22.54
45.38   27.53
45.40   21.51
45.43   28.50
45.45   21.48
45.48   28.46
45.50   21.45
45.53   29.43
45.55   20.41
45.58   29.40
45.60   20.38
45.63   29.37
45.65   20.35
45.68   29.33
45.70   20.32
45.73   29.30
45.75   20.29
45.78   29.27
45.80   20.26
45.83   30.24
45.85   20.22
45.88   30.21
45.90   20.19
45.93   29.18
45.95   20.16
45.98   29.14
46.00   20.13
46.03   29.11
46.05   21.10
46.08   28.08
46.10   21.07
46.13   28.05
46.15   22.03
46.18   28.02
46.20   22.00
46.22   26.99
46.25   21.97
46.27   26.96
46.30   21.94
46.32   25.92
46.35   22.91
46.37   25.89
46.40   22.88
46.42   25.86
46.45   23.85
46.47   24.83
46.50   23.82
46.52   23.80
46.55   24.79
46.57   23.77
46.60   24.75
46.62   23.74
46.65   25.72
46.67   22.71
46.70   26.69
46.72   22.68
46.75   26.66
46.77   22.65
46.80   27.63
46.82   21.62
46.85   27.60
46.87   21.59
46.90   27.57
46.92   20.56
46.95   27.54
46.97   20.53
47.00   27.51
47.02   20.50
47.05   28.48
47.07   20.47
47.10   28.45
47.12   19.44
47.15   28.42
47.17   19.41
47.20   28.39
47.22   19.38
47.25   28.36
47.27   19.35
47.29   28.33
47.32   19.32
47.34   28.30
47.37   19.29
47.39   28.27
47.42   19.26
47.44   27.24
47.47   19.23
47.49   28.21
47.52   19.20
47.54   27.18
47.57   20.17
47.59   27.15
47.62   20.14
47.64   27.13
47.67   20.11
47.69   26.10
47.72   21.08
47.74   26.07
47.77   21.05
47.79   25.04
47.82   22.02
47.84   25.01
47.87   21.99
47.89   23.98
47.92   22.97
47.94   23.95
47.97   23.94
47.99   22.92
48.02   23.91
48.04   22.89
48.07   23.88
48.09   22.86
48.12   24.85
48.14   21.84
48.17   25.82
48.19   21.81
48.22   25.79
48.24   20.78
48.27   25.76
48.29   20.75
48.31   26.74
48.34   19.72
48.37   26.71
48.39   19.69
48.41   26.68
48.44   19.66
48.46   26.65
48.49   18.64
48.51   27.62
48.54   18.61
48.56   27.59
48.59   18.58
48.61   27.57
48.64   18.55
48.66   27.54
48.69   18.52
48.71   27.51
48.74   18.50
48.76   27.48
48.79   18.47
48.81   27.45
48.84   18.44
48.86   27.43
48.89   18.41
48.91   26.40
48.94   18.38
48.96   26.37
48.99   19.36
49.01   26.34
49.04   19.33
49.06   26.32
49.09   19.30
49.11   25.29
49.14   20.27
49.16   25.26
49.19   20.25
49.21   25.23
49.24   21.22
49.26   24.21
49.29   21.19
49.31   24.18
49.34   22.16
49.36   23.15
49.38   22.14
49.41   23.12
49.43   23.11
49.46   22.10
49.48   23.08
49.51   22.07
49.53   24.06
49.56   22.04
49.58   24.03
49.61   21.02
49.63   25.00
49.66   19.99
49.68   24.98
49.71   19.96
49.73   24.95
49.76   19.93
49.78   25.92
49.81   18.91
49.83   25.89
49.86   18.88
49.88   25.87
49.91   17.85
49.93   26.84
49.96   18.83
49.98   26.81
50.01   17.80
50.03   26.79
50.06   17.78
50.08   26.76
50.11   17.75
50.13   26.74
50.16   17.72
50.18   26.71
50.21   17.70
50.23   26.68
50.26   17.67
50.28   26.66
50.31   17.64
50.33   26.63
50.36   17.62
50.38   26.60
50.40   17.59
50.43   26.58
50.46   18.57
50.48   25.55
50.50   18.54
50.53   25.53
50.55   18.51
50.58   24.50
50.61   19.49
50.63   24.47
50.65   19.46
50.68   24.45
50.70   20.44
50.73   23.42
50.75   20.41
50.78   23.40
50.80   20.38
50.83   22.37
50.85   21.36
50.88   22.35
50.90   21.33
50.93   21.32
50.95   22.31
50.98   21.30
51.00   23.28
51.03   20.27
51.05   23.26
51.08   20.25
51.10   24.23
51.13   19.22
51.15   24.21
51.18   19.19
51.20   25.18
51.23   19.17
51.25   25.16
51.28   18.14
51.30   25.13
51.33   18.12
51.35   25.11
51.38   18.09
51.40   26.08
51.43   17.07
51.45   26.06
51.47   17.04
51.50   26.03
51.53   17.02
51.55   26.01
51.57   16.99
51.60   25.98
51.62   16.97
51.65   25.96
51.67   16.94
51.70   25.93
51.72   16.92
51.75   25.91
51.77   17.89
51.80   25.88
51.82   16.87
51.85   25.86
51.87   16.85
51.90   25.83
51.92   17.82
51.95   24.81
51.97   17.80
52.00   24.78
52.02   17.77
52.05   24.76
52.07   18.75
52.10   23.74
52.12   18.72
52.15   23.71
52.17   18.70
52.20   22.69
52.22   19.67
52.25   22.66
52.27   20.65
52.30   21.64
52.32   20.63
52.35   21.61
52.37   20.60
52.40   20.59
52.42   21.58
52.45   20.57
52.47   22.55
52.50   20.54
52.52   22.53
52.54   19.52
52.57   22.51
52.59   18.49
52.62   23.48
52.64   18.47
52.67   23.46
52.70   18.45
52.72   23.44
52.74   18.42
52.77   24.41
52.79   17.40
52.82   24.39
52.84   16.38
52.87   24.36
52.89   16.35
52.92   24.34
52.94   16.33
52.97   25.32
52.99   16.31
53.02   25.29
53.04   16.28
53.07   25.27
53.09   16.26
53.12   25.25
53.14   16.24
53.17   25.22
53.19   16.21
53.22   25.20
53.24   16.19
53.27   25.18
53.29   16.17
53.32   25.15
53.34   16.14
53.37   25.13
53.39   16.12
53.42   24.11
53.44   17.10
53.47   24.08
53.49   17.07
53.52   24.06
53.54   18.05
53.56   24.04
53.59   18.03
53.62   23.02
53.64   18.00
53.66   22.99
53.69   17.98
53.71   21.97
53.74   18.96
53.77   21.95
53.79   19.94
53.81   20.92
53.84   19.91
53.86   20.90
53.89   20.89
53.91   20.88
53.94   20.87
53.96   19.86
53.99   20.84
54.01   19.83
54.04   21.82
54.06   18.81
54.09   21.80
54.11   17.79
54.14   22.78
54.16   17.77
54.19   22.75
54.21   17.74
54.24   23.73
54.26   17.72
54.29   23.71
54.31   16.70
54.34   23.69
54.36   16.68
54.39   23.67
54.41   15.65
54.44   24.64
54.46   15.63
54.49   24.62
54.51   15.61
54.54   24.60
54.56   15.59
54.59   24.58
54.61   15.57
54.63   24.55
54.66   15.54
54.69   24.53
54.71   15.52
54.73   24.51
54.76   15.50
54.79   24.49
54.81   15.48
54.83   24.47
54.86   15.46
54.88   24.45
54.91   15.43
54.93   24.42
54.96   16.41
54.98   24.40
55.01   16.39
55.03   23.38
55.06   16.37
55.08   23.36
55.11   17.35
55.13   22.34
55.16   17.33
55.18   22.32
55.21   17.30
55.23   22.29
55.26   18.28
55.28   21.27
55.31   18.26
55.33   21.25
55.36   19.24
55.38   20.23
55.41   19.22
55.43   19.21
55.46   20.20
55.48   19.19
55.51   20.18
55.53   19.17
55.56   20.15
55.58   18.14
55.61   20.13
55.63   18.12
55.65   21.11
55.68   17.10
55.71   22.09
55.73   17.08
55.76   22.07
55.78   17.06
55.80   22.05
55.83   16.04
55.86   23.03
55.88   16.02
55.90   23.01
55.93   16.00
55.95   22.99
55.98   14.98
56.00   22.97
56.03   14.96
56.05   23.95
56.08   14.93
56.10   23.92
56.13   13.91
56.15   23.90
56.18   13.89
56.20   23.88
56.23   14.87
56.25   23.86
56.28   14.85
56.30   23.84
56.33   14.83
56.35   22.82
56.38   14.81
56.40   23.80
56.43   14.79
56.45   23.78
56.48   14.77
56.50   22.76
56.53   14.75
56.55   22.74
56.58   15.73
56.60   22.72
56.63   15.71
56.65   21.70
56.68   16.69
56.70   21.68
56.72   16.67
56.75   20.66
56.78   17.65
56.80   20.64
56.82   17.63
56.85   19.62
56.88   18.61
56.90   19.60
56.93   17.59
56.95   19.58
56.97   19.57
57.00   18.56
57.02   19.55
57.05   17.54
57.07   20.53
57.10   17.52
57.12   20.51
57.15   17.50
57.17   21.49
57.20   16.48
57.22   21.47
57.25   16.46
57.27   21.45
57.30   16.44
57.32   22.43
57.35   15.42
57.37   22.41
57.40   15.40
57.42   22.39
57.45   14.38
57.47   23.37
57.50   14.36
57.52   23.35
57.55   14.34
57.57   23.33
57.60   14.32
57.62   23.31
57.65   13.30
57.67   23.29
57.70   14.28
57.72   23.27
57.75   14.26
57.77   23.25
57.79   14.24
57.82   23.23
57.85   14.22
57.87   23.21
57.89   14.21
57.92   22.20
57.95   14.19
57.97   22.18
58.00   14.17
58.02   22.16
58.04   15.15
58.07   21.14
58.09   15.13
58.12   22.12
58.14   15.11
58.17   21.10
58.19   16.09
58.22   21.08
58.24   16.07
58.27   21.06
58.29   17.05
58.32   20.04
58.34   17.03
58.37   20.02
58.39   17.01
58.42   19.00
58.44   18.00
58.47   17.99
58.49   18.98
58.52   16.97
58.54   18.96
58.57   16.95
58.59   19.94
58.62   16.93
58.64   19.92
58.67   15.91
58.69   20.90
58.72   15.89
58.74   20.88
58.77   15.87
58.79   20.86
58.81   14.85
58.84   21.84
58.87   13.84
58.89   21.83
58.92   14.82
58.94   21.81
58.96   13.80
58.99   22.79
59.02   13.78
59.04   22.77
59.06   13.76
59.09   21.75
59.11   13.74
59.14   22.73
59.16   13.72
59.19   22.71
59.21   12.71
59.24   22.70
59.26   13.69
59.29   22.68
59.31   13.67
59.34   22.66
59.36   13.65
59.39   22.64
59.41   13.63
59.44   22.62
59.46   13.61
59.49   21.60
59.51   13.59
59.54   21.58
59.56   14.58
59.59   21.57
59.61   14.56
59.64   21.55
59.66   14.54
59.69   21.53
59.71   15.52
59.74   20.51
59.76   15.50
59.79   20.49
59.81   16.48
59.84   19.48
59.86   16.47
59.88   19.46
59.91   17.45
59.94   18.44
59.96   17.43
59.99   18.42
60.01   17.41
60.04   18.40
60.06   18.39
60.09   17.39
60.11   18.38
60.13   17.37
60.16   19.36
60.18   16.35
60.21   19.34
60.23   16.33
60.26   19.32
60.28   15.31
60.31   20.31
60.33   15.30
60.36   20.29
60.38   14.28
60.41   20.27
60.43   14.26
60.46   21.25
60.48   14.24
60.51   21.23
60.53   13.23
60.56   21.22
60.58   14.21
60.61   21.20
60.63   13.19
60.66   22.18
60.68   13.17
60.71   22.16
60.73   13.16
60.76   22.15
60.78   13.14
60.81   22.13
60.83   13.12
60.86   22.11
60.88   13.10
60.91   22.09
60.93   13.09
60.96   22.08
60.98   13.07
61.01   22.06
61.03   13.05
61.05   21.04
61.08   14.03
61.11   21.02
61.13   13.02
61.15   21.01
61.18   14.00
61.20   20.99
61.23   13.98
61.25   19.97
61.28   14.96
61.30   19.95
61.33   14.95
61.35   18.94
61.38   15.93
61.40   18.92
61.43   15.91
61.45   17.90
61.48   15.89
61.50   17.89
61.53   16.88
61.55   16.87
61.58   16.86
61.60   16.85
61.63   17.84
61.65   16.83
61.68   17.83
61.70   16.82
61.73   18.81
61.75   15.80
61.78   18.79
61.80   13.78
61.83   9.78
61.85   -21.21
61.88   -45.20
61.90   -104.17
61.93   -177.10
61.95   -222.01
61.98   -266.91
62.00   -315.78
62.03   -340.65
62.05   -356.50
62.08   -362.35
62.10   -367.20
62.13   -370.06
62.15   -372.90
62.18   -373.74
62.20   -375.59
62.22   -376.43
62.25   -377.28
62.28   -377.12
62.30   -377.97
62.33   -377.82
62.35   -377.66
62.38   -377.51
62.40   -377.35
62.43   -377.20
62.45   -378.04
62.48   -376.89
62.50   -377.74
62.53   -377.58
62.55   -377.43
62.58   -377.28
62.60   -377.12
62.63   -376.97
62.65   -376.82
62.68   -376.66
62.70   -376.51
62.73   -375.36
62.75   -376.21
62.78   -375.05
62.80   -375.90
62.83   -374.75
62.85   -375.60
62.88   -374.45
62.90   -374.29
62.93   -374.14
62.95   -372.99
62.98   -371.84
63.00   -370.69
63.03   -367.54
63.05   -354.39
63.08   -238.28
63.10   -132.22
63.13   -54.19
63.15   -10.18
63.18   4.82
63.20   15.82
63.22   22.81
63.25   22.80
63.28   25.79
63.30   23.78
63.32   26.77
63.35   22.76
63.37   26.74
63.40   22.73
63.42   26.72
63.45   21.71
63.47   26.70
63.50   21.69
63.52   27.68
63.55   21.67
63.57   27.65
63.60   20.64
63.62   28.63
63.65   20.62
63.67   28.61
63.70   20.60
63.72   28.59
63.75   20.58
63.77   28.57
63.80   19.56
63.82   28.54
63.85   19.53
63.87   28.52
63.90   19.51
63.92   29.50
63.95   19.49
63.97   28.48
64.00   19.47
64.02   28.46
64.05   19.45
64.07   28.43
64.10   19.42
64.12   28.41
64.14   20.40
64.17   28.39
64.19   20.38
64.22   27.37
64.25   20.36
64.27   27.35
64.29   21.34
64.32   27.33
64.34   21.31
64.37   27.30
64.39   21.29
64.42   27.28
64.44   21.27
64.47   26.26
64.49   22.25
64.52   26.24
64.54   22.23
64.57   25.22
64.59   23.21
64.62   25.20
64.64   23.19
64.67   24.17
64.69   23.16
64.72   24.15
64.74   24.14
64.77   23.13
64.79   24.12
64.82   23.11
64.84   25.10
64.87   22.09
64.89   25.08
64.92   22.07
64.94   26.06
64.97   21.05
64.99   26.04
65.02   21.03
65.04   26.01
65.06   21.00
65.09   26.99
65.12   20.98
65.14   26.97
65.17   19.96
65.19   26.95
65.21   18.94
65.24   27.93
65.26   18.92
65.29   27.91
65.31   18.90
65.34   27.89
65.36   18.88
65.39   27.87
65.41   18.86
65.44   27.85
65.46   18.84
65.49   27.83
65.51   18.82
65.54   27.80
65.56   18.79
65.59   27.78
65.61   18.77
65.64   27.76
65.66   18.75
65.69   27.74
65.71   18.73
65.74   2