=~=~=~=~=~=~=~=~=~=~=~= PuTTY log 2025.01.26 18:17:49 =~=~=~=~=~=~=~=~=~=~=~=
61.87   -379.20
 239.10
393.18   239.08
393.21   239.07
393.23   239.05
393.26   238.03
 238.14
393.11   240.13
393.13   239.11
393.16   239.10
393.18   239.08
393.21   239.07
393.23   239.05
393.26   238.03
2.02   -1.49
2.04   1.33
2.07   0.00
2.09   -2.72
2.11   4.16
2.14   -3.81
2.16   2.27
2.19   0.17
2.21   -2.72
2.23   4.22
2.26   -4.76
2.28   3.28
2.31   -1.76
2.33   0.32
2.36   1.26
2.38   -3.68
2.40   4.29
2.43   -4.68
2.45   4.31
2.48   -3.70
2.50   3.33
2.53   -2.70
2.55   2.33
2.58   -1.70
2.60   1.34
2.63   -0.70
2.65   0.34
2.67   0.31
2.70   -0.65
2.72   1.32
2.75   -1.64
2.77   2.33
2.80   -2.64
2.82   3.34
2.85   -3.63
2.87   3.35
2.90   -4.63
2.92   4.36
2.95   -4.63
2.97   4.36
3.00   -4.63
3.02   4.37
3.05   -4.63
3.07   4.37
3.10   -3.63
3.12   4.38
3.15   -2.63
3.17   3.39
3.20   -2.63
3.22   2.39
3.25   -1.63
3.27   1.39
3.30   -1.63
3.32   1.39
3.34   -0.63
3.37   0.39
3.39   -0.63
3.42   0.39
3.44   0.37
3.47   -1.61
3.49   1.38
3.52   -1.61
3.54   2.38
3.57   -2.61
3.59   2.38
3.62   -2.61
3.64   3.38
3.67   -3.61
3.69   3.38
3.72   -3.61
3.74   4.38
3.77   -3.61
3.79   4.38
3.82   -4.62
3.84   4.38
3.87   -4.62
3.89   4.38
3.92   -4.61
3.94   4.39
3.97   -4.61
3.99   4.39
4.02   -4.61
4.04   4.39
4.07   -3.62
4.09   4.39
4.11   -3.62
4.14   3.39
4.16   -2.62
4.19   2.39
4.21   -1.62
4.24   2.39
4.26   -1.62
4.29   1.39
4.31   -0.62
4.34   0.39
4.36   -0.62
4.39   0.39
4.41   0.38
4.44   -1.61
4.46   1.38
4.49   -1.61
4.51   2.38
4.54   -2.61
4.56   2.38
4.59   -2.61
4.61   3.38
4.64   -3.61
4.66   3.38
4.69   -4.61
4.71   4.38
4.74   -4.61
4.76   4.39
4.78   -4.61
4.81   4.39
4.84   -4.61
4.86   4.39
4.88   -4.61
4.91   4.39
4.93   -4.62
4.96   4.38
4.98   -4.62
5.01   4.39
5.03   -3.62
5.06   3.39
5.08   -3.62
5.11   2.39
5.13   -2.62
5.16   2.39
5.18   -1.61
5.21   1.39
5.23   -1.61
5.26   1.39
5.28   -0.61
5.31   0.39
5.33   0.39
5.36   -0.60
5.38   0.39
5.41   -1.60
5.43   1.39
5.46   -2.60
5.48   2.40
5.51   -2.60
5.53   2.40
5.55   -3.60
5.58   3.40
5.61   -3.59
5.63   3.41
5.65   -4.59
5.68   4.41
5.70   -4.59
5.73   4.41
5.75   -4.58
5.78   4.42
5.80   -4.58
5.83   4.42
5.85   -4.58
5.88   4.43
5.90   -4.57
5.93   3.43
5.95   -3.57
5.98   3.44
6.00   -3.56
6.03   2.44
6.05   -3.56
6.08   2.45
6.10   -2.56
6.13   1.45
6.15   -1.55
6.18   0.45
6.20   -0.55
6.23   0.46
6.25   0.45
6.28   -0.54
6.30   0.45
6.32   -1.54
6.35   1.46
6.38   -2.54
6.40   2.46
6.42   -2.54
6.45   2.46
6.47   -3.53
6.50   3.46
6.52   -3.53
6.55   4.46
6.57   -4.53
6.60   4.46
6.62   -4.53
6.65   4.47
6.67   -5.53
6.70   4.47
6.72   -4.53
6.75   4.47
6.77   -4.54
6.80   4.46
6.82   -4.54
6.85   3.46
6.87   -4.54
6.90   3.46
6.92   -3.54
6.95   3.46
6.97   -2.54
7.00   2.46
7.02   -2.54
7.05   1.47
7.07   -1.54
7.09   0.47
7.12   -0.54
7.15   0.47
7.17   0.46
7.19   -0.54
7.22   0.46
7.24   -1.54
7.27   1.46
7.29   -2.53
7.32   1.46
7.34   -2.53
7.37   2.46
7.39   -3.53
7.42   2.46
7.44   -3.53
7.47   3.47
7.49   -4.53
7.52   4.47
7.54   -4.53
7.57   4.46
7.59   -4.54
7.62   4.46
7.64   -4.54
7.67   4.46
7.69   -4.54
7.72   4.46
7.74   -4.53
7.77   3.47
7.79   -4.53
7.82   3.47
7.84   -3.53
7.86   2.48
7.89   -3.52
7.92   3.48
7.94   -2.53
7.96   2.48
7.99   -1.53
8.01   1.48
8.04   -1.53
8.06   1.47
8.09   -0.53
8.11   -0.52
8.14   -0.52
8.16   -1.52
8.19   0.48
8.21   -1.51
8.24   0.49
8.26   -2.51
8.29   1.49
8.31   -2.51
8.34   2.49
8.36   -3.50
8.39   3.49
8.41   -3.51
8.44   3.49
8.46   -4.51
8.49   3.49
8.51   -4.50
8.54   3.50
8.56   -4.50
8.59   3.50
8.61   -5.49
8.64   3.51
8.66   -4.49
8.69   4.51
8.71   -4.49
8.73   4.52
8.76   -4.48
8.78   3.52
8.81   -4.48
8.83   3.52
8.86   -3.48
8.88   2.52
8.91   -2.48
8.93   1.53
8.96   -2.48
8.98   0.53
9.01   -1.47
9.03   -0.46
9.06   -0.46
9.08   -0.46
9.11   0.54
9.13   -1.46
9.16   1.54
9.18   -2.45
9.21   1.54
9.23   -3.45
9.26   2.54
9.28   -3.45
9.31   2.55
9.33   -4.45
9.36   2.55
9.38   -4.44
9.40   3.56
9.43   -5.44
9.46   3.56
9.48   -5.44
9.50   4.56
9.53   -4.43
9.55   4.57
9.58   -4.44
9.60   4.57
9.63   -4.43
9.65   3.57
9.68   -4.43
9.70   3.57
9.73   -4.43
9.75   3.57
9.78   -3.43
9.80   2.58
9.83   -3.43
9.85   1.58
9.88   -2.42
9.90   0.58
9.93   -1.42
9.95   0.58
9.98   -0.42
10.00   -0.42
10.03   0.58
10.05   -0.42
10.08   0.58
10.10   -1.42
10.13   0.58
10.15   -2.42
10.18   1.58
10.20   -2.42
10.23   1.58
10.25   -2.41
10.27   2.58
10.30   -3.41
10.32   2.58
10.35   -3.41
10.38   3.58
10.40   -4.41
10.42   3.58
10.45   -4.42
10.47   3.58
10.50   -4.42
10.52   3.58
10.55   -4.41
10.57   3.59
10.60   -4.41
10.62   4.59
10.65   -5.41
10.67   4.59
10.70   -4.41
10.72   4.59
10.75   -4.41
10.77   4.59
10.80   -4.41
10.82   4.59
10.85   -4.41
10.87   4.59
10.90   -4.41
10.92   3.59
10.95   -4.41
10.97   3.59
11.00   -4.41
11.02   3.60
11.05   -3.40
11.07   2.60
11.10   -3.40
11.12   2.60
11.15   -3.40
11.17   2.60
11.20   -3.40
11.22   2.60
11.25   -2.40
11.27   1.60
11.30   -1.40
11.32   0.60
11.34   -1.40
11.37   0.61
11.40   -1.39
11.42   -0.39
11.44   -0.38
11.47   -1.38
11.49   0.62
11.52   -1.37
11.54   0.62
11.57   -1.37
11.59   1.63
11.62   -2.37
11.64   1.63
11.67   -2.36
11.69   2.64
11.72   -3.36
11.74   2.64
11.77   -3.35
11.79   2.65
11.82   -4.35
11.84   3.65
11.87   -4.34
11.89   3.66
11.92   -4.34
11.94   3.66
11.97   -4.33
11.99   4.67
12.02   -4.33
12.04   4.67
12.07   -5.33
12.09   4.67
12.12   -5.33
12.14   3.68
12.17   -5.32
12.19   3.68
12.22   -4.32
12.24   3.68
12.27   -4.31
12.29   3.69
12.31   -4.31
12.34   3.69
12.36   -4.31
12.39   2.70
12.41   -3.30
12.44   2.70
12.47   -3.30
12.49   2.70
12.51   -2.30
12.54   1.71
12.56   -1.29
12.59   0.71
12.61   -1.29
12.64   0.72
12.66   -0.29
12.69   -0.28
12.71   -0.28
12.74   -0.28
12.76   0.72
12.79   -1.27
12.81   0.73
12.84   -1.27
12.86   1.73
12.89   -2.27
12.91   1.73
12.94   -3.26
12.96   1.74
12.99   -3.26
13.01   2.74
13.04   -4.25
13.06   3.75
13.09   -4.25
13.11   3.75
13.14   -4.25
13.16   4.75
13.19   -4.25
13.21   4.75
13.24   -5.25
13.26   3.76
13.28   -4.24
13.31   4.76
13.34   -5.24
13.36   4.76
13.38   -5.24
13.41   3.77
13.43   -5.23
13.46   3.77
13.48   -4.23
13.51   3.77
13.53   -4.23
13.56   3.77
13.58   -3.23
13.61   2.77
13.63   -3.23
13.66   2.78
13.68   -3.22
13.71   2.78
13.73   -2.22
13.76   1.78
13.78   -2.22
13.81   1.78
13.83   -1.22
13.86   0.79
13.88   -1.21
13.91   0.79
13.93   -0.21
13.96   0.79
13.98   -0.21
14.01   -0.20
14.03   0.79
14.06   -1.20
14.08   0.80
14.11   -1.20
14.13   1.80
14.15   -2.20
14.18   1.80
14.21   -3.19
14.23   2.81
14.26   -3.19
14.28   2.81
14.31   -3.19
14.33   3.81
14.35   -4.18
14.38   3.82
14.40   -4.18
14.43   3.82
14.45   -4.18
14.48   3.82
14.50   -4.18
14.53   4.82
14.55   -5.17
14.58   3.83
14.60   -5.17
14.63   4.83
14.65   -4.17
14.68   3.83
14.70   -5.17
14.73   4.84
14.75   -4.16
14.78   3.84
14.80   -4.16
14.83   3.84
14.85   -4.16
14.88   3.84
14.90   -3.16
14.93   2.84
14.95   -3.15
14.98   1.85
15.00   -3.15
15.03   1.85
15.05   -2.15
15.08   1.85
15.10   -2.15
15.13   0.86
15.15   -1.14
15.18   -0.14
15.20   -1.14
15.23   -0.14
15.25   -0.14
15.27   -1.13
15.30   -0.13
15.32   -1.13
15.35   0.87
15.37   -2.13
15.40   1.87
15.42   -2.12
15.45   1.88
15.47   -2.12
15.50   2.88
15.52   -3.12
15.55   2.88
15.57   -3.12
15.60   3.88
15.62   -3.12
15.65   3.88
15.67   -3.12
15.70   7.87
15.72   -2.13
15.75   -10.12
15.77   -47.06
15.80   -71.94
15.82   -101.77
15.85   -87.60
15.87   -90.44
15.90   -78.29
15.92   -90.14
15.95   -85.98
15.97   -107.81
16.00   -120.60
16.02   -158.34
16.05   -177.03
16.07   -213.68
16.10   -242.26
16.12   -277.79
16.15   -296.28
16.17   -314.73
16.20   -323.17
16.22   -331.60
16.25   -328.02
16.27   -320.46
16.30   -294.93
16.32   -262.46
16.35   -205.07
16.37   -167.77
16.40   -125.53
16.42   -111.33
16.45   -86.17
16.47   -87.03
16.50   -72.89
16.52   -83.76
16.55   -82.61
16.57   -51.50
16.60   6.51
16.62   9.49
16.65   19.46
16.67   9.43
16.70   17.41
16.72   7.39
16.75   15.37
16.77   5.35
16.79   14.34
16.82   5.32
16.84   14.30
16.87   6.29
16.89   13.27
16.92   6.26
16.94   13.24
16.97   6.22
16.99   13.21
17.02   6.19
17.04   12.18
17.07   7.16
17.09   12.15
17.12   7.13
17.14   11.12
17.17   7.10
17.19   11.09
17.22   8.07
17.24   11.06
17.27   9.04
17.29   10.03
17.32   9.01
17.34   9.00
17.37   9.98
17.39   8.97
17.42   9.96
17.44   7.94
17.47   10.93
17.49   6.92
17.52   10.90
17.54   6.89
17.57   11.87
17.59   6.86
17.62   10.85
17.64   5.83
17.67   12.82
17.69   5.81
17.72   12.79
17.74   5.78
17.77   12.76
17.79   4.75
17.81   12.74
17.84   4.73
17.86   12.71
17.89   4.70
17.91   12.68
17.94   4.67
17.96   13.66
17.99   4.65
18.01   13.63
18.04   4.62
18.06   13.61
18.09   4.59
18.11   12.58
18.14   3.57
18.16   13.56
18.19   3.54
18.21   12.53
18.24   4.52
18.26   12.51
18.29   5.49
18.31   9.48
18.33   10.47
18.36   4.46
18.38   13.44
18.41   4.43
18.43   10.42
18.46   8.41
18.48   5.40
18.50   13.38
18.53   3.37
18.55   11.36
18.58   7.35
18.60   6.34
18.62   12.32
18.65   4.31
18.67   12.30
18.70   6.29
18.72   8.28
18.75   11.27
18.77   4.25
18.79   13.24
18.82   5.23
18.84   9.22
18.86   9.21
18.89   5.20
18.91   13.18
18.94   4.17
18.96   11.16
18.98   8.15
19.01   5.14
19.03   12.13
19.06   3.12
19.08   12.11
19.10   7.09
19.13   7.08
19.15   11.07
19.18   4.06
19.20   12.05
19.23   6.04
19.25   8.03
19.27   11.01
19.30   4.00
19.32   11.99
19.35   4.98
19.37   8.97
19.39   8.96
19.42   3.95
19.44   12.94
19.47   3.93
19.49   9.92
19.51   7.91
19.54   4.90
19.56   11.89
19.59   2.88
19.61   11.87
19.63   5.85
19.66   6.85
19.68   10.83
19.71   2.82
19.73   11.81
19.76   4.80
19.78   7.79
19.80   9.78
19.83   2.77
19.85   11.76
19.87   4.75
19.90   8.74
19.92   8.73
19.95   3.72
19.97   11.71
20.00   3.70
20.02   9.69
20.04   7.68
20.07   4.67
20.09   11.66
20.12   2.65
20.14   10.65
20.16   6.64
20.19   5.63
20.21   10.62
20.24   2.61
20.26   11.60
20.28   4.59
20.31   7.58
20.33   9.57
20.36   3.56
20.38   11.55
20.40   4.54
20.43   8.53
20.45   8.52
20.48   3.52
20.50   11.51
20.53   3.50
20.55   9.49
20.57   7.48
20.60   4.47
20.62   11.46
20.64   2.45
20.67   10.44
20.69   5.43
20.72   5.43
20.74   10.42
20.77   3.41
20.79   11.40
20.81   3.39
20.84   10.38
20.86   5.37
20.89   6.36
20.91   10.35
20.94   3.35
20.96   11.34
20.98   2.33
21.01   10.32
21.03   5.31
21.06   7.30
21.08   9.29
21.11   3.29
21.13   11.28
21.15   2.27
21.18   11.26
21.20   5.25
21.23   8.24
21.25   8.24
21.28   4.23
21.30   11.22
21.32   2.21
21.35   11.20
21.37   4.19
21.40   8.19
21.42   8.18
21.45   4.17
21.47   11.16
21.50   2.15
21.52   11.14
21.54   4.14
21.57   8.13
21.59   7.12
21.62   5.11
21.64   10.10
21.66   2.10
21.69   11.09
21.71   3.08
21.74   9.07
21.76   7.06
21.79   5.06
21.81   10.05
21.83   3.04
21.86   11.03
21.88   3.03
21.91   9.02
21.93   6.01
21.96   5.00
21.98   10.00
22.00   1.99
22.03   10.98
22.05   2.97
22.08   9.96
22.10   5.96
22.13   5.95
22.15   9.94
22.17   2.93
22.20   10.93
22.22   2.92
22.25   8.91
22.27   5.90
22.30   4.90
22.32   9.89
22.34   2.88
22.37   10.87
22.39   1.87
22.42   9.86
22.44   4.85
22.47   6.84
22.49   8.84
22.51   2.83
22.54   10.82
22.56   2.81
22.59   9.81
22.61   4.80
22.64   6.79
22.66   7.79
22.68   2.78
22.71   10.77
22.73   1.76
22.76   10.76
22.78   3.75
22.81   7.74
22.83   7.74
22.85   3.73
22.88   10.72
22.90   1.72
22.93   10.71
22.95   2.70
22.98   8.69
23.00   6.69
23.02   4.68
23.05   10.67
23.07   1.67
23.10   11.66
23.12   2.65
23.15   8.65
23.17   6.64
23.19   4.63
23.22   9.63
23.24   1.62
23.27   10.61
23.29   2.60
23.32   9.60
23.34   5.59
23.36   4.59
23.39   9.58
23.41   2.57
23.44   10.57
23.46   1.56
23.49   9.55
23.51   5.54
23.53   4.54
23.56   8.53
23.58   2.53
23.61   10.52
23.63   1.51
23.66   9.51
23.68   4.50
23.70   6.49
23.73   8.49
23.75   2.48
23.78   10.47
23.80   1.47
23.83   10.46
23.85   3.45
23.87   6.45
23.90   7.44
23.92   2.43
23.95   10.43
23.97   1.42
24.00   10.41
24.02   3.41
24.04   7.40
24.07   7.39
24.09   3.39
24.12   10.38
24.14   1.38
24.17   10.37
24.19   3.36
24.21   8.36
24.24   6.35
24.26   4.34
24.29   10.34
24.31   1.33
24.34   10.33
24.36   2.32
24.38   8.31
24.41   6.31
24.43   4.30
24.46   9.30
24.48   2.29
24.51   10.28
24.53   2.28
24.55   8.27
24.58   5.26
24.60   4.26
24.63   9.25
24.65   1.25
24.68   10.24
24.70   2.23
24.72   8.23
24.75   5.22
24.77   5.22
24.80   8.21
24.82   1.21
24.84   10.20
24.87   1.19
24.89   9.19
24.92   5.18
24.94   6.18
24.97   8.17
24.99   1.16
25.01   10.16
25.04   1.15
25.06   9.15
25.09   4.14
25.11   6.14
25.14   8.13
25.16   2.12
25.18   11.12
25.21   1.11
25.23   9.11
25.26   4.10
25.28   6.10
25.31   8.09
25.33   2.08
25.35   10.08
25.38   1.07
25.40   10.07
25.43   3.06
25.45   6.06
25.48   7.05
25.50   3.05
25.52   10.04
25.55   1.03
25.57   10.03
25.60   3.02
25.62   7.02
25.65   7.01
25.67   3.01
25.69   10.00
25.72   1.00
25.74   9.99
25.77   2.99
25.79   6.98
25.82   6.97
25.84   2.97
25.86   9.96
25.89   0.96
25.91   9.95
25.94   1.95
25.96   6.94
25.99   5.94
26.01   2.93
26.03   9.93
26.06   0.92
26.08   9.92
26.11   1.91
26.13   7.91
26.16   5.90
26.18   2.90
26.20   9.89
26.23   0.89
26.25   9.88
26.28   1.88
26.30   7.87
26.33   5.86
26.35   2.86
26.37   8.86
26.40   0.85
26.42   9.84
26.45   1.84
26.47   7.83
26.50   5.83
26.52   2.83
26.54   9.82
26.57   0.81
26.59   9.81
26.62   1.80
26.64   7.80
26.67   5.79
26.69   3.79
26.71   8.78
26.74   0.78
26.76   9.77
26.79   1.77
26.81   7.76
26.83   4.76
26.86   3.76
26.88   8.75
26.91   0.75
26.93   9.74
26.96   1.73
26.98   7.73
27.00   4.72
27.03   4.72
27.05   8.72
27.08   1.71
27.10   9.71
27.13   1.70
27.15   8.70
27.17   3.69
27.20   4.69
27.22   8.68
27.25   1.68
27.27   9.67
27.30   1.67
27.32   8.66
27.34   3.66
27.37   5.65
27.39   7.65
27.42   1.64
27.44   9.64
27.47   0.63
27.49   9.63
27.51   3.62
27.54   5.62
27.56   7.61
27.59   1.61
27.61   9.61
27.64   0.60
27.66   9.60
27.68   2.59
27.71   6.59
27.73   7.58
27.76   2.58
27.78   9.57
27.81   1.57
27.83   9.56
27.85   2.56
27.88   6.55
27.90   6.55
27.93   2.55
27.95   9.54
27.97   0.54
28.00   9.53
28.02   2.53
28.05   6.52
28.07   6.52
28.10   2.51
28.12   9.51
28.14   0.50
28.17   9.50
28.19   2.49
28.22   6.49
28.24   6.49
28.27   2.48
28.29   9.48
28.31   0.47
28.34   9.47
28.36   2.46
28.39   7.46
28.41   6.45
28.44   2.45
28.46   9.45
28.48   0.44
28.51   9.44
28.53   1.43
28.56   7.43
28.58   5.42
28.61   3.42
28.63   9.42
28.65   0.41
28.68   9.41
28.70   1.40
28.73   7.40
28.75   4.40
28.78   2.39
28.80   8.39
28.82   0.38
28.85   9.38
28.87   1.37
28.90   7.37
28.92   4.37
28.95   3.36
28.97   8.36
29.00   0.35
29.02   9.35
29.04   1.35
29.07   8.34
29.09   4.34
29.12   3.33
29.14   8.33
29.16   0.33
29.19   9.32
29.21   0.32
29.24   8.31
29.26   3.31
29.29   4.31
29.31   8.30
29.33   1.30
29.36   9.29
29.38   0.29
29.41   8.29
29.43   3.28
29.46   3.28
29.48   7.27
29.50   0.27
29.53   9.27
29.55   0.26
29.58   8.26
29.60   3.25
29.63   4.25
29.65   7.25
29.67   1.24
29.70   9.24
29.72   0.24
29.75   8.23
29.77   3.23
29.79   4.23
29.82   7.22
29.84   1.22
29.87   9.21
29.89   0.21
29.92   8.21
29.94   2.20
29.96   5.20
29.99   6.19
30.01   1.19
30.04   9.19
30.06   0.18
30.09   8.18
30.11   2.18
30.13   5.17
30.16   6.17
30.18   1.17
30.21   9.16
30.23   0.16
30.26   9.15
30.28   2.15
30.30   5.15
30.33   6.14
30.35   1.14
30.38   9.14
30.40   0.13
30.43   9.13
30.45   2.12
30.47   6.12
30.50   5.12
30.52   1.11
30.55   9.11
30.57   0.11
30.60   9.10
30.62   2.10
30.64   6.10
30.67   6.09
30.69   2.09
30.72   8.09
30.74   0.08
30.77   9.08
30.79   1.07
30.81   6.07
30.84   5.07
30.86   2.06
30.89   8.06
30.91   0.06
30.94   9.05
30.96   1.05
30.98   7.05
31.01   5.04
31.03   2.04
31.06   8.04
31.08   0.03
31.11   9.03
31.13   1.03
31.15   6.02
31.18   5.02
31.20   2.02
31.23   8.01
31.25   0.01
31.28   9.01
31.30   1.00
31.32   7.00
31.35   3.99
31.37   2.99
31.40   7.99
31.42   -0.01
31.44   8.98
31.47   -0.02
31.49   6.98
31.52   3.97
31.54   2.97
31.57   7.96
31.59   -0.04
31.61   8.96
31.64   -0.05
31.66   6.95
31.69   2.95
31.71   3.95
31.74   6.94
31.76   -0.06
31.78   8.93
31.81   -0.07
31.83   7.93
31.86   2.92
31.88   4.92
31.91   6.92
31.93   -0.08
31.95   8.91
31.98   -0.09
32.00   7.91
32.03   1.90
32.05   4.90
32.08   5.90
32.10   0.89
32.12   8.89
32.15   -0.11
32.17   7.88
32.20   1.88
32.22   4.88
32.25   5.87
32.27   0.87
32.29   8.87
32.32   -0.14
32.34   8.86
32.37   0.86
32.39   4.86
32.42   5.85
32.44   0.85
32.46   7.85
32.49   -1.16
32.51   8.84
32.54   0.84
32.56   5.83
32.59   4.83
32.61   1.83
32.63   7.82
32.66   -0.18
32.68   8.82
32.71   0.82
32.73   5.81
32.76   4.81
32.78   1.81
32.80   7.80
32.83   -0.20
32.85   8.80
32.88   0.79
32.90   5.79
32.93   4.79
32.95   1.79
32.97   7.78
33.00   -0.22
33.02   8.78
33.05   0.77
33.07   6.77
33.10   3.77
33.12   2.76
33.14   8.76
33.17   1.76
33.19   12.75
33.22   -2.25
33.24   -15.24
33.27   -51.21
33.29   -79.16
33.31   -93.09
33.34   -90.01
33.36   -76.95
33.39   -84.89
33.41   -77.82
33.44   -93.75
33.46   -97.68
33.49   -128.59
33.51   -152.47
33.54   -182.34
33.56   -210.18
33.58   -241.00
33.61   -273.79
33.63   -292.57
33.66   -312.33
33.68   -321.08
33.71   -330.83
33.73   -328.58
33.76   -322.32
33.78   -301.09
33.81   -268.87
33.83   -218.69
33.85   -171.55
33.88   -139.43
33.90   -110.34
33.93   -99.27
33.95   -80.20
33.98   -84.14
34.00   -74.08
34.03   -90.01
34.05   -64.95
34.07   -11.93
34.10   13.06
34.12   14.05
34.15   13.04
34.17   13.03
34.20   9.02
34.22   12.01
34.25   7.01
34.27   12.00
34.30   5.99
34.32   11.99
34.35   4.98
34.37   11.97
34.40   4.97
34.42   12.96
34.45   4.96
34.47   12.95
34.50   3.94
34.52   12.94
34.54   3.93
34.57   12.92
34.60   3.92
34.62   12.91
34.65   2.91
34.67   12.90
34.70   3.89
34.72   12.89
34.75   3.88
34.77   11.88
34.79   3.87
34.82   11.86
34.84   3.86
34.87   11.85
34.89   4.85
34.92   11.84
34.94   4.83
34.97   10.83
34.99   5.82
35.02   10.82
35.04   5.81
35.07   9.81
35.09   6.80
35.12   9.79
35.14   7.79
35.17   8.78
35.19   7.78
35.22   7.77
35.24   8.76
35.27   6.76
35.29   9.75
35.32   6.75
35.34   10.74
35.37   5.74
35.39   10.73
35.42   4.73
35.44   11.72
35.47   4.71
35.49   11.71
35.52   3.70
35.54   11.70
35.56   3.69
35.59   12.69
35.61   3.68
35.64   12.67
35.66   3.67
35.69   12.66
35.71   3.66
35.74   12.65
35.76   3.65
35.79   12.64
35.81   3.64
35.84   12.63
35.86   3.62
35.89   12.62
35.91   3.61
35.94   12.61
35.96   3.60
35.99   11.60
36.01   4.59
36.04   11.59
36.06   4.58
36.09   10.57
36.11   5.57
36.14   10.56
36.16   5.56
36.19   9.55
36.21   6.55
36.24   9.54
36.26   7.54
36.29   8.53
36.31   7.52
36.34   7.52
36.36   8.51
36.38   6.51
36.41   9.50
36.43   6.50
36.46   9.49
36.48   5.49
36.51   10.48
36.53   4.48
36.56   11.47
36.58   4.47
36.61   11.46
36.63   4.46
36.66   12.45
36.68   4.45
36.71   12.44
36.73   3.43
36.76   12.43
36.78   3.42
36.81   12.42
36.83   3.41
36.86   12.41
36.88   3.40
36.91   12.40
36.93   3.39
36.96   12.39
36.98   3.38
37.01   12.38
37.03   3.37
37.06   11.37
37.08   4.36
37.11   12.35
37.13   4.35
37.15   11.34
37.18   4.34
37.20   10.33
37.23   5.33
37.26   10.32
37.28   5.32
37.30   10.31
37.33   6.31
37.35   9.30
37.38   7.30
37.40   8.29
37.43   8.29
37.45   7.28
37.48   9.28
37.50   6.27
37.53   9.27
37.55   6.26
37.58   9.26
37.60   5.25
37.63   11.25
37.65   4.24
37.68   10.24
37.70   4.23
37.73   11.23
37.75   3.22
37.78   12.22
37.80   4.21
37.83   12.21
37.85   3.20
37.88   12.20
37.90   3.19
37.93   12.19
37.95   3.18
37.97   12.18
38.00   3.17
38.03   12.17
38.05   3.16
38.07   12.16
38.10   3.15
38.12   12.15
38.15   4.14
38.17   12.14
38.20   4.13
38.22   11.13
38.25   4.12
38.27   10.12
38.30   5.11
38.32   10.11
38.35   5.10
38.37   9.10
38.40   5.09
38.42   9.09
38.45   6.08
38.47   8.08
38.50   7.07
38.52   7.07
38.55   8.06
38.57   7.06
38.60   9.06
38.62   6.05
38.65   9.05
38.67   5.04
38.70   10.04
38.72   5.03
38.75   10.03
38.77   4.02
38.79   11.02
38.82   3.01
38.85   11.01
38.87   3.00
38.89   12.00
38.92   3.00
38.94   11.99
38.97   2.99
38.99   11.98
39.02   2.98
39.04   11.97
39.07   2.97
39.09   11.96
39.12   2.96
39.14   11.95
39.17   2.95
39.19   10.94
39.22   2.94
39.24   10.93
39.27   3.93
39.29   10.92
39.32   3.92
39.34   9.91
39.37   3.90
39.39   9.90
39.42   5.89
39.44   8.88
39.47   5.88
39.49   8.87
39.52   5.86
39.54   6.86
39.56   7.85
39.59   6.84
39.62   7.84
39.64   5.83
39.66   8.82
39.69   4.82
39.71   9.81
39.74   3.81
39.76   9.80
39.79   3.79
39.81   10.79
39.84   3.78
39.86   10.77
39.89   2.77
39.91   10.76
39.94   2.75
39.96   11.75
39.99   2.74
40.01   11.74
40.04   2.73
40.06   11.72
40.09   1.72
40.11   11.71
40.14   2.70
40.16   11.70
40.19   2.69
40.21   11.69
40.24   2.68
40.26   10.67
40.29   3.67
40.31   10.66
40.34   3.65
40.36   9.65
40.38   3.64
40.41   9.64
40.44   4.63
40.46   8.62
40.48   5.62
40.51   8.61
40.54   5.61
40.56   7.60
40.58   6.59
40.61   6.59
40.63   7.58
40.66   5.57
40.68   8.57
40.71   5.56
40.73   8.56
40.76   4.55
40.78   9.54
40.81   3.54
40.83   10.53
40.86   3.53
40.88   10.52
40.91   3.51
40.93   10.51
40.96   2.50
40.98   11.50
41.01   2.49
41.03   11.48
41.06   2.48
41.08   11.47
41.11   2.47
41.13   11.46
41.15   2.45
41.18   11.45
41.21   2.44
41.23   11.44
41.25   2.43
41.28   11.42
41.31   2.42
41.33   10.41
41.35   3.41
41.38   10.40
41.40   3.40
41.43   10.39
41.45   4.38
41.48   9.38
41.50   5.37
41.53   8.37
41.55   5.36
41.58   8.35
41.60   6.35
41.63   7.34
41.65   7.34
41.68   6.33
41.70   7.33
41.73   5.32
41.75   8.31
41.78   5.31
41.80   9.30
41.83   4.30
41.85   9.29
41.88   3.29
41.90   10.28
41.93   3.27
41.95   10.27
41.97   2.26
42.00   11.26
42.02   2.25
42.05   11.25
42.08   2.24
42.10   11.23
42.12   2.23
42.15   11.22
42.17   2.22
42.20   11.21
42.22   2.21
42.25   11.20
42.27   2.19
42.30   11.19
42.32   2.18
42.35   10.18
42.37   3.17
42.40   10.17
42.42   3.16
42.45   9.16
42.47   4.15
42.50   9.14
42.52   4.14
42.55   8.13
42.57   5.13
42.60   8.12
42.62   6.12
42.65   6.11
42.67   7.11
42.70   6.10
42.72   7.09
42.75   5.09
42.77   8.08
42.79   4.08
42.82   9.07
42.85   4.07
42.87   9.06
42.89   3.06
42.92   10.05
42.94   2.05
42.97   10.04
42.99   2.03
43.02   11.03
43.04   1.02
43.07   11.02
43.09   2.01
43.12   11.01
43.14   2.00
43.17   11.00
43.19   1.99
43.22   10.99
43.24   1.98
43.27   10.98
43.29   1.97
43.32   10.96
43.34   1.96
43.37   9.95
43.39   2.95
43.42   9.94
43.44   2.94
43.47   8.93
43.49   3.93
43.52   8.92
43.54   4.92
43.57   7.91
43.59   5.91
43.62   6.90
43.64   6.90
43.67   5.89
43.69   6.89
43.71   4.88
43.74   7.87
43.76   4.87
43.79   7.86
43.81   3.86
43.84   8.85
43.86   2.85
43.89   9.84
43.91   2.84
43.94   9.83
43.96   1.83
43.99   10.82
44.01   1.82
44.04   10.81
44.06   1.81
44.09   10.80
44.11   1.80
44.14   10.79
44.16   0.79
44.19   10.78
44.21   1.78
44.24   10.77
44.26   1.77
44.29   10.76
44.31   1.76
44.34   9.75
44.36   2.75
44.38   9.74
44.41   2.74
44.44   8.73
44.46   3.73
44.48   8.72
44.51   3.72
44.53   7.71
44.56   4.71
44.58   7.70
44.61   5.70
44.63   5.69
44.66   6.69
44.68   5.68
44.71   6.68
44.73   4.67
44.76   7.67
44.78   3.66
44.81   7.66
44.83   3.65
44.86   8.65
44.88   2.64
44.91   9.64
44.93   1.63
44.96   9.63
44.98   1.62
45.01   9.62
45.03   1.61
45.06   10.61
45.08   1.60
45.11   10.60
45.13   1.59
45.15   10.59
45.18   1.58
45.21   10.58
45.23   1.57
45.25   9.57
45.28   1.56
45.30   9.56
45.33   2.55
45.35   9.55
45.38   2.54
45.40   8.54
45.43   3.53
45.45   8.53
45.48   3.52
45.50   7.52
45.53   4.51
45.55   6.51
45.58   5.50
45.60   5.50
45.63   6.49
45.65   4.49
45.68   7.48
45.70   4.48
45.73   7.47
45.75   3.47
45.78   8.47
45.80   2.46
45.83   8.46
45.85   2.45
45.88   9.45
45.90   1.44
45.93   9.44
45.95   1.43
45.97   9.43
46.00   1.42
46.02   10.42
46.05   0.41
46.07   10.41
46.10   1.40
46.12   10.40
46.15   1.39
46.17   9.39
46.20   1.39
46.22   9.38
46.25   1.38
46.27   9.37
46.30   2.37
46.32   8.36
46.35   3.36
46.37   8.35
46.40   4.35
46.42   7.34
46.45   5.34
46.47   6.33
46.50   5.33
46.52   5.32
46.54   6.32
46.57   4.32
46.60   7.31
46.62   3.31
46.65   7.30
46.67   3.30
46.70   8.29
46.72   2.29
46.74   9.28
46.77   2.28
46.79   9.27
46.82   1.27
46.84   9.27
46.87   1.26
46.89   10.26
46.92   1.25
46.94   10.25
46.97   1.24
46.99   10.24
47.02   1.23
47.04   10.23
47.07   1.22
47.09   10.22
47.12   1.22
47.14   9.21
47.17   2.21
47.19   9.20
47.22   2.20
47.24   9.19
47.27   2.19
47.29   8.18
47.31   3.18
47.34   7.18
47.37   4.17
47.39   6.17
47.42   5.16
47.44   6.16
47.47   5.15
47.49   5.15
47.51   7.14
47.54   4.14
47.56   7.14
47.59   3.13
47.61   7.13
47.64   3.12
47.66   8.12
47.69   2.11
47.71   9.11
47.74   1.11
47.76   9.10
47.79   1.10
47.81   9.09
47.84   1.09
47.86   10.08
47.89   1.08
47.91   10.07
47.94   1.07
47.96   10.07
47.99   1.06
48.01   9.06
48.04   1.05
48.06   9.05
48.09   1.04
48.11   9.04
48.14   2.04
48.16   9.03
48.19   2.03
48.21   8.02
48.24   3.02
48.26   7.01
48.28   4.01
48.31   6.01
48.33   5.00
48.36   6.00
48.38   5.99
48.41   4.99
48.43   6.98
48.46   3.98
48.48   6.98
48.51   2.97
48.53   7.97
48.56   1.96
48.58   7.96
48.61   0.96
48.63   8.95
48.66   0.95
48.68   9.94
48.71   0.94
48.73   9.93
48.76   0.93
48.78   9.93
48.81   0.92
48.83   9.92
48.86   0.91
48.88   9.91
48.90   0.91
48.93   8.90
48.96   0.90
48.98   8.89
49.00   1.89
49.03   8.88
49.05   2.88
49.08   7.88
49.10   2.87
49.13   6.87
49.15   3.86
49.18   6.86
49.20   4.86
49.23   5.85
49.25   4.85
49.28   4.84
49.30   5.84
49.33   3.84
49.35   6.83
49.38   2.83
49.40   7.82
49.43   2.82
49.45   7.81
49.48   1.81
49.50   8.81
49.53   0.80
49.55   8.80
49.58   0.79
49.60   9.79
4