2.03	3.95
2.06	-3.52
2.08	2.73
2.1	0.46
2.13	-3.37
2.15	4.51
2.17	-3.48
2.2	2.58
2.22	0.48
2.25	-2.42
2.27	4.52
2.3	-4.46
2.32	3.56
2.34	-2.48
2.37	1.57
2.39	0.52
2.42	-1.43
2.44	3.53
2.47	-4.43
2.49	3.56
2.52	-4.44
2.54	4.57
2.57	-4.44
2.59	3.58
2.61	-4.44
2.64	2.58
2.66	-3.44
2.69	2.59
2.71	-1.43
2.74	1.6
2.76	-0.43
2.79	-0.4
2.81	0.57
2.84	-1.4
2.86	1.58
2.89	-2.39
2.91	2.58
2.94	-3.39
2.96	3.59
2.98	-3.4
3.01	3.59
3.04	-4.4
3.06	4.6
3.09	-4.4
3.11	4.6
3.14	-4.4
3.16	4.61
3.18	-4.39
3.21	3.61
3.23	-4.39
3.26	3.61
3.28	-3.39
3.31	3.62
3.33	-3.39
3.36	2.62
3.38	-2.39
3.41	2.63
3.43	-2.39
3.46	1.63
3.48	-1.39
3.51	0.63
3.53	-0.38
3.56	0.63
3.58	0.62
3.61	-0.37
3.63	0.62
3.66	-1.36
3.68	1.62
3.71	-2.36
3.73	2.63
3.76	-3.36
3.78	2.63
3.81	-3.35
3.83	3.64
3.86	-4.35
3.88	3.64
3.91	-4.35
3.93	3.65
3.95	-4.35
3.98	4.65
4	-4.34
4.03	4.66
4.05	-4.34
4.08	4.66
4.1	-4.34
4.13	3.67
4.15	-4.34
4.18	3.67
4.2	-3.33
4.23	3.68
4.25	-3.33
4.28	2.68
4.3	-2.33
4.33	2.68
4.35	-2.32
4.38	1.69
4.4	-1.32
4.43	0.69
4.45	-0.32
4.48	-0.31
4.5	0.69
4.53	-0.3
4.55	0.69
4.58	-1.3
4.6	1.69
4.63	-2.3
4.65	2.69
4.68	-3.3
4.7	2.7
4.72	-3.29
4.75	3.7
4.77	-4.29
4.8	3.7
4.82	-4.29
4.85	4.71
4.87	-4.29
4.9	4.71
4.92	-4.29
4.95	3.71
4.97	-4.29
5	4.72
5.02	-4.29
5.05	3.72
5.07	-4.28
5.1	2.72
5.12	-3.28
5.15	2.72
5.17	-2.28
5.2	1.72
5.22	-1.28
5.25	1.73
5.27	-1.28
5.3	0.73
5.32	-0.28
5.34	-0.27
5.37	0.72
5.4	-1.27
5.42	1.73
5.44	-2.27
5.47	1.73
5.49	-2.26
5.52	2.73
5.54	-4.26
5.57	2.73
5.59	-4.26
5.62	3.74
5.64	-4.26
5.67	3.74
5.69	-4.26
5.72	3.74
5.74	-4.26
5.77	4.74
5.79	-4.25
5.82	3.75
5.84	-5.25
5.87	3.75
5.89	-4.25
5.92	3.75
5.94	-4.25
5.97	3.75
5.99	-3.25
6.02	3.76
6.04	-3.24
6.07	2.76
6.09	-2.24
6.11	1.76
6.14	-1.24
6.17	0.76
6.19	-1.24
6.22	0.77
6.24	-0.24
6.26	-1.23
6.29	0.77
6.32	-1.23
6.34	0.77
6.36	-2.22
6.39	1.77
6.41	-3.22
6.44	2.77
6.46	-3.22
6.49	3.78
6.51	-4.22
6.54	3.78
6.56	-4.22
6.59	3.78
6.61	-4.21
6.64	3.79
6.66	-5.21
6.69	4.79
6.71	-5.21
6.74	3.79
6.76	-4.21
6.79	3.79
6.81	-4.22
6.84	3.79
6.86	-4.22
6.89	3.79
6.91	-3.22
6.94	3.78
6.96	-3.22
6.99	2.78
7.01	-2.22
7.03	1.78
7.06	-1.22
7.09	0.78
7.11	-1.22
7.13	-0.22
7.16	-0.23
7.18	-0.22
7.21	0.77
7.23	-1.23
7.26	1.77
7.28	-1.23
7.31	1.77
7.33	-2.23
7.36	2.77
7.38	-3.23
7.41	2.76
7.43	-3.23
7.46	3.76
7.48	-4.24
7.51	3.76
7.53	-4.24
7.56	4.76
7.58	-5.24
7.61	4.76
7.63	-5.24
7.66	4.76
7.68	-4.24
7.71	4.76
7.73	-4.24
7.76	3.76
7.78	-4.25
7.8	3.76
7.83	-3.25
7.86	3.75
7.88	-3.25
7.9	2.75
7.93	-2.25
7.95	1.75
7.98	-2.25
8	0.75
8.03	-1.25
8.05	0.75
8.08	-0.25
8.1	-0.25
8.13	0.74
8.15	-1.25
8.18	1.74
8.2	-2.25
8.23	1.74
8.25	-2.25
8.28	2.74
8.3	-3.26
8.33	3.74
8.35	-4.26
8.38	3.74
8.4	-4.26
8.43	3.74
8.45	-4.26
8.48	4.74
8.5	-5.26
8.52	4.74
8.55	-5.26
8.57	3.74
8.6	-4.26
8.63	2.75
8.65	-12.24
8.67	-26.15
8.7	-79.93
8.72	-139.48
8.75	-208.78
8.77	-254.89
8.8	-293.85
8.82	-331.68
8.85	-362.39
8.87	-372.05
8.9	-376.7
8.92	-378.34
8.95	-378.98
8.97	-379.63
9	-378.29
9.02	-377.95
9.05	-378.61
9.07	-378.28
9.1	-377.96
9.12	-376.64
9.15	-375.33
9.17	-374.03
9.2	-372.74
9.22	-371.46
9.25	-370.19
9.27	-368.93
9.3	-367.67
9.32	-366.43
9.35	-364.19
9.37	-362.97
9.4	-359.76
9.42	-356.56
9.45	-342.39
9.47	-256.4
9.5	-129.88
9.52	-41.67
9.55	-4.63
9.57	11.34
9.6	32.25
9.62	35.13
9.65	39.01
9.67	37.89
9.7	40.76
9.72	37.63
9.75	41.51
9.77	36.38
9.8	41.26
9.82	35.14
9.85	42.01
9.87	34.9
9.89	41.77
9.92	33.66
9.94	41.53
9.97	33.42
9.99	42.3
10.02	33.18
10.04	41.07
10.07	32.95
10.09	41.84
10.12	32.73
10.14	41.61
10.17	32.5
10.19	41.39
10.22	32.28
10.24	41.17
10.27	32.06
10.29	40.95
10.32	31.84
10.34	40.73
10.37	30.63
10.39	40.52
10.42	31.42
10.44	40.31
10.47	31.21
10.49	39.1
10.52	31
10.54	39.9
10.57	30.8
10.59	38.7
10.62	30.6
10.64	38.5
10.67	31.4
10.69	38.3
10.72	31.2
10.74	38.1
10.77	31
10.79	37.91
10.82	30.81
10.84	36.72
10.87	30.62
10.89	36.53
10.92	31.43
10.94	36.34
10.97	31.25
10.99	36.16
11.02	31.06
11.04	35.97
11.07	30.88
11.09	34.79
11.11	30.7
11.14	34.61
11.17	31.52
11.19	33.44
11.22	31.35
11.24	33.26
11.27	31.17
11.29	33.09
11.31	32
11.34	32.92
11.36	31.83
11.39	31.75
11.41	31.66
11.44	31.58
11.46	32.49
11.49	30.41
11.51	32.33
11.54	30.25
11.56	32.17
11.59	30.09
11.61	32
11.64	29.93
11.66	32.85
11.69	28.77
11.71	32.69
11.74	28.61
11.76	32.53
11.79	28.45
11.81	33.38
11.84	27.3
11.86	33.22
11.89	27.15
11.91	33.07
11.94	27
11.96	32.92
11.99	26.85
12.01	33.77
12.04	25.7
12.06	33.62
12.09	25.55
12.11	33.48
12.14	25.41
12.16	33.33
12.19	25.26
12.21	33.19
12.24	24.12
12.26	33.05
12.29	23.98
12.31	32.91
12.34	24.84
12.36	33.77
12.39	23.7
12.41	32.64
12.44	23.57
12.46	32.5
12.49	24.43
12.51	32.37
12.53	23.3
12.56	32.23
12.59	23.17
12.61	32.1
12.64	24.04
12.66	31.97
12.69	23.91
12.71	31.84
12.73	23.78
12.76	31.71
12.78	23.65
12.81	30.59
12.83	23.52
12.86	30.46
12.88	23.4
12.91	30.34
12.93	23.27
12.96	30.21
12.98	24.15
13.01	29.09
13.03	25.03
13.06	28.97
13.08	24.91
13.11	27.85
13.13	24.79
13.16	27.73
13.18	25.67
13.21	27.61
13.23	25.55
13.26	27.5
13.28	25.44
13.31	26.38
13.33	26.32
13.36	26.27
13.38	26.21
13.41	26.15
13.43	26.09
13.46	25.04
13.48	25.98
13.51	24.93
13.53	26.87
13.56	24.82
13.58	26.76
13.61	23.71
13.63	26.65
13.66	23.6
13.68	27.54
13.71	23.49
13.73	27.43
13.76	22.38
13.78	27.33
13.81	22.28
13.83	28.22
13.86	22.17
13.88	27.12
13.9	21.07
13.93	28.01
13.96	21.96
13.98	27.91
14.01	20.86
14.03	27.81
14.06	20.76
14.08	27.71
14.1	20.66
14.13	27.61
14.15	20.56
14.18	28.51
14.2	20.46
14.23	28.41
14.26	20.36
14.28	28.31
14.31	19.26
14.33	28.21
14.35	19.17
14.38	28.12
14.4	19.07
14.43	28.02
14.45	18.97
14.48	27.93
14.5	18.88
14.53	27.83
14.55	18.79
14.58	27.74
14.6	18.69
14.63	27.65
14.65	19.6
14.68	27.55
14.7	19.51
14.73	27.46
14.75	19.42
14.78	27.37
14.8	19.33
14.83	27.28
14.85	19.24
14.88	26.19
14.9	19.15
14.93	26.11
14.95	20.06
14.98	26.02
15	19.97
15.03	24.93
15.05	19.89
15.08	25.85
15.1	19.8
15.13	24.76
15.15	20.72
15.18	24.67
15.2	20.63
15.23	24.59
15.25	20.55
15.28	24.51
15.3	20.46
15.33	23.42
15.35	21.38
15.38	23.34
15.4	21.3
15.43	22.26
15.45	21.22
15.48	22.18
15.5	22.13
15.52	22.1
15.55	21.05
15.57	21.02
15.6	21.97
15.63	20.94
15.65	22.89
15.68	20.86
15.7	22.82
15.72	19.78
15.75	22.74
15.77	19.7
15.8	22.66
15.82	19.62
15.85	23.58
15.87	19.55
15.9	23.51
15.92	18.47
15.95	23.43
15.97	18.39
16	24.36
16.02	18.32
16.05	24.28
16.07	18.24
16.1	24.21
16.12	17.17
16.15	24.13
16.17	17.1
16.2	24.06
16.22	17.02
16.25	23.99
16.27	16.95
16.3	23.91
16.32	16.88
16.35	24.84
16.37	15.81
16.4	24.77
16.42	15.74
16.45	24.7
16.47	16.67
16.5	24.63
16.52	15.6
16.55	24.56
16.57	15.53
16.6	24.49
16.62	15.46
16.65	24.42
16.67	15.39
16.7	24.35
16.72	15.32
16.75	24.29
16.77	15.25
16.8	24.22
16.82	15.19
16.84	24.15
16.87	15.12
16.9	24.09
16.92	15.05
16.95	24.02
16.97	14.99
17	23.95
17.02	15.92
17.04	22.89
17.07	15.86
17.09	23.83
17.12	15.79
17.14	22.76
17.17	15.73
17.19	22.7
17.22	15.66
17.25	22.63
17.27	16.6
17.29	22.57
17.32	16.54
17.34	22.51
17.37	16.48
17.39	21.45
17.42	17.41
17.44	21.38
17.47	16.35
17.49	21.32
17.52	17.29
17.54	21.26
17.57	17.23
17.59	20.2
17.62	18.17
17.64	20.14
17.67	17.11
17.69	19.08
17.72	18.05
17.74	19.02
17.77	17.99
17.79	18.96
17.82	17.93
17.84	18.9
17.87	18.87
17.89	17.84
17.92	18.81
17.94	17.79
17.97	19.76
17.99	16.73
18.02	19.7
18.04	16.67
18.07	19.64
18.09	15.61
18.12	20.58
18.14	15.56
18.17	20.53
18.19	15.5
18.22	20.47
18.24	15.44
18.27	20.42
18.29	15.39
18.31	22.36
18.34	13.33
18.36	21.31
18.39	16.28
18.41	17.25
18.44	20.22
18.46	13.2
18.48	22.17
18.51	14.14
18.53	19.12
18.56	19.09
18.58	14.06
18.6	22.04
18.63	13.01
18.65	20.98
18.68	16.96
18.7	15.93
18.72	20.91
18.75	12.88
18.77	21.85
18.8	14.83
18.82	16.8
18.84	19.78
18.87	12.75
18.89	21.72
18.92	13.7
18.94	18.67
18.97	17.65
18.99	13.62
19.01	21.6
19.04	12.57
19.06	19.55
19.09	16.52
19.11	15.5
19.13	20.47
19.16	12.45
19.18	21.43
19.21	14.4
19.23	17.38
19.25	19.35
19.28	12.33
19.3	21.3
19.33	13.28
19.35	18.25
19.38	18.23
19.4	13.21
19.42	21.18
19.45	12.16
19.47	19.14
19.5	16.11
19.52	15.09
19.54	20.06
19.57	12.04
19.59	20.02
19.62	13.99
19.64	15.97
19.66	18.95
19.69	11.92
19.71	20.9
19.74	12.88
19.76	17.86
19.78	16.83
19.81	12.81
19.83	20.79
19.86	11.76
19.88	18.74
19.9	15.72
19.93	14.7
19.95	19.67
19.98	11.65
20	19.63
20.03	13.61
20.05	15.59
20.07	18.56
20.1	11.54
20.12	20.52
20.15	12.5
20.17	17.48
20.19	16.45
20.22	12.43
20.24	20.41
20.27	11.39
20.29	18.37
20.31	15.35
20.34	13.33
20.36	19.31
20.39	11.28
20.41	19.26
20.43	13.24
20.46	15.22
20.48	17.2
20.51	11.18
20.53	20.16
20.55	11.14
20.58	17.12
20.6	16.1
20.63	12.08
20.65	20.05
20.68	10.03
20.7	19.01
20.72	13.99
20.75	13.97
20.77	18.95
20.8	9.93
20.82	18.91
20.84	12.89
20.87	14.87
20.89	16.85
20.92	11.84
20.94	19.82
20.97	10.8
20.99	19.78
21.01	11.76
21.04	16.74
21.06	14.72
21.09	13.71
21.11	17.69
21.14	10.67
21.16	19.65
21.19	10.63
21.21	18.62
21.23	11.6
21.26	16.58
21.28	14.56
21.31	12.54
21.33	18.53
21.36	10.51
21.38	19.49
21.4	10.47
21.43	18.45
21.45	12.44
21.48	16.42
21.5	15.4
21.53	12.39
21.55	18.37
21.58	10.35
21.6	19.33
21.62	10.32
21.65	18.3
21.67	13.28
21.7	14.27
21.72	16.25
21.75	11.23
21.77	18.21
21.79	10.2
21.82	19.18
21.84	11.16
21.87	17.15
21.89	13.13
21.92	14.11
21.94	16.1
21.97	11.08
21.99	19.06
22.02	10.05
22.04	19.03
22.06	11.01
22.09	16
22.11	13.98
22.14	12.96
22.16	16.95
22.18	9.93
22.21	18.91
22.23	9.9
22.26	17.88
22.28	10.86
22.31	14.85
22.33	14.83
22.36	12.82
22.38	17.8
22.41	9.79
22.43	18.77
22.45	9.75
22.48	17.74
22.5	11.72
22.53	14.71
22.55	14.69
22.58	11.68
22.6	17.66
22.62	9.64
22.65	18.63
22.67	9.61
22.7	16.6
22.72	11.58
22.75	14.57
22.77	15.55
22.8	11.54
22.82	17.52
22.84	9.5
22.87	18.49
22.89	10.47
22.92	16.46
22.94	12.44
22.97	13.43
22.99	15.41
23.01	9.4
23.04	18.38
23.06	9.37
23.09	17.35
23.11	11.34
23.14	15.33
23.16	13.31
23.19	11.3
23.21	16.28
23.23	9.27
23.26	18.25
23.28	9.24
23.31	16.22
23.33	11.21
23.36	14.19
23.38	14.18
23.4	10.17
23.43	17.15
23.45	9.14
23.48	17.12
23.5	9.11
23.53	16.09
23.55	13.08
23.57	13.07
23.6	16.05
23.62	9.04
23.65	18.02
23.67	9.01
23.7	17
23.72	10.98
23.75	13.97
23.77	13.95
23.79	10.94
23.82	16.93
23.84	7.91
23.87	17.9
23.89	8.88
23.92	15.87
23.94	11.86
23.96	12.85
23.99	14.83
24.01	9.82
24.04	16.8
24.06	8.79
24.09	16.78
24.11	9.76
24.14	14.75
24.16	13.74
24.18	10.73
24.21	15.71
24.23	8.7
24.26	17.69
24.28	8.67
24.31	15.66
24.33	11.65
24.35	12.63
24.38	14.62
24.4	9.61
24.43	16.6
24.45	8.58
24.48	16.57
24.5	9.56
24.52	13.54
24.55	12.53
24.57	10.52
24.6	15.51
24.62	8.49
24.65	17.48
24.67	8.47
24.69	15.45
24.72	11.44
24.74	11.43
24.77	14.42
24.79	9.4
24.82	16.39
24.84	7.38
24.87	16.37
24.89	9.35
24.91	13.34
24.94	12.33
24.96	10.32
24.99	16.31
25.01	7.29
25.04	16.28
25.06	8.27
25.08	15.26
25.11	10.24
25.13	12.23
25.16	15.22
25.18	9.21
25.21	16.2
25.23	7.18
25.25	16.17
25.28	9.16
25.3	13.15
25.33	13.14
25.35	10.13
25.38	16.11
25.4	8.1
25.43	17.09
25.45	8.08
25.47	15.07
25.5	11.05
25.52	11.04
25.55	14.03
25.57	8.02
25.6	17.01
25.62	8
25.64	15.98
25.67	8.97
25.69	12.96
25.72	12.95
25.74	9.94
25.77	15.93
25.79	7.92
25.82	16.9
25.84	7.89
25.86	14.88
25.89	10.87
25.91	11.86
25.94	13.85
25.96	7.84
25.99	16.82
26.01	7.81
26.03	15.8
26.06	8.79
26.08	12.78
26.11	12.77
26.13	9.76
26.16	15.75
26.18	7.73
26.2	16.72
26.23	7.71
26.25	14.7
26.28	10.69
26.3	11.68
26.33	13.67
26.35	8.66
26.38	16.65
26.4	6.63
26.42	15.62
26.45	8.61
26.47	13.6
26.5	11.59
26.52	9.58
26.55	14.57
26.57	7.56
26.59	16.55
26.62	7.54
26.64	14.53
26.67	9.51
26.69	11.5
26.72	13.49
26.74	8.48
26.76	15.47
26.79	7.46
26.81	15.45
26.84	7.44
26.86	13.43
26.89	11.42
26.91	10.41
26.94	14.4
26.96	7.39
26.98	16.38
27.01	7.37
27.03	15.36
27.06	8.35
27.08	12.34
27.11	12.33
27.13	9.32
27.15	15.31
27.18	6.3
27.2	15.28
27.23	7.27
27.25	14.26
27.28	10.25
27.3	11.24
27.33	13.23
27.35	8.22
27.37	15.21
27.4	7.2
27.42	15.19
27.45	8.18
27.47	13.17
27.5	11.16
27.52	9.15
27.54	15.14
27.57	7.13
27.59	16.12
27.62	7.11
27.64	14.1
27.67	10.09
27.69	11.08
27.71	13.07
27.74	8.07
27.76	16.05
27.79	7.05
27.81	15.04
27.84	8.03
27.86	11.02
27.89	5.01
27.91	-1.99
27.93	-5.99
27.96	-31.96
27.98	-51.92
28.01	-102.84
28.03	-143.71
28.06	-196.54
28.08	-229.33
28.11	-265.09
28.13	-299.82
28.15	-331.51
28.18	-349.19
28.2	-356.86
28.23	-363.52
28.25	-366.17
28.28	-368.83
28.3	-370.48
28.33	-373.13
28.35	-374.78
28.38	-377.43
28.4	-378.08
28.43	-379.72
28.45	-380.36
28.48	-381.01
28.5	-380.65
28.53	-381.3
28.55	-380.94
28.58	-380.59
28.6	-380.24
28.63	-380.89
28.65	-380.54
28.68	-380.18
28.7	-379.83
28.73	-379.48
28.75	-379.14
28.78	-378.79
28.8	-378.44
28.83	-379.09
28.85	-377.75
28.88	-377.4
28.9	-377.06
28.93	-376.71
28.95	-375.37
28.98	-375.03
29	-373.68
29.03	-373.34
29.05	-372
29.08	-370.66
29.1	-368.32
29.13	-365.99
29.15	-362.66
29.18	-358.33
29.2	-351.01
29.22	-340.7
29.25	-290.42
29.27	-190.22
29.3	-100.11
29.32	-40.06
29.35	-14.04
29.37	11.96
29.4	14.94
29.42	28.92
29.45	22.9
29.47	30.87
29.49	26.85
29.52	28.82
29.54	29.8
29.57	25.77
29.59	31.75
29.62	24.72
29.64	32.7
29.67	23.67
29.69	31.65
29.71	25.63
29.74	29.6
29.76	28.58
29.79	26.55
29.81	30.53
29.84	24.5
29.86	32.48
29.89	23.46
29.91	32.43
29.93	24.41
29.96	30.38
29.98	26.36
30.01	27.34
30.03	30.31
30.06	24.29
30.08	31.27
30.1	23.24
30.13	32.22
30.15	24.19
30.18	30.17
30.2	27.15
30.23	27.13
30.25	29.1
30.28	23.08
30.3	31.06
30.32	23.03
30.35	32.01
30.37	22.99
30.4	29.96
30.42	25.94
30.45	25.92
30.47	29.89
30.5	23.87
30.52	31.85
30.54	21.83
30.57	30.8
30.59	23.78
30.62	28.76
30.64	26.74
30.67	25.71
30.69	29.69
30.71	22.67
30.74	31.65
30.76	22.63
30.79	30.6
30.81	24.58
30.84	27.56
30.86	27.54
30.89	24.52
30.91	30.49
30.93	22.47
30.96	31.45
30.98	22.43
31.01	29.41
31.03	24.38
31.06	27.36
31.08	27.34
31.11	23.32
31.13	30.3
31.15	22.28
31.18	31.25
31.2	22.23
31.23	29.21
31.25	25.19
31.28	26.17
31.3	28.15
31.32	22.13
31.35	30.1
31.37	21.08
31.4	31.06
31.42	23.04
31.45	29.02
31.47	25
31.5	24.98
31.52	28.95
31.54	21.93
31.57	29.91
31.59	21.89
31.62	29.87
31.64	22.85
31.67	26.83
31.69	26.81
31.71	23.79
31.74	29.77
31.76	20.75
31.79	30.73
31.81	21.7
31.84	29.68
31.86	23.66
31.89	25.64
31.91	27.62
31.93	22.6
31.96	29.58
31.98	20.56
32.01	30.54
32.03	21.52
32.06	27.5
32.08	25.48
32.11	24.46
32.13	28.44
32.15	22.42
32.18	29.4
32.2	21.38
32.23	29.36
32.25	22.34
32.28	27.32
32.3	25.3
32.32	23.28
32.35	28.26
32.37	21.24
32.4	30.22
32.42	21.2
32.45	29.18
32.47	23.16
32.5	26.14
32.52	27.12
32.54	22.1
32.57	29.08
32.59	20.06
32.62	30.04
32.64	21.02
32.67	28
32.69	23.98
32.71	24.97
32.74	26.95
32.76	21.93
32.79	28.91
32.81	20.89
32.84	29.87
32.86	20.85
32.88	26.83
32.91	24.81
32.93	23.79
32.96	27.77
32.98	20.75
33.01	29.73
33.03	20.72
33.06	28.7
33.08	21.68
33.1	25.66
33.13	25.64
33.15	22.62
33.18	28.6
33.2	20.58
33.23	29.56
33.25	20.55
33.28	27.53
33.3	23.51
33.32	24.49
33.35	26.47
33.37	21.45
33.4	28.44
33.42	19.42
33.45	28.4
33.47	21.38
33.5	26.36
33.52	24.34
33.54	22.33
33.57	27.31
33.59	19.29
33.62	29.27
33.64	20.25
33.67	28.23
33.69	22.22
33.71	25.2
33.74	25.18
33.76	21.16
33.79	28.14
33.81	19.13
33.84	28.11
33.86	20.09
33.88	26.07
33.91	24.05
33.93	22.04
33.96	27.02
33.98	20
34.01	27.98
34.03	19.97
34.06	27.95
34.08	21.93
34.1	23.91
34.13	24.9
34.15	20.88
34.18	27.86
34.2	18.84
34.22	27.82
34.25	19.81
34.27	26.79
34.3	20.77
34.32	25.76
34.35	21.74
34.37	25.72
34.4	21.7
34.42	24.69
34.45	22.67
34.47	24.65
34.5	23.63
34.52	23.62
34.55	23.6
34.57	23.58
34.6	23.57
34.62	22.55
34.65	23.53
34.67	22.52
34.7	24.5
34.72	21.48
34.75	25.47
34.77	21.45
34.8	25.43
34.82	20.42
34.85	26.4
34.87	20.38
34.9	26.37
34.92	20.35
34.95	26.33
34.97	20.32
35	26.3
35.02	19.28
35.04	27.27
35.07	19.25
35.1	27.23
35.12	19.22
35.14	27.2
35.17	18.18
35.19	28.17
35.22	18.15
35.24	27.13
35.27	18.12
35.29	27.1
35.32	18.08
35.34	28.07
35.37	19.05
35.39	27.03
35.42	18.02
35.44	27
35.47	18.98
35.49	26.97
35.52	18.95
35.54	26.94
35.57	18.92
35.59	26.9
35.62	19.89
35.64	25.87
35.67	19.85
35.69	25.84
35.72	19.82
35.74	24.81
35.77	20.79
35.79	24.78
35.82	20.76
35.84	23.74
35.87	20.73
35.89	23.71
35.92	21.7
35.94	23.68
35.97	21.66
35.99	22.65
36.02	22.63
36.04	22.62
36.06	22.6
36.09	21.59
36.12	23.57
36.14	20.56
36.16	23.54
36.19	20.53
36.21	24.51
36.24	20.5
36.26	24.48
36.29	19.46
36.31	24.45
36.34	19.43
36.36	25.42
36.39	18.4
36.41	26.39
36.44	18.37
36.46	26.36
36.49	18.34
36.51	26.33
36.54	18.31
36.56	26.3
36.59	18.28
36.61	26.27
36.64	17.25
36.66	26.24
36.69	17.22
36.71	26.2
36.74	17.19
36.76	27.17
36.79	17.16
36.81	26.14
36.84	18.13
36.86	26.11
36.89	17.1
36.91	26.08
36.94	18.07
36.96	26.05
36.99	18.04
37.01	25.02
37.04	18.01
37.06	24.99
37.09	18.98
37.11	24.97
37.13	18.95
37.16	23.94
37.19	18.92
37.21	23.91
37.23	19.89
37.26	22.88
37.28	19.86
37.31	22.85
37.34	20.83
37.36	22.82
37.38	20.8
37.41	21.79
37.43	20.78
37.46	21.76
37.48	21.75
37.51	20.73
37.53	22.72
37.56	20.71
37.58	22.69
37.61	19.68
37.63	22.66
37.66	18.65
37.68	23.63
37.71	18.62
37.73	23.61
37.76	18.59
37.78	24.58
37.81	18.56
37.83	24.55
37.86	17.54
37.88	24.52
37.91	17.51
37.93	25.49
37.96	16.48
37.98	25.47
38.01	16.45
38.03	25.44
38.06	16.42
38.08	25.41
38.11	16.4
38.13	25.38
38.15	16.37
38.18	25.35
38.21	16.34
38.23	25.33
38.26	16.31
38.28	25.3
38.3	16.28
38.33	25.27
38.35	16.26
38.38	25.24
38.4	17.23
38.43	25.22
38.45	17.2
38.48	25.19
38.5	17.17
38.53	24.16
38.55	18.15
38.58	24.13
38.6	18.12
38.63	23.11
38.65	18.09
38.68	23.08
38.7	19.07
38.73	23.05
38.75	20.04
38.78	22.03
38.8	20.01
38.83	22
38.85	19.99
38.88	20.97
38.9	20.96
38.93	19.95
38.95	21.93
38.98	19.92
39	21.91
39.03	18.89
39.05	21.88
39.08	18.87
39.1	22.85
39.13	18.84
39.15	22.83
39.18	17.82
39.2	23.8
39.22	17.79
39.25	23.78
39.28	17.76
39.3	23.75
39.33	16.74
39.35	24.72
39.37	16.71
39.4	24.7
39.43	16.69
39.45	24.67
39.47	15.66
39.5	24.65
39.52	16.63
39.55	24.62
39.57	15.61
39.6	24.59
39.62	15.58
39.65	24.57
39.67	16.55
39.7	24.54
39.72	15.53
39.75	24.52
39.77	15.5
39.8	24.49
39.82	16.48
39.85	24.46
39.87	16.45
39.9	24.44
39.92	16.42
39.95	23.41
39.97	17.39
40	23.38
40.02	17.37
40.05	22.35
40.07	17.34
40.1	22.33
40.12	18.31
40.15	22.3
40.17	18.28
40.2	21.27
40.22	19.26
40.25	21.24
40.27	19.23
40.29	20.22
40.32	20.2
40.35	20.19
40.37	20.17
40.39	19.16
40.42	20.15
40.44	19.13
40.47	21.12
40.5	18.11
40.52	21.09
40.54	18.08
40.57	21.07
40.59	17.05
40.62	22.04
40.64	17.03
40.67	23.01
40.69	17
40.72	22.99
40.74	15.97
40.77	22.96
40.79	15.95
40.82	23.93
40.84	15.92
40.87	23.91
40.89	15.89
40.92	23.88
40.94	14.87
40.97	23.85
40.99	14.84
41.02	23.83
41.04	14.81
41.07	24.8
41.09	14.79
41.12	23.77
41.14	14.76
41.17	23.75
41.19	14.74
41.22	23.72
41.24	15.71
41.27	23.7
41.29	14.68
41.31	23.67
41.34	15.66
41.37	22.64
41.39	15.63
41.42	22.62
41.44	15.61
41.46	22.59
41.49	16.58
41.52	22.57
41.54	16.55
41.56	21.54
41.59	16.53
41.61	20.52
41.64	17.5
41.66	20.49
41.69	18.48
41.71	20.46
41.74	18.45
41.76	19.44
41.79	19.43
41.81	19.41
41.84	19.4
41.86	18.39
41.89	20.38
41.91	18.36
41.94	20.35
41.96	17.34
41.99	20.33
42.01	17.31
42.04	21.3
42.06	16.29
42.09	21.28
42.11	16.26
42.14	22.25
42.16	15.24
42.19	22.23
42.21	15.21
42.24	22.2
42.26	15.19
42.29	22.18
42.31	15.16
42.34	23.15
42.36	14.14
42.38	23.13
42.41	14.11
42.44	23.1
42.46	14.09
42.49	23.08
42.51	14.07
42.53	23.05
42.56	14.04
42.59	23.03
42.61	14.02
42.63	23
42.66	13.99
42.68	22.98
42.71	13.97
42.73	22.96
42.76	14.94
42.78	22.93
42.81	14.92
42.83	21.91
42.86	14.9
42.88	21.88
42.91	15.87
42.93	20.86
42.96	15.85
42.98	20.84
43.01	15.82
43.03	20.81
43.06	16.8
43.08	19.79
43.11	17.78
43.13	19.76
43.16	17.75
43.18	18.74
43.21	18.73
43.23	18.72
43.26	17.71
43.28	18.69
43.31	18.68
43.33	17.67
43.36	18.66
43.38	16.65
43.41	19.64
43.43	16.62
43.46	19.61
43.48	16.6
43.51	20.59
43.53	15.58
43.56	20.57
43.58	15.55
43.6	21.54
43.63	14.53
43.65	21.52
43.68	14.51
43.7	21.5
43.73	14.48
43.75	22.47
43.78	14.46
43.8	22.45
43.83	13.44
43.85	22.43
43.88	13.42
43.9	22.4
43.93	13.39
43.95	22.38
43.98	13.37
44	22.36
44.03	13.35
44.05	22.34
44.08	13.32
44.1	22.31
44.13	13.3
44.15	22.29
44.18	13.28
44.2	22.27
44.23	14.26
44.25	22.25
44.28	14.23
44.3	21.22
44.33	14.21
44.35	21.2
44.38	14.19
44.4	21.18
44.43	15.17
44.45	20.16
44.48	15.14
44.5	20.13
44.53	15.12
44.55	19.11
44.58	16.1
44.6	19.09
44.62	16.08
44.65	18.07
44.68	17.06
44.7	18.05
44.72	17.03
44.75	17.02
44.77	18.01
44.8	17
44.82	17.99
44.85	15.98
44.87	18.97
44.9	14.96
44.92	19.95
44.95	14.94
44.97	19.92
45	14.91
45.02	19.9
45.05	13.89
45.07	19.88
45.1	13.87
45.12	21.86
45.15	13.85
45.17	21.84
45.2	12.83
45.22	21.82
45.25	12.81
45.27	21.8
45.3	12.78
45.32	21.77
45.35	12.76
45.37	21.75
45.4	12.74
45.42	21.73
45.45	12.72
45.47	21.71
45.5	12.7
45.52	21.69
45.54	12.68
45.57	21.67
45.6	12.66
45.62	21.65
45.65	12.64
45.67	21.63
45.69	13.61
45.72	20.6
45.75	13.59
45.77	20.58
45.79	13.57
45.82	19.56
45.84	14.55
45.87	19.54
45.89	14.53
45.92	19.52
45.94	15.51
45.97	18.5
45.99	15.49
46.02	18.48
46.04	16.47
46.07	17.46
46.09	16.45
46.12	16.44
46.14	17.43
46.17	16.42
46.19	17.41
46.22	15.4
46.24	18.39
46.27	15.38
46.29	18.37
46.32	15.36
46.34	19.35
46.37	14.34
46.39	18.32
46.42	14.31
46.44	19.3
46.47	14.29
46.49	20.28
46.52	13.27
46.54	20.26
46.57	12.25
46.59	20.24
46.62	12.23
46.64	21.22
46.67	12.21
46.69	21.2
46.72	12.19
46.74	21.18
46.77	12.17
46.79	21.16
46.81	12.15
46.84	21.14
46.86	12.13
46.89	21.12
46.91	12.11
46.94	21.1
46.96	12.09
46.99	21.08
47.01	12.07
47.04	21.06
47.06	13.05
47.09	20.04
47.11	13.03
47.14	20.02
47.16	13.01
47.19	20
47.21	13.99
47.24	18.98
47.26	13.97
47.29	18.97
47.31	14.96
47.34	17.95
47.36	14.94
47.39	17.93
47.41	15.92
47.44	16.91
47.46	15.9
47.49	16.89
47.51	16.88
47.54	16.87
47.56	16.86
47.59	15.85
47.61	16.84
47.64	14.83
47.66	17.82
47.69	14.81
47.71	17.8
47.74	13.79
47.76	18.78
47.78	13.77
47.81	18.76
47.84	13.75
47.86	19.74
47.88	12.73
47.91	19.72
47.93	12.71
47.96	19.7
47.98	12.69
48.01	20.69
48.03	11.68
48.06	20.67
48.08	9.66
48.11	6.65
48.13	-31.34
48.16	-73.3
48.18	-147.24
48.21	-196.14
48.23	-246.01
48.26	-282.87
48.28	-333.7
48.31	-355.51
48.33	-364.32
48.36	-368.12
48.38	-370.93
48.41	-372.73
48.43	-373.53
48.46	-374.33
48.48	-376.13
48.51	-376.92
48.53	-377.72
48.56	-377.52
48.58	-378.32
48.61	-378.12
48.63	-377.92
48.66	-377.72
48.68	-377.52
48.71	-377.32
48.73	-378.12
48.76	-376.92
48.78	-376.72
48.81	-376.52
48.83	-376.32
48.86	-374.12
48.88	-371.92
48.91	-364.73
48.93	-312.55
48.96	-170.45
48.98	-102.38
49.01	-45.35
49.03	-9.34
49.06	19.65
49.08	14.64
49.11	25.63
49.13	17.62
49.16	26.6
49.18	18.59
49.21	26.58
49.23	18.57
49.26	27.55
49.28	18.54
49.31	26.53
49.33	18.52
49.36	25.51
49.38	19.49
49.4	25.48
49.43	20.47
49.46	24.46
49.48	20.44
49.51	24.43
49.53	20.42
49.55	23.41
49.58	21.4
49.6	23.38
49.63	21.37
49.65	23.36
49.68	22.35
49.7	22.34
49.73	22.32
49.75	22.31
49.78	23.3
49.8	20.29
49.83	23.28
49.85	20.26
49.88	24.25
49.9	20.24
49.93	24.23
49.95	19.22
49.98	24.2
50	19.19
50.03	25.18
50.05	19.17
50.08	25.16
50.1	19.14
50.13	25.13
50.15	18.12
50.18	26.11
50.2	18.1
50.23	26.08
50.25	18.07
50.28	26.06
50.3	17.05
50.33	26.04
50.35	17.03
50.38	26.01
50.4	17
50.43	25.99
50.45	16.98
50.48	26.97
50.5	16.95
50.53	25.94
50.55	16.93
50.58	25.92
50.6	17.91
50.62	25.9
50.65	17.88
50.67	24.87
50.7	17.86
50.72	24.85
50.75	18.84
50.77	24.83
50.8	18.82
50.82	23.8
50.85	18.79
50.87	23.78
50.9	19.77
50.92	23.76
50.95	20.75
50.97	22.73
51	20.72
51.02	21.71
51.05	20.7
51.07	21.69
51.1	21.68
51.12	20.67
51.15	21.65
51.17	20.64
51.2	22.63
51.22	19.62
51.25	23.61
51.27	18.6
51.3	23.59
51.32	18.58
51.35	23.56
51.37	18.55
51.4	23.54
51.42	18.53
51.45	24.52
51.47	17.51
51.5	24.5
51.52	17.49
51.54	24.47
51.57	16.46
51.6	25.45
51.62	16.44
51.65	25.43
51.67	16.42
51.69	25.41
51.72	16.4
51.74	25.38
51.77	16.37
51.79	25.36
51.82	16.35
51.84	25.34
51.87	16.33
51.89	25.32
51.92	16.31
51.94	25.3
51.97	17.29
51.99	25.27
52.02	17.26
52.04	24.25
52.07	17.24
52.09	24.23
52.12	17.22
52.14	24.21
52.17	18.2
52.19	24.19
52.22	18.18
52.24	23.16
52.27	19.15
52.29	23.14
52.32	19.13
52.34	22.12
52.37	19.11
52.39	22.1
52.42	20.09
52.44	21.08
52.47	21.07
52.49	21.06
52.52	21.05
52.54	20.03
52.57	21.02
52.59	20.01
52.62	22
52.64	18.99
52.67	21.98
52.69	18.97
52.71	22.96
52.74	17.95
52.76	22.94
52.79	17.93
52.81	23.92
52.84	17.91
52.86	23.9
52.89	16.88
52.91	24.87
52.94	16.86
52.96	24.85
52.99	16.84
53.01	24.83
53.04	16.82
53.06	24.81
53.09	15.8
53.11	24.79
53.14	15.78
53.16	24.77
53.19	15.76
53.21	24.75
53.24	15.74
53.26	24.73
53.29	15.72
53.31	24.71
53.34	15.7
53.36	24.68
53.39	16.67
53.41	24.66
53.44	16.65
53.46	24.64
53.49	16.63
53.51	23.62
53.54	16.61
53.56	23.6
53.59	16.59
53.61	23.58
53.64	17.57
53.66	22.56
53.69	17.55
53.71	22.54
53.74	18.53
53.76	21.52
53.78	18.51
53.81	21.5
53.83	19.49
53.86	20.48
53.88	19.47
53.91	20.46
53.93	19.45
53.96	19.44
53.98	20.43
54.01	19.42
54.03	21.41
54.06	18.4
54.08	22.39
54.11	17.38
54.13	22.37
54.16	17.36
54.18	22.35
54.21	17.34
54.23	22.33
54.26	17.32
54.28	23.31
54.31	16.3
54.33	23.29
54.36	16.28
54.38	24.26
54.41	16.25
54.43	24.24
54.46	16.23
54.48	24.22
54.51	15.21
54.53	24.2
54.56	15.19
54.58	24.18
54.61	15.18
54.63	24.17
54.66	15.16
54.68	24.15
54.71	15.14
54.73	24.13
54.76	15.12
54.78	24.11
54.81	15.1
54.83	24.09
54.85	15.08
54.88	24.07
54.9	16.06
54.93	24.05
54.96	16.04
54.98	23.03
55	16.02
55.03	23.01
55.05	17
55.08	22.99
55.1	16.98
55.13	22.97
55.15	16.96
55.18	21.95
55.2	16.94
55.23	20.93
55.25	17.92
55.28	20.91
55.3	18.9
55.33	20.89
55.35	18.88
55.38	19.87
55.4	18.86
55.43	19.85
55.45	19.84
55.48	18.83
55.5	20.82
55.53	18.81
55.55	20.8
55.58	17.79
55.6	20.78
55.63	17.77
55.65	21.77
55.68	16.76
55.7	21.75
55.73	16.74
55.75	22.73
55.78	15.72
55.8	22.71
55.83	15.7
55.85	23.69
55.88	15.68
55.9	23.67
55.92	15.66
55.95	23.65
55.97	14.64
56	23.63
56.02	14.62
56.05	23.61
56.07	14.6
56.1	23.59
56.12	14.58
56.15	23.58
56.17	14.57
56.2	23.56
56.22	14.55
56.25	23.54
56.27	14.53
56.3	23.52
56.32	14.51
56.35	23.5
56.37	15.49
56.4	23.48
56.42	15.47
56.45	22.46
56.47	15.45
56.5	22.44
56.52	16.44
56.55	22.43
56.57	16.42
56.6	22.41
56.62	16.4
56.65	21.39
56.67	17.38
56.7	20.37
56.72	17.36
56.75	19.35
56.77	18.34
56.8	19.33
56.82	18.32
56.85	19.32
56.87	19.31
56.9	18.3
56.92	19.29
56.95	18.28
56.97	20.27
56.99	17.26
57.02	20.25
57.04	17.24
57.07	21.23
57.09	16.22
57.12	21.22
57.14	16.21
57.17	21.2
57.19	16.19
57.22	22.18
57.24	15.17
57.27	22.16
57.29	15.15
57.32	22.14
57.34	15.13
57.37	22.13
57.39	14.12
57.42	23.11
57.44	14.1
57.47	23.09
57.49	14.08
57.52	23.07
57.54	14.06
57.57	23.05
57.59	14.04
57.62	23.04
57.64	14.03
57.67	23.02
57.69	14.01
57.72	23
57.74	13.99
57.77	22.98
57.79	13.97
57.82	22.96
57.84	13.96
57.87	21.95
57.89	14.94
57.92	21.93
57.94	14.92
57.97	20.91
57.99	15.9
58.01	20.89
58.04	15.89
58.06	20.88
58.09	16.87
58.12	19.86
58.14	16.85
58.16	19.84
58.19	16.83
58.21	18.82
58.24	17.82
58.26	18.81
58.29	17.8
58.31	17.79
58.34	18.78
58.36	16.77
58.39	18.76
58.41	17.75
58.44	19.75
58.46	16.74
58.49	19.73
58.51	15.72
58.54	19.71
58.56	15.7
58.59	20.69
58.61	15.69
58.64	20.68
58.66	14.67
58.69	21.66
58.71	14.65
58.74	21.64
58.76	14.63
58.79	21.63
58.81	13.62
58.84	21.61
58.86	13.6
58.89	22.59
58.91	13.58
58.94	22.57
58.96	13.57
58.99	22.56
59.01	13.55
59.04	22.54
59.06	12.53
59.08	22.52
59.11	13.52
59.13	22.51
59.16	13.5
59.19	22.49
59.21	13.48
59.23	21.47
59.26	13.46
59.28	21.46
59.31	13.45
59.33	21.44
59.36	14.43
59.38	21.42
59.41	14.41
59.43	21.41
59.46	14.4
59.48	20.39
59.51	14.38
59.53	20.37
59.56	15.36
59.58	19.36
59.61	16.35
59.63	19.34
59.66	16.33
59.68	18.32
59.71	17.31
59.73	18.31
59.76	17.3
59.78	17.29
59.81	18.28
59.83	17.27
59.86	18.26
59.88	17.26
59.91	19.25
59.93	16.24
59.96	19.23
59.98	16.22
60.01	19.22
60.03	15.21
60.06	20.2
60.08	15.19
60.11	20.18
60.13	14.17
60.15	21.17
60.18	14.16
60.21	21.15
60.23	13.14
60.26	21.13
60.28	14.13
60.3	21.12
60.33	13.11
60.35	22.1
60.38	13.09
60.4	22.09
60.43	13.08
60.45	22.07
60.48	12.06
60.5	22.05
60.53	13.04
60.55	22.04
60.58	13.03
60.6	22.02
60.63	13.01
60.65	21
60.68	13
60.7	21.99
60.73	12.98
60.75	20.97
60.78	12.96
60.8	20.96
60.83	13.95
60.85	20.94
60.88	13.93
60.9	19.93
60.93	14.92
60.95	19.91
60.98	14.9
61	19.89
61.03	15.89
61.05	18.88
61.08	15.87
61.1	18.86
61.13	16.85
61.15	17.85
61.18	16.84
61.2	17.83
61.22	16.82
61.25	16.81
61.28	17.81
61.3	16.8
61.32	17.79
61.35	15.78
61.37	18.78
61.4	15.77
61.42	18.76
61.45	14.75
61.47	19.74
61.5	14.74
61.52	19.73
61.55	14.72
61.57	20.71
61.6	13.71
61.62	19.7
61.65	13.69
61.67	20.68
61.7	13.67
61.72	20.67
61.75	13.66
61.77	21.65
61.8	12.64
61.82	20.64
61.85	12.63
61.87	21.62
61.9	12.61
61.92	21.6
61.95	11.6
61.97	21.59
62	11.58
62.02	21.57
62.05	12.57
62.07	20.56
62.1	12.55
62.12	21.54
62.15	12.54
62.17	21.53
62.2	12.52
62.22	21.51
62.24	12.51
62.27	20.5
62.29	13.49
62.32	20.48
62.35	13.47
62.37	19.47
62.39	13.46
62.42	19.45
62.44	14.44
62.47	18.44
62.49	15.43
62.52	18.42
62.54	15.41
62.57	17.41
62.59	15.4
62.62	17.39
62.64	16.38
62.67	17.38
62.69	16.37
62.72	16.36
62.74	17.35
62.77	16.35
62.79	18.34
62.82	15.33
62.84	18.32
62.87	15.32
62.89	18.31
62.92	14.3
62.94	19.29
62.97	14.29
62.99	19.28
63.02	13.27
63.04	19.27
63.07	13.26
63.09	20.25
63.12	13.24
63.14	20.24
63.17	13.23
63.19	20.22
63.22	12.21
63.24	21.21
63.27	12.2
63.29	21.19
63.31	12.18
63.34	21.18
63.37	12.17
63.39	21.16
63.42	12.15
63.44	21.15
63.46	12.14
63.49	21.13
63.51	12.13
63.54	21.12
63.56	12.11
63.59	21.1
63.61	12.1
63.64	20.09
63.66	12.08
63.69	20.07
63.71	12.07
63.74	20.06
63.76	13.05
63.79	20.05
63.81	13.04
63.84	19.03
63.86	13.02
63.89	19.02
63.91	14.01
63.94	19
63.96	14
63.99	17.99
64.01	14.98
64.04	17.97
64.06	14.97
64.09	16.96
64.11	15.95
64.14	16.95
64.16	15.94
64.19	15.93
64.21	16.92
64.23	15.92
64.26	16.91
64.29	14.9
64.31	17.9
64.33	14.89
64.36	17.88
64.38	13.87
64.41	18.87
64.43	13.86
64.46	18.85
64.48	13.85
64.51	19.84
64.53	12.83
64.56	19.82
64.58	12.82
64.61	19.81
64.63	11.8
64.66	19.8
64.68	11.79
64.71	20.78
64.73	11.78
64.76	20.77
64.78	11.76
64.81	20.75
64.83	11.75
64.86	20.74
64.88	11.73
64.91	20.73
64.93	11.72
64.96	20.71
64.98	11.71
65.01	20.7
65.03	11.69
65.06	20.68
65.08	11.68
65.11	19.67
65.13	11.66
65.16	19.66
65.18	11.65
65.21	19.64
65.23	12.64
65.26	19.63
65.28	12.62
65.3	18.62
65.33	12.61
65.36	18.6
65.38	13.59
65.4	17.59
65.43	13.58
65.45	17.57
65.48	14.57
65.5	17.56
65.53	14.55
65.55	16.55
65.58	14.54
65.6	16.53
65.63	15.53
65.65	15.52
65.68	15.51
65.7	15.51
65.73	16.5
65.75	14.49
65.78	17.49
65.8	14.48
65.83	17.47
65.85	13.47
65.88	17.46
65.9	13.45
65.93	18.45
65.95	13.44
65.98	18.43
66	12.42
66.03	19.42
66.05	11.41
66.08	19.4
66.1	12.4
66.13	20.39
66.15	11.38
66.18	19.38
66.2	11.37
66.23	20.36
66.25	11.36
66.28	20.35
66.3	10.34
66.33	20.34
66.35	11.33
66.37	20.32
66.4	10.32
66.43	20.31
66.45	11.3
66.48	20.3
66.5	11.29
66.52	20.28
66.55	11.28
66.57	20.27
66.6	11.26
66.62	19.26
66.65	12.25
66.67	19.24
66.7	12.24
66.72	19.23
66.75	12.22
66.77	18.22
66.8	13.21
66.82	18.21
66.85	13.2
66.87	17.19
66.9	13.19
66.92	17.18
66.95	14.17
66.97	17.17
67	14.16
67.02	16.15
67.05	14.15
67.07	16.14
67.1	15.13
67.12	16.13
67.15	15.12
67.17	15.11
67.2	16.11
67.22	15.1
67.25	16.09
67.27	12.09
67.3	9.08
67.32	-1.92
67.35	-5.92
67.37	-23.91
67.4	-42.89
67.42	-92.86
67.44	-146.81
67.47	-208.74
67.5	-245.65
67.52	-277.55
67.55	-297.44
67.57	-324.32
67.6	-342.19
67.62	-353.06
67.64	-358.93
67.67	-363.79
67.69	-366.65
67.72	-369.51
67.75	-371.38
67.77	-373.24
67.79	-374.1
67.82	-375.95
67.85	-377.81
67.87	-378.67
67.9	-379.52
67.92	-380.38
67.94	-380.24
67.97	-381.1
68	-380.95
68.02	-380.81
68.04	-380.67
68.07	-380.53
68.1	-380.38
68.12	-381.24
68.15	-381.1
68.17	-380.96
68.2	-380.82
68.22	-380.67
68.25	-380.53
68.27	-380.39
68.29	-380.25
68.32	-380.11
68.34	-378.97
68.37	-378.83
68.4	-377.69
68.42	-377.55
68.45	-376.4
68.47	-375.26
68.5	-373.12
68.52	-370.98
68.54	-368.85
68.57	-365.71
68.59	-361.58
68.62	-357.44
68.64	-347.31
68.67	-288.2
68.7	-168.12
68.72	-81.08
68.75	-37.06
68.77	-10.06
68.79	5.94
68.82	15.94
68.84	20.93
68.87	20.92
68.89	22.91
68.92	21.9
68.94	23.89
68.97	21.88
68.99	24.87
69.02	20.87
69.04	24.86
69.07	20.85
69.09	24.84
69.12	20.83
69.14	25.82
69.17	19.81
69.19	25.8
69.22	19.8
69.24	26.79
69.27	18.78
69.29	26.77
69.32	18.76
69.34	26.75
69.37	18.74
69.39	26.73
69.42	18.73
69.44	26.72
69.47	17.71
69.49	27.7
69.52	17.69
69.54	27.68
69.57	17.67
69.59	27.66
69.62	17.66
69.64	26.65
69.67	17.64
69.69	26.63
69.71	17.62
69.74	26.61
69.77	18.6
69.79	26.6
69.82	18.59
69.84	26.58
69.86	18.57
69.89	26.56
69.91	18.55
69.94	25.54
69.96	18.54
69.99	25.53
70.01	19.52
70.04	25.51
70.06	19.5
70.09	24.49
70.11	20.48
70.14	24.48
70.16	20.47
70.19	23.46
70.21	21.45
70.24	23.44
70.26	21.43
70.29	23.42
70.31	21.42
70.34	23.41
70.36	21.4
70.39	22.39
70.41	22.38
70.44	21.37
70.46	23.37
70.49	21.36
70.51	23.35
70.54	21.34
70.56	23.33
70.59	20.32
70.61	24.31
70.64	20.31
70.66	24.3
70.69	19.29
70.71	25.28
70.74	19.27
7	
