=~=~=~=~=~=~=~=~=~=~=~= PuTTY log 2025.01.26 17:51:53 =~=~=~=~=~=~=~=~=~=~=~=
61.62   -365.97
346.31
351.67   353.28
351.69   345.26
351.72   350.23
 343.41
351.57   350.38
351.59   344.36
351.62   353.33
351.64   346.31
351.67   353.28
351.69   345.26
351.72   350.23
2.02   4.66
2.04   -4.53
2.07   3.64
2.09   -0.58
2.12   -1.40
2.14   4.47
2.16   -4.48
2.19   2.57
2.21   -1.49
2.24   -2.38
2.26   3.55
2.28   -4.43
2.31   4.54
2.33   -3.50
2.36   2.53
2.38   -0.53
2.41   -0.48
2.43   2.47
2.46   -3.48
2.48   4.49
2.50   -4.49
2.53   4.50
2.55   -4.50
2.58   4.50
2.60   -4.50
2.63   3.51
2.65   -4.50
2.68   3.52
2.70   -2.49
2.73   2.52
2.75   -1.51
2.78   1.51
2.80   -1.53
2.83   0.50
2.85   -0.53
2.88   -0.50
2.90   0.48
2.93   -1.49
2.95   1.49
2.98   -2.48
3.00   2.50
3.02   -3.48
3.05   2.50
3.08   -4.48
3.10   3.51
3.12   -4.48
3.15   4.51
3.17   -4.48
3.20   4.51
3.22   -4.49
3.25   4.51
3.27   -4.48
3.30   3.52
3.32   -4.47
3.35   3.54
3.37   -4.45
3.40   3.56
3.42   -3.45
3.45   3.56
3.47   -3.44
3.50   2.57
3.52   -3.44
3.55   2.57
3.57   -2.44
3.60   1.58
3.62   -1.44
3.65   0.58
3.67   -0.44
3.70   0.58
3.72   -0.43
3.74   -0.41
3.77   0.58
3.79   -1.40
3.82   1.59
3.84   -2.40
3.87   1.59
3.89   -2.40
3.92   2.60
3.94   -2.39
3.97   2.60
3.99   -3.39
4.02   3.61
4.04   -4.38
4.07   3.61
4.09   -4.38
4.12   4.62
4.14   -4.38
4.17   3.63
4.19   -5.37
4.22   3.64
4.24   -4.36
4.27   3.64
4.29   -4.35
4.32   3.65
4.34   -4.35
4.37   3.65
4.39   -4.35
4.42   3.66
4.44   -3.34
4.47   2.67
4.49   -3.33
4.51   2.68
4.54   -2.33
4.56   1.68
4.59   -2.32
4.61   0.69
4.64   -1.31
4.66   -0.30
4.69   -0.31
4.71   -0.29
4.74   0.70
4.76   -1.29
4.79   0.70
4.81   -2.28
4.84   0.71
4.86   -2.28
4.89   2.72
4.91   -3.27
4.94   2.73
4.96   -4.26
4.99   2.73
5.01   -4.26
5.04   3.74
5.06   -4.25
5.09   3.75
5.11   -4.25
5.14   3.75
5.16   -5.24
5.19   3.76
5.21   -5.24
5.24   4.76
5.26   -5.24
5.28   3.77
5.31   -4.23
5.34   3.77
5.36   -4.23
5.39   2.78
5.41   -3.22
5.43   2.78
5.46   -2.22
5.48   2.79
5.51   -3.22
5.53   1.79
5.56   -2.21
5.58   0.79
5.61   -1.21
5.63   0.80
5.66   -0.21
5.68   -0.20
5.71   -0.20
5.73   -1.20
5.76   0.80
5.78   -2.19
5.81   1.80
5.83   -2.19
5.86   1.81
5.88   -3.19
5.91   2.81
5.93   -3.18
5.96   2.81
5.98   -4.18
6.01   3.82
6.03   -4.18
6.05   3.82
6.08   -4.18
6.11   3.82
6.13   -5.18
6.16   3.82
6.18   -5.17
6.20   3.83
6.23   -4.17
6.25   3.83
6.28   -4.17
6.30   3.83
6.33   -4.17
6.35   3.83
6.38   -4.17
6.40   3.84
6.43   -3.17
6.45   2.84
6.48   -2.16
6.50   1.84
6.53   -2.16
6.55   1.84
6.58   -1.16
6.60   0.84
6.63   -0.16
6.65   -0.15
6.68   -0.16
6.70   -0.15
6.73   0.84
6.75   -1.15
6.78   0.85
6.80   -2.15
6.82   1.85
6.85   -3.15
6.88   2.85
6.90   -3.14
6.93   2.85
6.95   -4.14
6.97   2.86
7.00   -4.14
7.02   3.86
7.05   -4.13
7.07   3.86
7.10   -5.13
7.12   3.87
7.15   -5.13
7.17   3.87
7.20   -4.13
7.22   4.87
7.25   -4.13
7.27   3.87
7.30   -4.13
7.32   3.88
7.35   -4.12
7.37   2.88
7.40   -3.12
7.42   1.88
7.45   -3.12
7.47   1.89
7.50   -2.12
7.52   1.89
7.55   -1.11
7.57   0.89
7.59   -1.11
7.62   -0.10
7.65   -0.11
7.67   -1.10
7.69   0.90
7.72   -2.10
7.74   0.90
7.77   -2.09
7.79   1.91
7.82   -3.09
7.84   2.91
7.87   -3.08
7.89   2.91
7.92   -4.08
7.94   3.92
7.97   -4.08
7.99   3.92
8.02   -5.08
8.04   3.93
8.07   -5.07
8.09   3.93
8.12   -5.07
8.14   3.93
8.17   -5.06
8.19   3.94
8.22   -5.06
8.24   3.94
8.27   -4.06
8.29   2.95
8.31   -4.05
8.34   2.95
8.36   -3.05
8.39   1.96
8.42   -2.04
8.44   0.96
8.46   -2.04
8.49   0.97
8.51   -1.03
8.54   -0.03
8.56   -0.03
8.59   -1.02
8.61   -0.02
8.64   -2.02
8.66   0.98
8.69   -2.02
8.71   1.98
8.74   -3.01
8.76   2.99
8.79   -4.01
8.81   2.99
8.84   -4.00
8.86   3.00
8.89   -5.00
8.91   3.00
8.94   -4.99
8.96   4.01
8.98   -4.99
9.01   4.01
9.03   -4.99
9.06   4.02
9.08   -4.98
9.11   4.02
9.14   -4.98
9.16   3.03
9.18   -3.97
9.21   3.03
9.23   -3.97
9.26   3.04
9.28   -2.96
9.31   1.04
9.33   -44.89
9.36   -180.41
9.38   -283.56
9.41   -335.47
9.43   -357.29
9.46   -367.07
9.48   -370.84
9.51   -370.62
9.53   -366.40
9.56   -352.23
9.58   -230.22
9.61   -14.08
9.63   4.91
9.66   10.88
9.68   9.84
9.71   10.81
9.73   9.78
9.76   10.75
9.78   10.71
9.81   9.68
9.83   11.64
9.86   9.61
9.88   11.58
9.91   8.55
9.93   12.51
9.96   7.48
9.98   12.45
10.01   7.42
10.03   13.39
10.06   7.36
10.08   13.33
10.10   6.30
10.13   13.27
10.15   6.24
10.18   14.21
10.21   6.18
10.23   14.15
10.26   6.12
10.28   14.09
10.30   5.06
10.33   14.03
10.35   5.01
10.38   13.98
10.40   4.95
10.43   13.92
10.45   4.89
10.48   13.87
10.50   4.84
10.53   13.81
10.55   4.79
10.58   13.76
10.60   4.73
10.63   13.71
10.65   4.68
10.68   13.65
10.70   5.63
10.73   13.60
10.75   4.58
10.78   13.55
10.80   5.52
10.83   12.50
10.85   4.47
10.88   12.45
10.90   5.42
10.93   12.40
10.95   5.38
10.98   12.35
11.00   6.33
11.03   12.31
11.05   6.28
11.08   11.26
11.10   6.23
11.13   10.21
11.15   7.19
11.18   10.16
11.20   7.14
11.23   10.12
11.25   8.09
11.27   9.07
11.30   8.05
11.32   9.03
11.35   9.01
11.38   7.99
11.40   8.96
11.42   7.94
11.45   9.92
11.47   6.90
11.50   9.88
11.52   6.86
11.55   10.84
11.57   5.82
11.60   10.80
11.62   5.78
11.65   11.76
11.67   4.74
11.70   11.72
11.72   4.70
11.75   11.68
11.77   4.66
11.80   11.64
11.82   3.63
11.85   12.61
11.87   3.59
11.90   12.57
11.92   3.55
11.95   12.53
11.97   3.51
12.00   12.49
12.02   3.47
12.05   12.45
12.07   3.44
12.10   12.42
12.12   3.40
12.15   12.38
12.17   3.36
12.19   12.34
12.22   4.33
12.25   12.31
12.27   4.29
12.30   11.27
12.32   4.25
12.35   11.24
12.37   4.22
12.40   11.20
12.42   4.18
12.44   11.17
12.47   5.15
12.49   10.13
12.52   5.11
12.55   10.10
12.57   5.08
12.59   10.07
12.62   6.05
12.64   9.03
12.67   7.02
12.69   9.00
12.72   6.98
12.74   7.97
12.77   7.95
12.79   6.94
12.82   7.92
12.84   5.91
12.87   8.89
12.89   5.88
12.92   8.86
12.94   4.84
12.97   9.83
12.99   4.81
13.02   9.80
13.04   3.78
13.07   10.77
13.09   3.75
13.12   11.74
13.14   3.72
13.17   11.71
13.19   2.69
13.22   11.68
13.24   2.66
13.27   11.65
13.29   2.64
13.31   11.62
13.34   2.61
13.36   11.59
13.39   2.58
13.42   10.56
13.44   2.55
13.46   11.53
13.49   2.52
13.51   11.51
13.54   2.49
13.56   11.48
13.59   2.46
13.61   11.45
13.64   2.44
13.66   11.42
13.69   2.41
13.71   10.40
13.74   3.38
13.76   10.37
13.79   3.36
13.81   10.34
13.84   3.33
13.86   9.32
13.89   3.30
13.91   9.29
13.94   4.28
13.96   8.27
13.99   5.25
14.01   8.24
14.04   6.23
14.06   7.22
14.09   6.20
14.11   6.19
14.14   7.18
14.16   6.17
14.19   7.16
14.21   5.15
14.23   8.13
14.26   5.12
14.28   8.11
14.31   4.10
14.33   9.08
14.36   4.07
14.39   9.06
14.41   3.05
14.43   10.04
14.46   3.03
14.48   10.01
14.51   3.00
14.53   9.99
14.56   1.98
14.58   9.97
14.61   1.96
14.63   9.95
14.66   1.93
14.68   10.92
14.71   1.91
14.73   10.90
14.76   1.89
14.78   10.88
14.81   1.87
14.83   9.86
14.86   1.84
14.88   9.83
14.91   1.82
14.93   9.81
14.96   1.80
14.98   9.79
15.01   2.78
15.03   9.77
15.06   2.76
15.08   8.75
15.11   3.73
15.13   7.73
15.16   3.71
15.18   7.71
15.21   4.69
15.23   7.68
15.26   5.67
15.28   6.66
15.30   5.65
15.33   5.64
15.35   6.63
15.38   5.62
15.40   7.61
15.43   4.60
15.45   7.59
15.48   3.58
15.50   7.57
15.53   3.56
15.55   8.55
15.58   2.55
15.60   8.53
15.63   2.53
15.65   9.52
15.68   1.51
15.70   9.50
15.73   1.49
15.75   9.48
15.78   1.47
15.80   10.46
15.83   1.45
15.85   10.44
15.88   1.43
15.90   10.42
15.93   1.41
15.95   10.40
15.98   1.39
16.00   10.38
16.03   1.37
16.05   10.36
16.07   1.35
16.10   10.35
16.12   1.34
16.15   9.33
16.17   2.32
16.20   9.31
16.22   2.30
16.25   9.29
16.27   2.28
16.30   8.27
16.32   2.26
16.35   8.26
16.37   3.25
16.40   8.24
16.42   3.23
16.45   7.22
16.47   4.21
16.50   6.20
16.52   4.19
16.55   6.19
16.57   5.18
16.60   5.17
16.62   6.16
16.65   4.15
16.67   7.14
16.70   4.14
16.72   7.13
16.75   3.12
16.77   7.11
16.80   2.11
16.82   8.10
16.85   2.09
16.87   8.08
16.90   2.07
16.92   9.06
16.95   1.06
16.97   9.05
17.00   1.04
17.02   9.03
17.04   1.03
17.07   9.02
17.09   1.01
17.12   10.00
17.14   -0.01
17.17   9.99
17.19   -0.02
17.22   8.97
17.24   0.96
17.27   8.96
17.29   0.95
17.32   8.94
17.34   0.93
17.37   7.93
17.39   1.92
17.42   7.91
17.44   1.90
17.47   7.90
17.49   2.89
17.52   6.88
17.54   2.87
17.57   6.87
17.59   3.86
17.62   5.85
17.64   4.84
17.67   4.84
17.69   4.83
17.72   4.82
17.74   5.82
17.77   3.81
17.79   6.80
17.81   2.80
17.84   6.79
17.86   2.78
17.89   7.78
17.91   1.77
17.94   7.76
17.96   1.76
17.99   7.75
18.01   1.74
18.04   8.73
18.06   0.73
18.09   8.72
18.11   0.71
18.14   8.71
18.16   0.70
18.19   8.69
18.21   0.69
18.24   9.68
18.26   0.67
18.29   8.67
18.31   2.66
18.33   4.65
18.36   6.65
18.38   0.64
18.41   9.63
18.43   1.63
18.45   6.62
18.48   6.61
18.50   0.61
18.53   9.60
18.55   0.59
18.58   6.59
18.60   5.58
18.62   1.57
18.65   8.57
18.67   0.56
18.70   7.55
18.72   4.55
18.74   0.54
18.77   3.54
18.79   -2.46
18.82   9.53
18.84   5.52
18.86   6.51
18.89   9.50
18.91   2.49
18.94   9.48
18.96   -1.52
18.98   -2.52
19.01   0.48
19.03   -1.52
19.06   8.48
19.08   1.47
19.10   7.47
19.13   6.46
19.15   -54.51
19.18   -183.29
19.20   -283.91
19.22   -330.45
19.25   -351.95
19.27   -363.43
19.30   -366.91
19.32   -368.39
19.35   -362.86
19.37   -350.36
19.39   -263.90
19.42   -27.81
19.44   -0.81
19.47   9.18
19.49   1.17
19.51   12.16
19.54   8.15
19.56   9.14
19.59   14.12
19.61   6.11
19.63   14.09
19.66   6.08
19.68   8.07
19.71   10.06
19.73   6.05
19.76   15.03
19.78   7.02
19.80   12.00
19.83   10.99
19.85   6.97
19.87   12.96
19.90   2.95
19.92   9.94
19.95   6.93
19.97   6.92
20.00   12.91
20.02   4.90
20.04   13.88
20.07   7.87
20.09   7.86
20.12   10.85
20.14   3.84
20.16   12.83
20.19   5.81
20.21   10.80
20.24   11.79
20.26   6.78
20.28   13.76
20.31   4.75
20.33   10.74
20.36   7.73
20.38   4.72
20.40   11.71
20.43   3.70
20.45   12.69
20.48   7.68
20.50   7.67
20.53   12.65
20.55   3.64
20.57   12.63
20.60   5.62
20.62   8.61
20.64   10.60
20.67   4.59
20.69   13.58
20.72   5.57
20.74   10.56
20.77   8.55
20.79   4.54
20.81   11.52
20.84   2.52
20.86   12.51
20.89   4.49
20.91   11.48
20.94   8.47
20.96   7.46
20.98   11.45
21.01   4.44
21.03   12.43
21.06   4.42
21.08   11.41
21.11   7.40
21.13   8.39
21.15   11.38
21.18   4.37
21.20   12.36
21.23   3.35
21.25   11.34
21.28   5.33
21.30   8.32
21.32   10.31
21.35   5.30
21.37   12.29
21.40   4.28
21.42   12.27
21.45   5.25
21.47   9.25
21.50   8.23
21.52   5.23
21.54   12.21
21.57   4.21
21.59   13.19
21.62   4.18
21.64   10.17
21.67   7.16
21.69   6.15
21.71   11.14
21.74   3.14
21.76   12.13
21.79   4.12
21.81   12.11
21.83   7.09
21.86   8.09
21.88   11.08
21.91   4.07
21.93   12.06
21.96   4.05
21.98   12.04
22.00   6.03
22.03   9.02
22.05   10.01
22.08   5.00
22.10   11.99
22.13   2.98
22.15   11.97
22.17   4.96
22.20   8.95
22.22   8.94
22.25   5.93
22.27   11.92
22.30   3.91
22.32   11.90
22.34   4.89
22.37   9.88
22.39   7.87
22.42   5.87
22.44   11.86
22.47   3.85
22.49   12.84
22.51   4.83
22.54   9.82
22.56   6.81
22.59   5.80
22.61   10.79
22.64   3.78
22.66   11.78
22.68   3.77
22.71   11.76
22.73   6.75
22.76   7.74
22.78   9.73
22.81   3.72
22.83   11.71
22.85   2.70
22.88   10.70
22.90   5.69
22.93   7.68
22.95   9.67
22.98   3.66
23.00   11.65
23.02   2.64
23.05   10.63
23.07   4.63
23.10   8.62
23.12   9.61
23.15   4.60
23.17   11.59
23.19   2.58
23.22   11.57
23.24   3.57
23.27   8.56
23.29   7.55
23.32   4.54
23.34   11.53
23.36   3.53
23.39   11.52
23.41   3.51
23.44   9.50
23.46   7.49
23.49   5.49
23.51   10.48
23.53   2.47
23.56   11.46
23.58   3.45
23.61   10.44
23.63   6.43
23.66   6.43
23.68   10.42
23.70   3.41
23.73   11.40
23.75   3.40
23.78   10.39
23.80   5.38
23.83   7.37
23.85   9.36
23.87   3.36
23.90   11.35
23.92   2.34
23.95   11.33
23.97   4.32
24.00   8.32
24.02   8.31
24.04   4.30
24.07   11.29
24.09   2.28
24.12   11.28
24.14   4.27
24.17   8.26
24.19   8.25
24.21   5.25
24.24   11.24
24.26   3.23
24.29   11.22
24.31   3.21
24.34   9.21
24.36   7.20
24.38   5.19
24.41   10.18
24.43   3.18
24.46   12.17
24.48   3.16
24.51   9.15
24.53   6.15
24.55   6.14
24.58   10.13
24.60   3.12
24.63   12.12
24.65   3.11
24.68   11.10
24.70   6.09
24.72   7.09
24.75   9.08
24.77   3.07
24.80   11.06
24.82   2.06
24.85   11.05
24.87   5.04
24.90   7.03
24.92   6.03
24.94   4.02
24.97   11.01
24.99   4.01
25.02   13.00
25.04   4.99
25.07   10.98
25.09   6.97
25.11   3.97
25.14   5.96
25.16   0.96
25.19   8.95
25.21   1.94
25.24   11.94
25.26   3.93
25.29   9.92
25.31   6.91
25.33   4.91
25.36   8.90
25.38   1.89
25.41   10.89
25.43   2.88
25.46   10.87
25.48   6.86
25.50   7.86
25.53   9.85
25.55   2.84
25.58   9.84
25.60   0.83
25.63   9.82
25.65   1.82
25.67   8.81
25.70   6.80
25.72   5.80
25.75   10.79
25.77   2.78
25.80   10.78
25.82   1.77
25.84   8.77
25.87   5.76
25.89   5.75
25.92   9.74
25.94   2.74
25.97   11.73
25.99   2.72
26.01   8.72
26.04   3.71
26.06   5.71
26.09   6.70
26.11   2.69
26.14   10.69
26.16   2.68
26.18   10.67
26.21   3.67
26.23   7.66
26.26   6.65
26.28   3.65
26.31   9.64
26.33   1.64
26.35   10.63
26.38   3.62
26.40   9.62
26.43   6.61
26.45   4.60
26.48   9.60
26.50   0.59
26.52   9.59
26.55   1.58
26.57   9.58
26.60   5.57
26.62   5.56
26.65   8.56
26.67   2.55
26.69   10.54
26.72   1.54
26.74   9.53
26.77   3.53
26.79   6.52
26.82   8.51
26.84   2.51
26.86   10.50
26.89   1.50
26.91   9.49
26.94   2.48
26.96   6.48
26.99   6.47
27.01   3.47
27.03   9.46
27.06   2.46
27.08   10.45
27.11   2.44
27.13   8.44
27.16   5.43
27.18   4.43
27.20   9.42
27.23   1.41
27.25   10.41
27.28   2.40
27.30   8.40
27.33   5.39
27.35   4.39
27.37   8.38
27.40   1.37
27.42   10.37
27.45   1.36
27.47   9.36
27.50   4.35
27.52   5.35
27.55   8.34
27.57   2.33
27.59   10.33
27.62   1.32
27.64   9.32
27.67   3.31
27.69   6.31
27.72   7.30
27.74   2.30
27.76   10.29
27.79   1.28
27.81   9.28
27.84   3.27
27.86   7.27
27.89   6.26
27.91   3.26
27.93   10.25
27.96   1.25
27.98   10.24
28.01   2.23
28.03   7.23
28.06   6.22
28.08   3.22
28.10   9.21
28.13   1.21
28.15   10.20
28.18   2.20
28.20   8.19
28.23   5.19
28.25   4.18
28.27   9.18
28.30   1.17
28.32   10.17
28.35   2.16
28.37   8.16
28.40   5.15
28.42   5.14
28.44   9.14
28.47   2.13
28.49   10.13
28.52   1.12
28.54   9.12
28.57   4.11
28.59   5.11
28.61   8.10
28.64   2.10
28.66   10.09
28.69   1.09
28.71   9.08
28.74   3.08
28.76   6.07
28.78   8.07
28.81   2.06
28.83   10.06
28.86   1.05
28.88   10.05
28.91   3.04
28.93   6.04
28.95   6.03
28.98   3.03
29.00   9.02
29.03   1.02
29.05   10.01
29.08   2.01
29.10   7.00
29.12   6.00
29.15   2.99
29.17   8.99
29.20   0.98
29.22   9.98
29.25   1.97
29.27   7.97
29.29   5.96
29.32   2.96
29.34   8.95
29.37   0.95
29.39   9.94
29.42   1.94
29.44   7.93
29.46   4.93
29.49   3.92
29.51   8.92
29.54   0.91
29.56   9.91
29.59   0.91
29.61   7.90
29.63   -3.10
29.66   -75.06
29.68   -189.92
29.71   -279.69
29.73   -322.41
29.76   -349.11
29.78   -359.79
29.80   -366.47
29.83   -368.14
29.85   -368.82
29.88   -363.50
29.90   -353.18
29.93   -309.89
29.95   -71.78
29.98   -2.77
30.00   8.22
30.03   6.22
30.05   12.21
30.07   4.20
30.10   13.19
30.12   5.19
30.15   11.18
30.17   8.17
30.20   7.16
30.22   11.16
30.25   4.15
30.27   13.14
30.29   4.13
30.32   12.13
30.34   7.12
30.37   8.11
30.39   11.10
30.42   5.10
30.44   13.09
30.46   4.08
30.49   12.07
30.51   6.07
30.54   9.06
30.56   10.05
30.59   5.05
30.61   13.04
30.63   4.03
30.66   13.02
30.68   5.02
30.71   10.01
30.73   9.00
30.76   5.99
30.78   12.99
30.80   3.98
30.83   12.97
30.85   4.96
30.88   10.96
30.90   7.95
30.93   6.94
30.95   11.94
30.97   3.93
31.00   12.92
31.02   3.91
31.05   11.91
31.07   6.90
31.10   7.89
31.12   10.89
31.14   4.88
31.17   12.87
31.19   3.86
31.22   11.86
31.24   5.85
31.27   8.84
31.29   9.84
31.31   4.83
31.34   12.82
31.36   3.81
31.39   12.81
31.41   4.80
31.44   9.79
31.46   9.79
31.48   5.78
31.51   11.77
31.53   3.77
31.56   12.76
31.58   4.75
31.61   10.75
31.63   8.74
31.65   6.73
31.68   11.72
31.70   3.72
31.73   12.71
31.75   3.70
31.78   10.70
31.80   7.69
31.82   7.68
31.85   11.68
31.87   4.67
31.90   12.66
31.92   3.66
31.95   11.65
31.97   6.64
32.00   7.64
32.02   10.63
32.04   4.62
32.07   12.62
32.09   3.61
32.12   11.60
32.14   5.60
32.17   8.59
32.19   9.58
32.21   4.58
32.24   12.57
32.26   3.56
32.29   12.56
32.31   5.55
32.34   9.55
32.36   8.54
32.38   4.53
32.41   11.53
32.43   3.52
32.46   12.51
32.48   4.51
32.51   10.50
32.53   7.49
32.56   6.49
32.58   11.48
32.60   3.48
32.63   12.47
32.65   4.46
32.68   10.46
32.70   6.45
32.72   7.44
32.75   10.44
32.77   4.43
32.80   12.42
32.82   3.42
32.85   11.41
32.87   5.41
32.89   7.40
32.92   9.39
32.94   4.39
32.97   12.38
32.99   3.37
33.02   12.37
33.04   4.36
33.06   9.36
33.09   9.35
33.11   5.34
33.14   12.34
33.16   3.33
33.19   12.33
33.21   4.32
33.23   10.31
33.26   7.31
33.28   5.30
33.31   11.29
33.33   3.29
33.36   12.28
33.38   3.28
33.40   10.27
33.43   6.26
33.45   7.26
33.48   10.25
33.50   3.25
33.53   12.24
33.55   3.23
33.57   11.23
33.60   5.22
33.62   8.22
33.65   9.21
33.67   4.21
33.70   12.20
33.72   3.19
33.75   11.19
33.77   4.18
33.79   8.18
33.82   9.17
33.84   4.16
33.87   11.16
33.89   3.15
33.92   12.15
33.94   4.14
33.96   9.14
33.99   8.13
34.01   5.12
34.04   11.12
34.06   3.11
34.09   11.11
34.11   4.10
34.13   10.10
34.16   6.09
34.18   7.08
34.21   9.08
34.23   6.07
34.26   9.07
34.28   5.06
34.31   10.06
34.33   5.05
34.36   10.04
34.38   4.04
34.41   11.03
34.43   3.03
34.46   11.02
34.48   3.02
34.51   12.01
34.53   3.01
34.56   11.00
34.58   2.99
34.61   10.99
34.63   2.98
34.65   11.98
34.68   2.97
34.70   11.97
34.73   2.96
34.75   11.96
34.78   2.95
34.80   10.94
34.83   2.94
34.85   10.93
34.88   3.93
34.90   10.92
34.93   3.92
34.95   9.91
34.98   4.91
35.00   9.90
35.03   4.89
35.05   8.89
35.08   5.88
35.10   7.88
35.13   6.87
35.15   6.87
35.18   7.86
35.20   5.86
35.23   8.85
35.25   4.85
35.28   8.84
35.30   3.84
35.33   9.83
35.35   3.83
35.38   9.82
35.40   2.82
35.43   10.81
35.45   2.81
35.47   10.80
35.50   2.79
35.52   11.79
35.55   2.78
35.57   11.78
35.60   2.77
35.62   11.77
35.65   2.76
35.67   11.76
35.70   2.75
35.72   11.75
35.75   2.74
35.77   10.74
35.80   2.73
35.82   10.73
35.85   3.72
35.87   10.72
35.90   3.71
35.92   9.71
35.95   4.70
35.97   9.70
36.00   5.69
36.02   8.69
36.04   5.68
36.07   7.68
36.10   6.67
36.12   6.67
36.15   7.66
36.17   5.66
36.20   8.65
36.22   5.65
36.25   8.64
36.27   4.64
36.29   9.63
36.32   3.63
36.34   10.62
36.37   3.62
36.39   10.61
36.42   2.61
36.44   10.60
36.47   2.60
36.49   11.59
36.52   2.59
36.54   11.58
36.57   2.58
36.59   10.57
36.62   2.57
36.64   11.56
36.67   2.56
36.69   10.55
36.72   2.55
36.74   10.54
36.77   2.54
36.79   10.53
36.82   2.53
36.84   10.52
36.87   3.52
36.89   10.51
36.92   3.51
36.94   9.50
36.97   4.50
36.99   9.49
37.02   5.49
37.04   8.48
37.06   5.48
37.09   7.47
37.11   6.47
37.14   6.46
37.16   7.46
37.19   5.45
37.21   7.45
37.24   4.44
37.26   8.44
37.29   4.43
37.31   9.43
37.34   3.43
37.36   10.42
37.39   3.42
37.41   10.41
37.44   2.41
37.46   10.40
37.49   2.40
37.51   11.39
37.54   2.39
37.56   11.38
37.59   2.38
37.61   11.37
37.64   2.37
37.66   11.36
37.69   2.36
37.71   11.35
37.74   2.35
37.76   11.34
37.79   2.34
37.81   10.34
37.84   2.33
37.86   10.33
37.88   3.32
37.91   10.32
37.94   3.31
37.96   9.31
37.98   4.30
38.01   9.30
38.03   5.29
38.06   8.29
38.08   5.28
38.11   7.28
38.13   6.28
38.16   6.27
38.18   7.27
38.21   5.26
38.23   8.26
38.26   4.25
38.28   8.25
38.31   4.25
38.33   9.24
38.36   3.24
38.38   10.23
38.41   3.23
38.43   10.22
38.46   2.22
38.48   10.21
38.51   2.21
38.53   10.21
38.56   1.20
38.58   11.20
38.61   2.19
38.63   11.19
38.65   2.18
38.68   10.18
38.71   2.17
38.73   11.17
38.75   2.17
38.78   10.16
38.80   2.16
38.83   10.15
38.85   3.15
38.88   10.14
38.90   3.14
38.93   9.14
38.95   4.13
38.98   9.13
39.00   4.12
39.03   8.12
39.05   5.11
39.08   8.11
39.10   6.10
39.13   7.10
39.15   7.10
39.18   6.09
39.20   7.09
39.23   5.08
39.25   8.08
39.28   4.07
39.30   9.07
39.33   3.06
39.35   9.05
39.38   3.05
39.40   9.04
39.43   2.03
39.45   10.03
39.47   2.02
39.50   11.01
39.52   2.01
39.55   11.00
39.57   2.00
39.60   10.99
39.62   1.98
39.65   10.98
39.67   1.97
39.70   10.96
39.72   1.96
39.75   10.95
39.77   1.94
39.80   9.94
39.82   2.93
39.85   9.92
39.87   2.92
39.90   8.91
39.92   3.91
39.95   8.90
39.97   4.89
40.00   7.89
40.02   5.88
40.05   6.87
40.07   5.87
40.10   5.86
40.12   6.85
40.15   4.85
40.17   7.84
40.20   4.84
40.22   8.83
40.25   3.82
40.27   8.82
40.29   2.81
40.32   8.81
40.34   2.80
40.37   9.79
40.39   1.79
40.42   9.78
40.44   1.77
40.47   10.77
40.49   1.76
40.52   10.76
40.54   1.75
40.57   10.74
40.59   1.74
40.62   9.73
40.64   1.73
40.67   9.72
40.69   1.71
40.72   9.71
40.74   2.70
40.77   9.70
40.79   2.69
40.82   8.68
40.84   3.68
40.87   8.67
40.89   3.67
40.92   7.66
40.94   4.65
40.97   6.65
40.99   5.64
41.02   5.64
41.04   6.63
41.06   4.63
41.09   6.62
41.11   3.61
41.14   -17.38
41.16   -125.33
41.19   -228.20
41.21   -301.02
41.24   -334.82
41.26   -354.60
41.29   -362.38
41.31   -367.14
41.34   -366.91
41.36   -366.68
41.39   -357.46
41.41   -342.24
41.44   -140.10
41.46   -20.07
41.49   6.92
41.51   3.92
41.54   10.91
41.56   4.90
41.59   11.90
41.61   4.89
41.64   12.88
41.66   4.87
41.69   11.87
41.71   3.86
41.74   12.85
41.76   3.85
41.79   12.84
41.81   3.83
41.84   12.82
41.86   3.82
41.88   12.81
41.91   3.80
41.94   11.80
41.96   3.79
41.99   12.78
42.01   4.77
42.04   11.77
42.06   4.76
42.09   10.75
42.11   4.74
42.13   10.74
42.16   5.73
42.18   10.72
42.21   6.72
42.23   9.71
42.26   6.70
42.28   8.70
42.31   7.69
42.33   7.68
42.36   8.67
42.38   7.67
42.41   9.66
42.43   6.65
42.46   9.65
42.48   5.64
42.51   10.63
42.53   4.63
42.56   10.62
42.58   4.61
42.61   11.60
42.63   3.60
42.66   11.59
42.68   3.58
42.71   12.58
42.73   3.57
42.76   11.56
42.78   3.56
42.81   12.55
42.83   2.54
42.86   12.54
42.88   3.53
42.90   12.52
42.93   3.52
42.95   11.51
42.98   3.50
43.00   11.50
43.03   3.49
43.05   11.48
43.08   3.48
43.10   11.47
43.13   4.46
43.15   10.46
43.18   5.45
43.20   10.44
43.23   5.44
43.25   9.43
43.28   5.43
43.30   9.42
43.33   7.41
43.35   8.41
4